[0.008s] Invoking command in '/home/weimar/kinet/kinet_ws/build/kinect_ros2': CMAKE_PREFIX_PATH=${CMAKE_PREFIX_PATH}:/home/weimar/kinet/ros2kine_ws/install/kinect_publisher:/opt/ros/humble PS1=(myenv) \[\e]0;\u@\h: \w\a\]${debian_chroot:+($debian_chroot)}\[\033[01;32m\]\u@\h\[\033[00m\]:\[\033[01;34m\]\w\[\033[00m\]\$ VIRTUAL_ENV_PROMPT=(myenv) /usr/bin/cmake --build /home/weimar/kinet/kinet_ws/build/kinect_ros2 -- -j16 -l16
[0.052s] [ 50%] Built target kinect_ros2_component
[0.073s] [100%] Built target kinect_ros2_node
[0.082s] Invoked command in '/home/weimar/kinet/kinet_ws/build/kinect_ros2' returned '0': CMAKE_PREFIX_PATH=${CMAKE_PREFIX_PATH}:/home/weimar/kinet/ros2kine_ws/install/kinect_publisher:/opt/ros/humble PS1=(myenv) \[\e]0;\u@\h: \w\a\]${debian_chroot:+($debian_chroot)}\[\033[01;32m\]\u@\h\[\033[00m\]:\[\033[01;34m\]\w\[\033[00m\]\$ VIRTUAL_ENV_PROMPT=(myenv) /usr/bin/cmake --build /home/weimar/kinet/kinet_ws/build/kinect_ros2 -- -j16 -l16
[0.090s] Invoking command in '/home/weimar/kinet/kinet_ws/build/kinect_ros2': CMAKE_PREFIX_PATH=${CMAKE_PREFIX_PATH}:/home/weimar/kinet/ros2kine_ws/install/kinect_publisher:/opt/ros/humble PS1=(myenv) \[\e]0;\u@\h: \w\a\]${debian_chroot:+($debian_chroot)}\[\033[01;32m\]\u@\h\[\033[00m\]:\[\033[01;34m\]\w\[\033[00m\]\$ VIRTUAL_ENV_PROMPT=(myenv) /usr/bin/cmake --install /home/weimar/kinet/kinet_ws/build/kinect_ros2
[0.095s] -- Install configuration: ""
[0.096s] -- Up-to-date: /home/weimar/kinet/kinet_ws/install/kinect_ros2/lib/libkinect_ros2_component.so
[0.097s] -- Up-to-date: /home/weimar/kinet/kinet_ws/install/kinect_ros2/lib/kinect_ros2/kinect_ros2_node
[0.097s] -- Up-to-date: /home/weimar/kinet/kinet_ws/install/kinect_ros2/share/kinect_ros2/cfg
[0.097s] -- Up-to-date: /home/weimar/kinet/kinet_ws/install/kinect_ros2/share/kinect_ros2/cfg/calibration_rgb.yaml
[0.097s] -- Up-to-date: /home/weimar/kinet/kinet_ws/install/kinect_ros2/share/kinect_ros2/cfg/calibration_depth.yaml
[0.097s] -- Up-to-date: /home/weimar/kinet/kinet_ws/install/kinect_ros2/share/kinect_ros2/launch
[0.097s] -- Up-to-date: /home/weimar/kinet/kinet_ws/install/kinect_ros2/share/kinect_ros2/launch/pointcloud.launch.py
[0.097s] -- Up-to-date: /home/weimar/kinet/kinet_ws/install/kinect_ros2/share/kinect_ros2/launch/showimage.launch.py
[0.097s] -- Up-to-date: /home/weimar/kinet/kinet_ws/install/kinect_ros2/share/kinect_ros2/rviz
[0.097s] -- Installing: /home/weimar/kinet/kinet_ws/install/kinect_ros2/share/kinect_ros2/rviz/pointcloud.rviz
[0.097s] -- Up-to-date: /home/weimar/kinet/kinet_ws/install/kinect_ros2/share/ament_index/resource_index/package_run_dependencies/kinect_ros2
[0.098s] -- Up-to-date: /home/weimar/kinet/kinet_ws/install/kinect_ros2/share/ament_index/resource_index/parent_prefix_path/kinect_ros2
[0.098s] -- Up-to-date: /home/weimar/kinet/kinet_ws/install/kinect_ros2/share/kinect_ros2/environment/ament_prefix_path.sh
[0.098s] -- Up-to-date: /home/weimar/kinet/kinet_ws/install/kinect_ros2/share/kinect_ros2/environment/ament_prefix_path.dsv
[0.098s] -- Up-to-date: /home/weimar/kinet/kinet_ws/install/kinect_ros2/share/kinect_ros2/environment/path.sh
[0.098s] -- Up-to-date: /home/weimar/kinet/kinet_ws/install/kinect_ros2/share/kinect_ros2/environment/path.dsv
[0.098s] -- Up-to-date: /home/weimar/kinet/kinet_ws/install/kinect_ros2/share/kinect_ros2/local_setup.bash
[0.098s] -- Up-to-date: /home/weimar/kinet/kinet_ws/install/kinect_ros2/share/kinect_ros2/local_setup.sh
[0.098s] -- Up-to-date: /home/weimar/kinet/kinet_ws/install/kinect_ros2/share/kinect_ros2/local_setup.zsh
[0.098s] -- Up-to-date: /home/weimar/kinet/kinet_ws/install/kinect_ros2/share/kinect_ros2/local_setup.dsv
[0.098s] -- Installing: /home/weimar/kinet/kinet_ws/install/kinect_ros2/share/kinect_ros2/package.dsv
[0.098s] -- Up-to-date: /home/weimar/kinet/kinet_ws/install/kinect_ros2/share/ament_index/resource_index/packages/kinect_ros2
[0.098s] -- Up-to-date: /home/weimar/kinet/kinet_ws/install/kinect_ros2/share/ament_index/resource_index/rclcpp_components/kinect_ros2
[0.098s] -- Up-to-date: /home/weimar/kinet/kinet_ws/install/kinect_ros2/share/kinect_ros2/cmake/kinect_ros2Config.cmake
[0.098s] -- Up-to-date: /home/weimar/kinet/kinet_ws/install/kinect_ros2/share/kinect_ros2/cmake/kinect_ros2Config-version.cmake
[0.098s] -- Up-to-date: /home/weimar/kinet/kinet_ws/install/kinect_ros2/share/kinect_ros2/package.xml
[0.100s] Invoked command in '/home/weimar/kinet/kinet_ws/build/kinect_ros2' returned '0': CMAKE_PREFIX_PATH=${CMAKE_PREFIX_PATH}:/home/weimar/kinet/ros2kine_ws/install/kinect_publisher:/opt/ros/humble PS1=(myenv) \[\e]0;\u@\h: \w\a\]${debian_chroot:+($debian_chroot)}\[\033[01;32m\]\u@\h\[\033[00m\]:\[\033[01;34m\]\w\[\033[00m\]\$ VIRTUAL_ENV_PROMPT=(myenv) /usr/bin/cmake --install /home/weimar/kinet/kinet_ws/build/kinect_ros2
