[0.075s] DEBUG:colcon:Command line arguments: ['/usr/bin/colcon', 'build']
[0.075s] DEBUG:colcon:Parsed command line arguments: Namespace(log_base=None, log_level=None, verb_name='build', build_base='build', install_base='install', merge_install=False, symlink_install=False, test_result_base=None, continue_on_error=False, executor='parallel', parallel_workers=16, event_handlers=None, ignore_user_meta=False, metas=['./colcon.meta'], base_paths=['.'], packages_ignore=None, packages_ignore_regex=None, paths=None, packages_up_to=None, packages_up_to_regex=None, packages_above=None, packages_above_and_dependencies=None, packages_above_depth=None, packages_select_by_dep=None, packages_skip_by_dep=None, packages_skip_up_to=None, packages_select_build_failed=False, packages_skip_build_finished=False, packages_select_test_failures=False, packages_skip_test_passed=False, packages_select=None, packages_skip=None, packages_select_regex=None, packages_skip_regex=None, packages_start=None, packages_end=None, allow_overriding=[], cmake_args=None, cmake_target=None, cmake_target_skip_unavailable=False, cmake_clean_cache=False, cmake_clean_first=False, cmake_force_configure=False, ament_cmake_args=None, catkin_cmake_args=None, catkin_skip_building_tests=False, mixin_files=None, mixin=None, verb_parser=<colcon_mixin.mixin.mixin_argument.MixinArgumentDecorator object at 0x7958525a03a0>, verb_extension=<colcon_core.verb.build.BuildVerb object at 0x7958526ad330>, main=<bound method BuildVerb.main of <colcon_core.verb.build.BuildVerb object at 0x7958526ad330>>, mixin_verb=('build',))
[0.289s] Level 1:colcon.colcon_core.package_discovery:discover_packages(colcon_meta) check parameters
[0.289s] Level 1:colcon.colcon_core.package_discovery:discover_packages(recursive) check parameters
[0.289s] Level 1:colcon.colcon_core.package_discovery:discover_packages(ignore) check parameters
[0.289s] Level 1:colcon.colcon_core.package_discovery:discover_packages(path) check parameters
[0.289s] Level 1:colcon.colcon_core.package_discovery:discover_packages(colcon_meta) discover
[0.289s] Level 1:colcon.colcon_core.package_discovery:discover_packages(recursive) discover
[0.289s] INFO:colcon.colcon_core.package_discovery:Crawling recursively for packages in '/home/weimar/kinet/kinet_ws'
[0.289s] Level 1:colcon.colcon_core.package_identification:_identify(.) by extensions ['ignore', 'ignore_ament_install']
[0.289s] Level 1:colcon.colcon_core.package_identification:_identify(.) by extension 'ignore'
[0.289s] Level 1:colcon.colcon_core.package_identification:_identify(.) by extension 'ignore_ament_install'
[0.289s] Level 1:colcon.colcon_core.package_identification:_identify(.) by extensions ['colcon_pkg']
[0.289s] Level 1:colcon.colcon_core.package_identification:_identify(.) by extension 'colcon_pkg'
[0.289s] Level 1:colcon.colcon_core.package_identification:_identify(.) by extensions ['colcon_meta']
[0.289s] Level 1:colcon.colcon_core.package_identification:_identify(.) by extension 'colcon_meta'
[0.289s] Level 1:colcon.colcon_core.package_identification:_identify(.) by extensions ['ros']
[0.289s] Level 1:colcon.colcon_core.package_identification:_identify(.) by extension 'ros'
[0.302s] Level 1:colcon.colcon_core.package_identification:_identify(.) by extensions ['cmake', 'python']
[0.302s] Level 1:colcon.colcon_core.package_identification:_identify(.) by extension 'cmake'
[0.302s] Level 1:colcon.colcon_core.package_identification:_identify(.) by extension 'python'
[0.302s] Level 1:colcon.colcon_core.package_identification:_identify(.) by extensions ['python_setup_py']
[0.302s] Level 1:colcon.colcon_core.package_identification:_identify(.) by extension 'python_setup_py'
[0.303s] Level 1:colcon.colcon_core.package_identification:_identify(build) by extensions ['ignore', 'ignore_ament_install']
[0.303s] Level 1:colcon.colcon_core.package_identification:_identify(build) by extension 'ignore'
[0.303s] Level 1:colcon.colcon_core.package_identification:_identify(build) ignored
[0.303s] Level 1:colcon.colcon_core.package_identification:_identify(install) by extensions ['ignore', 'ignore_ament_install']
[0.303s] Level 1:colcon.colcon_core.package_identification:_identify(install) by extension 'ignore'
[0.303s] Level 1:colcon.colcon_core.package_identification:_identify(install) ignored
[0.303s] Level 1:colcon.colcon_core.package_identification:_identify(log) by extensions ['ignore', 'ignore_ament_install']
[0.303s] Level 1:colcon.colcon_core.package_identification:_identify(log) by extension 'ignore'
[0.303s] Level 1:colcon.colcon_core.package_identification:_identify(log) ignored
[0.303s] Level 1:colcon.colcon_core.package_identification:_identify(src) by extensions ['ignore', 'ignore_ament_install']
[0.303s] Level 1:colcon.colcon_core.package_identification:_identify(src) by extension 'ignore'
[0.303s] Level 1:colcon.colcon_core.package_identification:_identify(src) by extension 'ignore_ament_install'
[0.303s] Level 1:colcon.colcon_core.package_identification:_identify(src) by extensions ['colcon_pkg']
[0.303s] Level 1:colcon.colcon_core.package_identification:_identify(src) by extension 'colcon_pkg'
[0.303s] Level 1:colcon.colcon_core.package_identification:_identify(src) by extensions ['colcon_meta']
[0.303s] Level 1:colcon.colcon_core.package_identification:_identify(src) by extension 'colcon_meta'
[0.303s] Level 1:colcon.colcon_core.package_identification:_identify(src) by extensions ['ros']
[0.303s] Level 1:colcon.colcon_core.package_identification:_identify(src) by extension 'ros'
[0.303s] Level 1:colcon.colcon_core.package_identification:_identify(src) by extensions ['cmake', 'python']
[0.303s] Level 1:colcon.colcon_core.package_identification:_identify(src) by extension 'cmake'
[0.303s] Level 1:colcon.colcon_core.package_identification:_identify(src) by extension 'python'
[0.303s] Level 1:colcon.colcon_core.package_identification:_identify(src) by extensions ['python_setup_py']
[0.303s] Level 1:colcon.colcon_core.package_identification:_identify(src) by extension 'python_setup_py'
[0.303s] Level 1:colcon.colcon_core.package_identification:_identify(src/cloud_decomp) by extensions ['ignore', 'ignore_ament_install']
[0.303s] Level 1:colcon.colcon_core.package_identification:_identify(src/cloud_decomp) by extension 'ignore'
[0.303s] Level 1:colcon.colcon_core.package_identification:_identify(src/cloud_decomp) by extension 'ignore_ament_install'
[0.304s] Level 1:colcon.colcon_core.package_identification:_identify(src/cloud_decomp) by extensions ['colcon_pkg']
[0.304s] Level 1:colcon.colcon_core.package_identification:_identify(src/cloud_decomp) by extension 'colcon_pkg'
[0.304s] Level 1:colcon.colcon_core.package_identification:_identify(src/cloud_decomp) by extensions ['colcon_meta']
[0.304s] Level 1:colcon.colcon_core.package_identification:_identify(src/cloud_decomp) by extension 'colcon_meta'
[0.304s] Level 1:colcon.colcon_core.package_identification:_identify(src/cloud_decomp) by extensions ['ros']
[0.304s] Level 1:colcon.colcon_core.package_identification:_identify(src/cloud_decomp) by extension 'ros'
[0.305s] DEBUG:colcon.colcon_core.package_identification:Package 'src/cloud_decomp' with type 'ros.ament_python' and name 'cloud_decomp'
[0.305s] Level 1:colcon.colcon_core.package_identification:_identify(src/kinect_ros2) by extensions ['ignore', 'ignore_ament_install']
[0.305s] Level 1:colcon.colcon_core.package_identification:_identify(src/kinect_ros2) by extension 'ignore'
[0.305s] Level 1:colcon.colcon_core.package_identification:_identify(src/kinect_ros2) by extension 'ignore_ament_install'
[0.305s] Level 1:colcon.colcon_core.package_identification:_identify(src/kinect_ros2) by extensions ['colcon_pkg']
[0.305s] Level 1:colcon.colcon_core.package_identification:_identify(src/kinect_ros2) by extension 'colcon_pkg'
[0.305s] Level 1:colcon.colcon_core.package_identification:_identify(src/kinect_ros2) by extensions ['colcon_meta']
[0.305s] Level 1:colcon.colcon_core.package_identification:_identify(src/kinect_ros2) by extension 'colcon_meta'
[0.305s] Level 1:colcon.colcon_core.package_identification:_identify(src/kinect_ros2) by extensions ['ros']
[0.305s] Level 1:colcon.colcon_core.package_identification:_identify(src/kinect_ros2) by extension 'ros'
[0.306s] DEBUG:colcon.colcon_core.package_identification:Package 'src/kinect_ros2' with type 'ros.ament_cmake' and name 'kinect_ros2'
[0.306s] Level 1:colcon.colcon_core.package_discovery:discover_packages(recursive) using defaults
[0.306s] Level 1:colcon.colcon_core.package_discovery:discover_packages(ignore) discover
[0.306s] Level 1:colcon.colcon_core.package_discovery:discover_packages(ignore) using defaults
[0.306s] Level 1:colcon.colcon_core.package_discovery:discover_packages(path) discover
[0.306s] Level 1:colcon.colcon_core.package_discovery:discover_packages(path) using defaults
[0.320s] Level 1:colcon.colcon_core.package_discovery:discover_packages(prefix_path) check parameters
[0.320s] Level 1:colcon.colcon_core.package_discovery:discover_packages(prefix_path) discover
[0.322s] DEBUG:colcon.colcon_installed_package_information.package_discovery:Found 442 installed packages in /opt/ros/humble
[0.323s] Level 1:colcon.colcon_core.package_discovery:discover_packages(prefix_path) using defaults
[0.356s] Level 5:colcon.colcon_core.verb:set package 'cloud_decomp' build argument 'cmake_args' from command line to 'None'
[0.356s] Level 5:colcon.colcon_core.verb:set package 'cloud_decomp' build argument 'cmake_target' from command line to 'None'
[0.356s] Level 5:colcon.colcon_core.verb:set package 'cloud_decomp' build argument 'cmake_target_skip_unavailable' from command line to 'False'
[0.356s] Level 5:colcon.colcon_core.verb:set package 'cloud_decomp' build argument 'cmake_clean_cache' from command line to 'False'
[0.356s] Level 5:colcon.colcon_core.verb:set package 'cloud_decomp' build argument 'cmake_clean_first' from command line to 'False'
[0.356s] Level 5:colcon.colcon_core.verb:set package 'cloud_decomp' build argument 'cmake_force_configure' from command line to 'False'
[0.356s] Level 5:colcon.colcon_core.verb:set package 'cloud_decomp' build argument 'ament_cmake_args' from command line to 'None'
[0.356s] Level 5:colcon.colcon_core.verb:set package 'cloud_decomp' build argument 'catkin_cmake_args' from command line to 'None'
[0.357s] Level 5:colcon.colcon_core.verb:set package 'cloud_decomp' build argument 'catkin_skip_building_tests' from command line to 'False'
[0.357s] DEBUG:colcon.colcon_core.verb:Building package 'cloud_decomp' with the following arguments: {'ament_cmake_args': None, 'build_base': '/home/weimar/kinet/kinet_ws/build/cloud_decomp', 'catkin_cmake_args': None, 'catkin_skip_building_tests': False, 'cmake_args': None, 'cmake_clean_cache': False, 'cmake_clean_first': False, 'cmake_force_configure': False, 'cmake_target': None, 'cmake_target_skip_unavailable': False, 'install_base': '/home/weimar/kinet/kinet_ws/install/cloud_decomp', 'merge_install': False, 'path': '/home/weimar/kinet/kinet_ws/src/cloud_decomp', 'symlink_install': False, 'test_result_base': None}
[0.357s] Level 5:colcon.colcon_core.verb:set package 'kinect_ros2' build argument 'cmake_args' from command line to 'None'
[0.357s] Level 5:colcon.colcon_core.verb:set package 'kinect_ros2' build argument 'cmake_target' from command line to 'None'
[0.357s] Level 5:colcon.colcon_core.verb:set package 'kinect_ros2' build argument 'cmake_target_skip_unavailable' from command line to 'False'
[0.357s] Level 5:colcon.colcon_core.verb:set package 'kinect_ros2' build argument 'cmake_clean_cache' from command line to 'False'
[0.357s] Level 5:colcon.colcon_core.verb:set package 'kinect_ros2' build argument 'cmake_clean_first' from command line to 'False'
[0.357s] Level 5:colcon.colcon_core.verb:set package 'kinect_ros2' build argument 'cmake_force_configure' from command line to 'False'
[0.357s] Level 5:colcon.colcon_core.verb:set package 'kinect_ros2' build argument 'ament_cmake_args' from command line to 'None'
[0.357s] Level 5:colcon.colcon_core.verb:set package 'kinect_ros2' build argument 'catkin_cmake_args' from command line to 'None'
[0.357s] Level 5:colcon.colcon_core.verb:set package 'kinect_ros2' build argument 'catkin_skip_building_tests' from command line to 'False'
[0.357s] DEBUG:colcon.colcon_core.verb:Building package 'kinect_ros2' with the following arguments: {'ament_cmake_args': None, 'build_base': '/home/weimar/kinet/kinet_ws/build/kinect_ros2', 'catkin_cmake_args': None, 'catkin_skip_building_tests': False, 'cmake_args': None, 'cmake_clean_cache': False, 'cmake_clean_first': False, 'cmake_force_configure': False, 'cmake_target': None, 'cmake_target_skip_unavailable': False, 'install_base': '/home/weimar/kinet/kinet_ws/install/kinect_ros2', 'merge_install': False, 'path': '/home/weimar/kinet/kinet_ws/src/kinect_ros2', 'symlink_install': False, 'test_result_base': None}
[0.357s] INFO:colcon.colcon_core.executor:Executing jobs using 'parallel' executor
[0.358s] DEBUG:colcon.colcon_parallel_executor.executor.parallel:run_until_complete
[0.358s] INFO:colcon.colcon_ros.task.ament_python.build:Building ROS package in '/home/weimar/kinet/kinet_ws/src/cloud_decomp' with build type 'ament_python'
[0.358s] Level 1:colcon.colcon_core.shell:create_environment_hook('cloud_decomp', 'ament_prefix_path')
[0.360s] INFO:colcon.colcon_core.plugin_system:Skipping extension 'colcon_core.shell.bat': Not used on non-Windows systems
[0.360s] INFO:colcon.colcon_core.shell:Creating environment hook '/home/weimar/kinet/kinet_ws/install/cloud_decomp/share/cloud_decomp/hook/ament_prefix_path.ps1'
[0.361s] INFO:colcon.colcon_core.shell:Creating environment descriptor '/home/weimar/kinet/kinet_ws/install/cloud_decomp/share/cloud_decomp/hook/ament_prefix_path.dsv'
[0.361s] INFO:colcon.colcon_core.shell:Creating environment hook '/home/weimar/kinet/kinet_ws/install/cloud_decomp/share/cloud_decomp/hook/ament_prefix_path.sh'
[0.362s] INFO:colcon.colcon_core.shell:Skip shell extension 'powershell' for command environment: Not usable outside of PowerShell
[0.362s] DEBUG:colcon.colcon_core.shell:Skip shell extension 'dsv' for command environment
[0.364s] INFO:colcon.colcon_ros.task.ament_cmake.build:Building ROS package in '/home/weimar/kinet/kinet_ws/src/kinect_ros2' with build type 'ament_cmake'
[0.365s] INFO:colcon.colcon_cmake.task.cmake.build:Building CMake package in '/home/weimar/kinet/kinet_ws/src/kinect_ros2'
[0.365s] INFO:colcon.colcon_core.shell:Skip shell extension 'powershell' for command environment: Not usable outside of PowerShell
[0.365s] DEBUG:colcon.colcon_core.shell:Skip shell extension 'dsv' for command environment
[0.581s] INFO:colcon.colcon_core.task.python.build:Building Python package in '/home/weimar/kinet/kinet_ws/src/cloud_decomp'
[0.581s] INFO:colcon.colcon_core.shell:Skip shell extension 'powershell' for command environment: Not usable outside of PowerShell
[0.581s] DEBUG:colcon.colcon_core.shell:Skip shell extension 'dsv' for command environment
[0.588s] DEBUG:colcon.colcon_core.event_handler.log_command:Invoking command in '/home/weimar/kinet/kinet_ws/build/kinect_ros2': CMAKE_PREFIX_PATH=/opt/ros/humble /usr/bin/cmake --build /home/weimar/kinet/kinet_ws/build/kinect_ros2 -- -j16 -l16
[0.667s] DEBUG:colcon.colcon_core.event_handler.log_command:Invoked command in '/home/weimar/kinet/kinet_ws/build/kinect_ros2' returned '0': CMAKE_PREFIX_PATH=/opt/ros/humble /usr/bin/cmake --build /home/weimar/kinet/kinet_ws/build/kinect_ros2 -- -j16 -l16
[0.674s] DEBUG:colcon.colcon_core.event_handler.log_command:Invoking command in '/home/weimar/kinet/kinet_ws/build/kinect_ros2': CMAKE_PREFIX_PATH=/opt/ros/humble /usr/bin/cmake --install /home/weimar/kinet/kinet_ws/build/kinect_ros2
[0.682s] Level 1:colcon.colcon_core.environment:create_environment_scripts_only(kinect_ros2)
[0.682s] DEBUG:colcon.colcon_core.event_handler.log_command:Invoked command in '/home/weimar/kinet/kinet_ws/build/kinect_ros2' returned '0': CMAKE_PREFIX_PATH=/opt/ros/humble /usr/bin/cmake --install /home/weimar/kinet/kinet_ws/build/kinect_ros2
[0.684s] Level 1:colcon.colcon_core.environment:checking '/home/weimar/kinet/kinet_ws/install/kinect_ros2' for CMake module files
[0.685s] Level 1:colcon.colcon_core.environment:checking '/home/weimar/kinet/kinet_ws/install/kinect_ros2' for CMake config files
[0.685s] Level 1:colcon.colcon_core.shell:create_environment_hook('kinect_ros2', 'cmake_prefix_path')
[0.685s] INFO:colcon.colcon_core.shell:Creating environment hook '/home/weimar/kinet/kinet_ws/install/kinect_ros2/share/kinect_ros2/hook/cmake_prefix_path.ps1'
[0.686s] INFO:colcon.colcon_core.shell:Creating environment descriptor '/home/weimar/kinet/kinet_ws/install/kinect_ros2/share/kinect_ros2/hook/cmake_prefix_path.dsv'
[0.687s] INFO:colcon.colcon_core.shell:Creating environment hook '/home/weimar/kinet/kinet_ws/install/kinect_ros2/share/kinect_ros2/hook/cmake_prefix_path.sh'
[0.687s] Level 1:colcon.colcon_core.environment:checking '/home/weimar/kinet/kinet_ws/install/kinect_ros2/lib'
[0.687s] Level 1:colcon.colcon_core.shell:create_environment_hook('kinect_ros2', 'ld_library_path_lib')
[0.687s] INFO:colcon.colcon_core.shell:Creating environment hook '/home/weimar/kinet/kinet_ws/install/kinect_ros2/share/kinect_ros2/hook/ld_library_path_lib.ps1'
[0.688s] INFO:colcon.colcon_core.shell:Creating environment descriptor '/home/weimar/kinet/kinet_ws/install/kinect_ros2/share/kinect_ros2/hook/ld_library_path_lib.dsv'
[0.688s] INFO:colcon.colcon_core.shell:Creating environment hook '/home/weimar/kinet/kinet_ws/install/kinect_ros2/share/kinect_ros2/hook/ld_library_path_lib.sh'
[0.688s] Level 1:colcon.colcon_core.environment:checking '/home/weimar/kinet/kinet_ws/install/kinect_ros2/bin'
[0.688s] Level 1:colcon.colcon_core.environment:checking '/home/weimar/kinet/kinet_ws/install/kinect_ros2/lib/pkgconfig/kinect_ros2.pc'
[0.689s] Level 1:colcon.colcon_core.environment:checking '/home/weimar/kinet/kinet_ws/install/kinect_ros2/lib/python3.10/site-packages'
[0.689s] Level 1:colcon.colcon_core.environment:checking '/home/weimar/kinet/kinet_ws/install/kinect_ros2/bin'
[0.689s] INFO:colcon.colcon_core.shell:Creating package script '/home/weimar/kinet/kinet_ws/install/kinect_ros2/share/kinect_ros2/package.ps1'
[0.690s] INFO:colcon.colcon_core.shell:Creating package descriptor '/home/weimar/kinet/kinet_ws/install/kinect_ros2/share/kinect_ros2/package.dsv'
[0.690s] INFO:colcon.colcon_core.shell:Creating package script '/home/weimar/kinet/kinet_ws/install/kinect_ros2/share/kinect_ros2/package.sh'
[0.691s] INFO:colcon.colcon_core.shell:Creating package script '/home/weimar/kinet/kinet_ws/install/kinect_ros2/share/kinect_ros2/package.bash'
[0.692s] INFO:colcon.colcon_core.shell:Creating package script '/home/weimar/kinet/kinet_ws/install/kinect_ros2/share/kinect_ros2/package.zsh'
[0.692s] Level 1:colcon.colcon_core.environment:create_file_with_runtime_dependencies(/home/weimar/kinet/kinet_ws/install/kinect_ros2/share/colcon-core/packages/kinect_ros2)
[0.693s] Level 1:colcon.colcon_core.environment:create_environment_scripts_only(kinect_ros2)
[0.693s] Level 1:colcon.colcon_core.environment:checking '/home/weimar/kinet/kinet_ws/install/kinect_ros2' for CMake module files
[0.693s] Level 1:colcon.colcon_core.environment:checking '/home/weimar/kinet/kinet_ws/install/kinect_ros2' for CMake config files
[0.694s] Level 1:colcon.colcon_core.shell:create_environment_hook('kinect_ros2', 'cmake_prefix_path')
[0.694s] INFO:colcon.colcon_core.shell:Creating environment hook '/home/weimar/kinet/kinet_ws/install/kinect_ros2/share/kinect_ros2/hook/cmake_prefix_path.ps1'
[0.694s] INFO:colcon.colcon_core.shell:Creating environment descriptor '/home/weimar/kinet/kinet_ws/install/kinect_ros2/share/kinect_ros2/hook/cmake_prefix_path.dsv'
[0.694s] INFO:colcon.colcon_core.shell:Creating environment hook '/home/weimar/kinet/kinet_ws/install/kinect_ros2/share/kinect_ros2/hook/cmake_prefix_path.sh'
[0.695s] Level 1:colcon.colcon_core.environment:checking '/home/weimar/kinet/kinet_ws/install/kinect_ros2/lib'
[0.695s] Level 1:colcon.colcon_core.shell:create_environment_hook('kinect_ros2', 'ld_library_path_lib')
[0.695s] INFO:colcon.colcon_core.shell:Creating environment hook '/home/weimar/kinet/kinet_ws/install/kinect_ros2/share/kinect_ros2/hook/ld_library_path_lib.ps1'
[0.695s] INFO:colcon.colcon_core.shell:Creating environment descriptor '/home/weimar/kinet/kinet_ws/install/kinect_ros2/share/kinect_ros2/hook/ld_library_path_lib.dsv'
[0.695s] INFO:colcon.colcon_core.shell:Creating environment hook '/home/weimar/kinet/kinet_ws/install/kinect_ros2/share/kinect_ros2/hook/ld_library_path_lib.sh'
[0.696s] Level 1:colcon.colcon_core.environment:checking '/home/weimar/kinet/kinet_ws/install/kinect_ros2/bin'
[0.696s] Level 1:colcon.colcon_core.environment:checking '/home/weimar/kinet/kinet_ws/install/kinect_ros2/lib/pkgconfig/kinect_ros2.pc'
[0.696s] Level 1:colcon.colcon_core.environment:checking '/home/weimar/kinet/kinet_ws/install/kinect_ros2/lib/python3.10/site-packages'
[0.696s] Level 1:colcon.colcon_core.environment:checking '/home/weimar/kinet/kinet_ws/install/kinect_ros2/bin'
[0.696s] INFO:colcon.colcon_core.shell:Creating package script '/home/weimar/kinet/kinet_ws/install/kinect_ros2/share/kinect_ros2/package.ps1'
[0.696s] INFO:colcon.colcon_core.shell:Creating package descriptor '/home/weimar/kinet/kinet_ws/install/kinect_ros2/share/kinect_ros2/package.dsv'
[0.697s] INFO:colcon.colcon_core.shell:Creating package script '/home/weimar/kinet/kinet_ws/install/kinect_ros2/share/kinect_ros2/package.sh'
[0.697s] INFO:colcon.colcon_core.shell:Creating package script '/home/weimar/kinet/kinet_ws/install/kinect_ros2/share/kinect_ros2/package.bash'
[0.697s] INFO:colcon.colcon_core.shell:Creating package script '/home/weimar/kinet/kinet_ws/install/kinect_ros2/share/kinect_ros2/package.zsh'
[0.698s] Level 1:colcon.colcon_core.environment:create_file_with_runtime_dependencies(/home/weimar/kinet/kinet_ws/install/kinect_ros2/share/colcon-core/packages/kinect_ros2)
[0.908s] DEBUG:colcon.colcon_core.event_handler.log_command:Invoking command in '/home/weimar/kinet/kinet_ws/src/cloud_decomp': PYTHONPATH=/home/weimar/kinet/kinet_ws/build/cloud_decomp/prefix_override:/usr/lib/python3/dist-packages/colcon_core/task/python/colcon_distutils_commands:/home/weimar/kinet/kinet_ws/install/cloud_decomp/lib/python3.10/site-packages:${PYTHONPATH} /usr/bin/python3 -W ignore:setup.py install is deprecated -W ignore:easy_install command is deprecated setup.py egg_info --egg-base ../../build/cloud_decomp build --build-base /home/weimar/kinet/kinet_ws/build/cloud_decomp/build install --record /home/weimar/kinet/kinet_ws/build/cloud_decomp/install.log --single-version-externally-managed install_data
[1.149s] Level 1:colcon.colcon_core.environment:checking '/home/weimar/kinet/kinet_ws/install/cloud_decomp' for CMake module files
[1.150s] DEBUG:colcon.colcon_core.event_handler.log_command:Invoked command in '/home/weimar/kinet/kinet_ws/src/cloud_decomp' returned '0': PYTHONPATH=/home/weimar/kinet/kinet_ws/build/cloud_decomp/prefix_override:/usr/lib/python3/dist-packages/colcon_core/task/python/colcon_distutils_commands:/home/weimar/kinet/kinet_ws/install/cloud_decomp/lib/python3.10/site-packages:${PYTHONPATH} /usr/bin/python3 -W ignore:setup.py install is deprecated -W ignore:easy_install command is deprecated setup.py egg_info --egg-base ../../build/cloud_decomp build --build-base /home/weimar/kinet/kinet_ws/build/cloud_decomp/build install --record /home/weimar/kinet/kinet_ws/build/cloud_decomp/install.log --single-version-externally-managed install_data
[1.150s] Level 1:colcon.colcon_core.environment:checking '/home/weimar/kinet/kinet_ws/install/cloud_decomp' for CMake config files
[1.151s] Level 1:colcon.colcon_core.environment:checking '/home/weimar/kinet/kinet_ws/install/cloud_decomp/lib'
[1.151s] Level 1:colcon.colcon_core.environment:checking '/home/weimar/kinet/kinet_ws/install/cloud_decomp/bin'
[1.151s] Level 1:colcon.colcon_core.environment:checking '/home/weimar/kinet/kinet_ws/install/cloud_decomp/lib/pkgconfig/cloud_decomp.pc'
[1.151s] Level 1:colcon.colcon_core.environment:checking '/home/weimar/kinet/kinet_ws/install/cloud_decomp/lib/python3.10/site-packages'
[1.151s] Level 1:colcon.colcon_core.shell:create_environment_hook('cloud_decomp', 'pythonpath')
[1.151s] INFO:colcon.colcon_core.shell:Creating environment hook '/home/weimar/kinet/kinet_ws/install/cloud_decomp/share/cloud_decomp/hook/pythonpath.ps1'
[1.152s] INFO:colcon.colcon_core.shell:Creating environment descriptor '/home/weimar/kinet/kinet_ws/install/cloud_decomp/share/cloud_decomp/hook/pythonpath.dsv'
[1.152s] INFO:colcon.colcon_core.shell:Creating environment hook '/home/weimar/kinet/kinet_ws/install/cloud_decomp/share/cloud_decomp/hook/pythonpath.sh'
[1.152s] Level 1:colcon.colcon_core.environment:checking '/home/weimar/kinet/kinet_ws/install/cloud_decomp/bin'
[1.152s] Level 1:colcon.colcon_core.environment:create_environment_scripts_only(cloud_decomp)
[1.153s] INFO:colcon.colcon_core.shell:Creating package script '/home/weimar/kinet/kinet_ws/install/cloud_decomp/share/cloud_decomp/package.ps1'
[1.153s] INFO:colcon.colcon_core.shell:Creating package descriptor '/home/weimar/kinet/kinet_ws/install/cloud_decomp/share/cloud_decomp/package.dsv'
[1.153s] INFO:colcon.colcon_core.shell:Creating package script '/home/weimar/kinet/kinet_ws/install/cloud_decomp/share/cloud_decomp/package.sh'
[1.153s] INFO:colcon.colcon_core.shell:Creating package script '/home/weimar/kinet/kinet_ws/install/cloud_decomp/share/cloud_decomp/package.bash'
[1.154s] INFO:colcon.colcon_core.shell:Creating package script '/home/weimar/kinet/kinet_ws/install/cloud_decomp/share/cloud_decomp/package.zsh'
[1.154s] Level 1:colcon.colcon_core.environment:create_file_with_runtime_dependencies(/home/weimar/kinet/kinet_ws/install/cloud_decomp/share/colcon-core/packages/cloud_decomp)
[1.154s] DEBUG:colcon.colcon_parallel_executor.executor.parallel:closing loop
[1.154s] DEBUG:colcon.colcon_parallel_executor.executor.parallel:loop closed
[1.154s] DEBUG:colcon.colcon_parallel_executor.executor.parallel:run_until_complete finished with '0'
[1.154s] DEBUG:colcon.colcon_core.event_reactor:joining thread
[1.158s] INFO:colcon.colcon_core.plugin_system:Skipping extension 'colcon_notification.desktop_notification.terminal_notifier': Not used on non-Darwin systems
[1.158s] INFO:colcon.colcon_core.plugin_system:Skipping extension 'colcon_notification.desktop_notification.win32': Not used on non-Windows systems
[1.158s] INFO:colcon.colcon_notification.desktop_notification:Sending desktop notification using 'notify2'
[1.168s] DEBUG:colcon.colcon_core.event_reactor:joined thread
[1.168s] INFO:colcon.colcon_core.shell:Creating prefix script '/home/weimar/kinet/kinet_ws/install/local_setup.ps1'
[1.169s] INFO:colcon.colcon_core.shell:Creating prefix util module '/home/weimar/kinet/kinet_ws/install/_local_setup_util_ps1.py'
[1.171s] INFO:colcon.colcon_core.shell:Creating prefix chain script '/home/weimar/kinet/kinet_ws/install/setup.ps1'
[1.172s] INFO:colcon.colcon_core.shell:Creating prefix script '/home/weimar/kinet/kinet_ws/install/local_setup.sh'
[1.172s] INFO:colcon.colcon_core.shell:Creating prefix util module '/home/weimar/kinet/kinet_ws/install/_local_setup_util_sh.py'
[1.173s] INFO:colcon.colcon_core.shell:Creating prefix chain script '/home/weimar/kinet/kinet_ws/install/setup.sh'
[1.173s] INFO:colcon.colcon_core.shell:Creating prefix script '/home/weimar/kinet/kinet_ws/install/local_setup.bash'
[1.174s] INFO:colcon.colcon_core.shell:Creating prefix chain script '/home/weimar/kinet/kinet_ws/install/setup.bash'
[1.174s] INFO:colcon.colcon_core.shell:Creating prefix script '/home/weimar/kinet/kinet_ws/install/local_setup.zsh'
[1.175s] INFO:colcon.colcon_core.shell:Creating prefix chain script '/home/weimar/kinet/kinet_ws/install/setup.zsh'
