running egg_info
creating ../../build/kinect_compressor/kinect_compressor.egg-info
writing ../../build/kinect_compressor/kinect_compressor.egg-info/PKG-INFO
writing dependency_links to ../../build/kinect_compressor/kinect_compressor.egg-info/dependency_links.txt
writing entry points to ../../build/kinect_compressor/kinect_compressor.egg-info/entry_points.txt
writing requirements to ../../build/kinect_compressor/kinect_compressor.egg-info/requires.txt
writing top-level names to ../../build/kinect_compressor/kinect_compressor.egg-info/top_level.txt
writing manifest file '../../build/kinect_compressor/kinect_compressor.egg-info/SOURCES.txt'
reading manifest file '../../build/kinect_compressor/kinect_compressor.egg-info/SOURCES.txt'
writing manifest file '../../build/kinect_compressor/kinect_compressor.egg-info/SOURCES.txt'
running build
running build_py
creating /home/weimar/kinet/otronod_ws/build/kinect_compressor/build
creating /home/weimar/kinet/otronod_ws/build/kinect_compressor/build/lib
creating /home/weimar/kinet/otronod_ws/build/kinect_compressor/build/lib/kinect_compressor
copying kinect_compressor/__init__.py -> /home/weimar/kinet/otronod_ws/build/kinect_compressor/build/lib/kinect_compressor
copying kinect_compressor/kinect_image_republisher.py -> /home/weimar/kinet/otronod_ws/build/kinect_compressor/build/lib/kinect_compressor
running install
running install_lib
creating /home/weimar/kinet/otronod_ws/install/kinect_compressor/lib/python3.10/site-packages/kinect_compressor
copying /home/weimar/kinet/otronod_ws/build/kinect_compressor/build/lib/kinect_compressor/__init__.py -> /home/weimar/kinet/otronod_ws/install/kinect_compressor/lib/python3.10/site-packages/kinect_compressor
copying /home/weimar/kinet/otronod_ws/build/kinect_compressor/build/lib/kinect_compressor/kinect_image_republisher.py -> /home/weimar/kinet/otronod_ws/install/kinect_compressor/lib/python3.10/site-packages/kinect_compressor
byte-compiling /home/weimar/kinet/otronod_ws/install/kinect_compressor/lib/python3.10/site-packages/kinect_compressor/__init__.py to __init__.cpython-310.pyc
byte-compiling /home/weimar/kinet/otronod_ws/install/kinect_compressor/lib/python3.10/site-packages/kinect_compressor/kinect_image_republisher.py to kinect_image_republisher.cpython-310.pyc
running install_data
creating /home/weimar/kinet/otronod_ws/install/kinect_compressor/share
creating /home/weimar/kinet/otronod_ws/install/kinect_compressor/share/ament_index
creating /home/weimar/kinet/otronod_ws/install/kinect_compressor/share/ament_index/resource_index
creating /home/weimar/kinet/otronod_ws/install/kinect_compressor/share/ament_index/resource_index/packages
copying resource/kinect_compressor -> /home/weimar/kinet/otronod_ws/install/kinect_compressor/share/ament_index/resource_index/packages
creating /home/weimar/kinet/otronod_ws/install/kinect_compressor/share/kinect_compressor
copying package.xml -> /home/weimar/kinet/otronod_ws/install/kinect_compressor/share/kinect_compressor
running install_egg_info
Copying ../../build/kinect_compressor/kinect_compressor.egg-info to /home/weimar/kinet/otronod_ws/install/kinect_compressor/lib/python3.10/site-packages/kinect_compressor-0.0.0-py3.10.egg-info
running install_scripts
Installing kinect_image_republisher script to /home/weimar/kinet/otronod_ws/install/kinect_compressor/lib/kinect_compressor
writing list of installed files to '/home/weimar/kinet/otronod_ws/build/kinect_compressor/install.log'
