[0.693s] Invoking command in '/home/weimar/kinet/otronod_ws/src/kinect_compressor': PYTHONPATH=/home/weimar/kinet/otronod_ws/build/kinect_compressor/prefix_override:/usr/lib/python3/dist-packages/colcon_core/task/python/colcon_distutils_commands:/home/weimar/kinet/otronod_ws/install/kinect_compressor/lib/python3.10/site-packages:${PYTHONPATH} /usr/bin/python3 -W ignore:setup.py install is deprecated -W ignore:easy_install command is deprecated setup.py egg_info --egg-base ../../build/kinect_compressor build --build-base /home/weimar/kinet/otronod_ws/build/kinect_compressor/build install --record /home/weimar/kinet/otronod_ws/build/kinect_compressor/install.log --single-version-externally-managed install_data
[0.900s] running egg_info
[0.900s] creating ../../build/kinect_compressor/kinect_compressor.egg-info
[0.901s] writing ../../build/kinect_compressor/kinect_compressor.egg-info/PKG-INFO
[0.901s] writing dependency_links to ../../build/kinect_compressor/kinect_compressor.egg-info/dependency_links.txt
[0.901s] writing entry points to ../../build/kinect_compressor/kinect_compressor.egg-info/entry_points.txt
[0.901s] writing requirements to ../../build/kinect_compressor/kinect_compressor.egg-info/requires.txt
[0.901s] writing top-level names to ../../build/kinect_compressor/kinect_compressor.egg-info/top_level.txt
[0.901s] writing manifest file '../../build/kinect_compressor/kinect_compressor.egg-info/SOURCES.txt'
[0.902s] reading manifest file '../../build/kinect_compressor/kinect_compressor.egg-info/SOURCES.txt'
[0.903s] writing manifest file '../../build/kinect_compressor/kinect_compressor.egg-info/SOURCES.txt'
[0.903s] running build
[0.903s] running build_py
[0.903s] creating /home/weimar/kinet/otronod_ws/build/kinect_compressor/build
[0.903s] creating /home/weimar/kinet/otronod_ws/build/kinect_compressor/build/lib
[0.903s] creating /home/weimar/kinet/otronod_ws/build/kinect_compressor/build/lib/kinect_compressor
[0.903s] copying kinect_compressor/__init__.py -> /home/weimar/kinet/otronod_ws/build/kinect_compressor/build/lib/kinect_compressor
[0.903s] copying kinect_compressor/kinect_image_republisher.py -> /home/weimar/kinet/otronod_ws/build/kinect_compressor/build/lib/kinect_compressor
[0.904s] running install
[0.904s] running install_lib
[0.904s] creating /home/weimar/kinet/otronod_ws/install/kinect_compressor/lib/python3.10/site-packages/kinect_compressor
[0.904s] copying /home/weimar/kinet/otronod_ws/build/kinect_compressor/build/lib/kinect_compressor/__init__.py -> /home/weimar/kinet/otronod_ws/install/kinect_compressor/lib/python3.10/site-packages/kinect_compressor
[0.904s] copying /home/weimar/kinet/otronod_ws/build/kinect_compressor/build/lib/kinect_compressor/kinect_image_republisher.py -> /home/weimar/kinet/otronod_ws/install/kinect_compressor/lib/python3.10/site-packages/kinect_compressor
[0.905s] byte-compiling /home/weimar/kinet/otronod_ws/install/kinect_compressor/lib/python3.10/site-packages/kinect_compressor/__init__.py to __init__.cpython-310.pyc
[0.905s] byte-compiling /home/weimar/kinet/otronod_ws/install/kinect_compressor/lib/python3.10/site-packages/kinect_compressor/kinect_image_republisher.py to kinect_image_republisher.cpython-310.pyc
[0.905s] running install_data
[0.906s] creating /home/weimar/kinet/otronod_ws/install/kinect_compressor/share
[0.906s] creating /home/weimar/kinet/otronod_ws/install/kinect_compressor/share/ament_index
[0.906s] creating /home/weimar/kinet/otronod_ws/install/kinect_compressor/share/ament_index/resource_index
[0.906s] creating /home/weimar/kinet/otronod_ws/install/kinect_compressor/share/ament_index/resource_index/packages
[0.906s] copying resource/kinect_compressor -> /home/weimar/kinet/otronod_ws/install/kinect_compressor/share/ament_index/resource_index/packages
[0.906s] creating /home/weimar/kinet/otronod_ws/install/kinect_compressor/share/kinect_compressor
[0.906s] copying package.xml -> /home/weimar/kinet/otronod_ws/install/kinect_compressor/share/kinect_compressor
[0.906s] running install_egg_info
[0.908s] Copying ../../build/kinect_compressor/kinect_compressor.egg-info to /home/weimar/kinet/otronod_ws/install/kinect_compressor/lib/python3.10/site-packages/kinect_compressor-0.0.0-py3.10.egg-info
[0.908s] running install_scripts
[0.926s] Installing kinect_image_republisher script to /home/weimar/kinet/otronod_ws/install/kinect_compressor/lib/kinect_compressor
[0.926s] writing list of installed files to '/home/weimar/kinet/otronod_ws/build/kinect_compressor/install.log'
[0.945s] Invoked command in '/home/weimar/kinet/otronod_ws/src/kinect_compressor' returned '0': PYTHONPATH=/home/weimar/kinet/otronod_ws/build/kinect_compressor/prefix_override:/usr/lib/python3/dist-packages/colcon_core/task/python/colcon_distutils_commands:/home/weimar/kinet/otronod_ws/install/kinect_compressor/lib/python3.10/site-packages:${PYTHONPATH} /usr/bin/python3 -W ignore:setup.py install is deprecated -W ignore:easy_install command is deprecated setup.py egg_info --egg-base ../../build/kinect_compressor build --build-base /home/weimar/kinet/otronod_ws/build/kinect_compressor/build install --record /home/weimar/kinet/otronod_ws/build/kinect_compressor/install.log --single-version-externally-managed install_data
