[0.570s] Invoking command in '/home/weimar/kinet/otronod_ws/src/kinect_compressor': PYTHONPATH=/home/weimar/kinet/otronod_ws/build/kinect_compressor/prefix_override:/usr/lib/python3/dist-packages/colcon_core/task/python/colcon_distutils_commands:/home/weimar/kinet/otronod_ws/install/kinect_compressor/lib/python3.10/site-packages:${PYTHONPATH} VIRTUAL_ENV_PROMPT=(venv) /usr/bin/python3 -W ignore:setup.py install is deprecated -W ignore:easy_install command is deprecated setup.py egg_info --egg-base ../../build/kinect_compressor build --build-base /home/weimar/kinet/otronod_ws/build/kinect_compressor/build install --record /home/weimar/kinet/otronod_ws/build/kinect_compressor/install.log --single-version-externally-managed install_data
[0.790s] running egg_info
[0.791s] writing ../../build/kinect_compressor/kinect_compressor.egg-info/PKG-INFO
[0.791s] writing dependency_links to ../../build/kinect_compressor/kinect_compressor.egg-info/dependency_links.txt
[0.791s] writing entry points to ../../build/kinect_compressor/kinect_compressor.egg-info/entry_points.txt
[0.791s] writing requirements to ../../build/kinect_compressor/kinect_compressor.egg-info/requires.txt
[0.791s] writing top-level names to ../../build/kinect_compressor/kinect_compressor.egg-info/top_level.txt
[0.793s] reading manifest file '../../build/kinect_compressor/kinect_compressor.egg-info/SOURCES.txt'
[0.794s] writing manifest file '../../build/kinect_compressor/kinect_compressor.egg-info/SOURCES.txt'
[0.794s] running build
[0.794s] running build_py
[0.794s] copying kinect_compressor/kinect_image_republisher.py -> /home/weimar/kinet/otronod_ws/build/kinect_compressor/build/lib/kinect_compressor
[0.794s] running install
[0.794s] running install_lib
[0.795s] copying /home/weimar/kinet/otronod_ws/build/kinect_compressor/build/lib/kinect_compressor/kinect_image_republisher.py -> /home/weimar/kinet/otronod_ws/install/kinect_compressor/lib/python3.10/site-packages/kinect_compressor
[0.796s] byte-compiling /home/weimar/kinet/otronod_ws/install/kinect_compressor/lib/python3.10/site-packages/kinect_compressor/kinect_image_republisher.py to kinect_image_republisher.cpython-310.pyc
[0.796s] running install_data
[0.797s] running install_egg_info
[0.798s] removing '/home/weimar/kinet/otronod_ws/install/kinect_compressor/lib/python3.10/site-packages/kinect_compressor-0.0.0-py3.10.egg-info' (and everything under it)
[0.798s] Copying ../../build/kinect_compressor/kinect_compressor.egg-info to /home/weimar/kinet/otronod_ws/install/kinect_compressor/lib/python3.10/site-packages/kinect_compressor-0.0.0-py3.10.egg-info
[0.798s] running install_scripts
[0.814s] Installing depth_to_scan script to /home/weimar/kinet/otronod_ws/install/kinect_compressor/lib/kinect_compressor
[0.814s] Installing fake_odom script to /home/weimar/kinet/otronod_ws/install/kinect_compressor/lib/kinect_compressor
[0.814s] Installing kinect_image script to /home/weimar/kinet/otronod_ws/install/kinect_compressor/lib/kinect_compressor
[0.814s] Installing modo_giro script to /home/weimar/kinet/otronod_ws/install/kinect_compressor/lib/kinect_compressor
[0.814s] writing list of installed files to '/home/weimar/kinet/otronod_ws/build/kinect_compressor/install.log'
[0.833s] Invoked command in '/home/weimar/kinet/otronod_ws/src/kinect_compressor' returned '0': PYTHONPATH=/home/weimar/kinet/otronod_ws/build/kinect_compressor/prefix_override:/usr/lib/python3/dist-packages/colcon_core/task/python/colcon_distutils_commands:/home/weimar/kinet/otronod_ws/install/kinect_compressor/lib/python3.10/site-packages:${PYTHONPATH} VIRTUAL_ENV_PROMPT=(venv) /usr/bin/python3 -W ignore:setup.py install is deprecated -W ignore:easy_install command is deprecated setup.py egg_info --egg-base ../../build/kinect_compressor build --build-base /home/weimar/kinet/otronod_ws/build/kinect_compressor/build install --record /home/weimar/kinet/otronod_ws/build/kinect_compressor/install.log --single-version-externally-managed install_data
