/usr/lib/python3/dist-packages/setuptools/dist.py:723: UserWarning: Usage of dash-separated 'script-dir' will not be supported in future versions. Please use the underscore name 'script_dir' instead
  warnings.warn(
running egg_info
writing ../../../build/people_detector/people_detector.egg-info/PKG-INFO
writing dependency_links to ../../../build/people_detector/people_detector.egg-info/dependency_links.txt
writing entry points to ../../../build/people_detector/people_detector.egg-info/entry_points.txt
writing requirements to ../../../build/people_detector/people_detector.egg-info/requires.txt
writing top-level names to ../../../build/people_detector/people_detector.egg-info/top_level.txt
reading manifest file '../../../build/people_detector/people_detector.egg-info/SOURCES.txt'
writing manifest file '../../../build/people_detector/people_detector.egg-info/SOURCES.txt'
running build
running build_py
running install
running install_lib
running install_data
running install_egg_info
removing '/home/weimar/pfr/yolov8ros_ws/install/people_detector/lib/python3.10/site-packages/people_detector-0.0.0-py3.10.egg-info' (and everything under it)
Copying ../../../build/people_detector/people_detector.egg-info to /home/weimar/pfr/yolov8ros_ws/install/people_detector/lib/python3.10/site-packages/people_detector-0.0.0-py3.10.egg-info
running install_scripts
Installing people_detect_subscriber script to /home/weimar/pfr/yolov8ros_ws/install/people_detector/lib/people_detector
Installing pubsub script to /home/weimar/pfr/yolov8ros_ws/install/people_detector/lib/people_detector
Installing video_publisher script to /home/weimar/pfr/yolov8ros_ws/install/people_detector/lib/people_detector
writing list of installed files to '/home/weimar/pfr/yolov8ros_ws/build/people_detector/install.log'
