[0.800s] Invoking command in '/home/weimar/pfr/yolov8ros_ws/src/ros2_yolov8_people_detection/people_detector': PYTHONPATH=/home/weimar/pfr/yolov8ros_ws/build/people_detector/prefix_override:/usr/lib/python3/dist-packages/colcon_core/task/python/colcon_distutils_commands:/home/weimar/pfr/yolov8ros_ws/install/people_detector/lib/python3.10/site-packages:${PYTHONPATH} VIRTUAL_ENV_PROMPT=(venv) /usr/bin/python3 -W ignore:setup.py install is deprecated -W ignore:easy_install command is deprecated setup.py egg_info --egg-base ../../../build/people_detector build --build-base /home/weimar/pfr/yolov8ros_ws/build/people_detector/build install --record /home/weimar/pfr/yolov8ros_ws/build/people_detector/install.log --install-scripts $base/lib/people_detector --single-version-externally-managed install_data
[1.094s] /usr/lib/python3/dist-packages/setuptools/dist.py:723: UserWarning: Usage of dash-separated 'script-dir' will not be supported in future versions. Please use the underscore name 'script_dir' instead
[1.095s]   warnings.warn(
[1.105s] running egg_info
[1.106s] writing ../../../build/people_detector/people_detector.egg-info/PKG-INFO
[1.106s] writing dependency_links to ../../../build/people_detector/people_detector.egg-info/dependency_links.txt
[1.106s] writing entry points to ../../../build/people_detector/people_detector.egg-info/entry_points.txt
[1.107s] writing requirements to ../../../build/people_detector/people_detector.egg-info/requires.txt
[1.107s] writing top-level names to ../../../build/people_detector/people_detector.egg-info/top_level.txt
[1.109s] reading manifest file '../../../build/people_detector/people_detector.egg-info/SOURCES.txt'
[1.110s] writing manifest file '../../../build/people_detector/people_detector.egg-info/SOURCES.txt'
[1.110s] running build
[1.110s] running build_py
[1.110s] copying people_detector/people_detect.py -> /home/weimar/pfr/yolov8ros_ws/build/people_detector/build/lib/people_detector
[1.111s] running install
[1.111s] running install_lib
[1.112s] copying /home/weimar/pfr/yolov8ros_ws/build/people_detector/build/lib/people_detector/people_detect.py -> /home/weimar/pfr/yolov8ros_ws/install/people_detector/lib/python3.10/site-packages/people_detector
[1.113s] byte-compiling /home/weimar/pfr/yolov8ros_ws/install/people_detector/lib/python3.10/site-packages/people_detector/people_detect.py to people_detect.cpython-310.pyc
[1.114s] running install_data
[1.114s] running install_egg_info
[1.116s] removing '/home/weimar/pfr/yolov8ros_ws/install/people_detector/lib/python3.10/site-packages/people_detector-0.0.0-py3.10.egg-info' (and everything under it)
[1.116s] Copying ../../../build/people_detector/people_detector.egg-info to /home/weimar/pfr/yolov8ros_ws/install/people_detector/lib/python3.10/site-packages/people_detector-0.0.0-py3.10.egg-info
[1.117s] running install_scripts
[1.140s] Installing people_detect_subscriber script to /home/weimar/pfr/yolov8ros_ws/install/people_detector/lib/people_detector
[1.140s] Installing video_publisher script to /home/weimar/pfr/yolov8ros_ws/install/people_detector/lib/people_detector
[1.141s] writing list of installed files to '/home/weimar/pfr/yolov8ros_ws/build/people_detector/install.log'
[1.162s] Invoked command in '/home/weimar/pfr/yolov8ros_ws/src/ros2_yolov8_people_detection/people_detector' returned '0': PYTHONPATH=/home/weimar/pfr/yolov8ros_ws/build/people_detector/prefix_override:/usr/lib/python3/dist-packages/colcon_core/task/python/colcon_distutils_commands:/home/weimar/pfr/yolov8ros_ws/install/people_detector/lib/python3.10/site-packages:${PYTHONPATH} VIRTUAL_ENV_PROMPT=(venv) /usr/bin/python3 -W ignore:setup.py install is deprecated -W ignore:easy_install command is deprecated setup.py egg_info --egg-base ../../../build/people_detector build --build-base /home/weimar/pfr/yolov8ros_ws/build/people_detector/build install --record /home/weimar/pfr/yolov8ros_ws/build/people_detector/install.log --install-scripts $base/lib/people_detector --single-version-externally-managed install_data
