[0.007s] Invoking command in '/home/weimar/kinet/kinet_ws/build/kinect_ros2': CMAKE_PREFIX_PATH=/home/weimar/kinet/ros2kine_ws/install/kinect_publisher:/opt/ros/humble PS1=(myenv) \[\e]0;\u@\h: \w\a\]${debian_chroot:+($debian_chroot)}\[\033[01;32m\]\u@\h\[\033[00m\]:\[\033[01;34m\]\w\[\033[00m\]\$ VIRTUAL_ENV_PROMPT=(myenv) /usr/bin/cmake /home/weimar/kinet/kinet_ws/src/kinect_ros2 -DCMAKE_INSTALL_PREFIX=/home/weimar/kinet/kinet_ws/install/kinect_ros2
[0.046s] -- The C compiler identification is GNU 11.4.0
[0.087s] -- The CXX compiler identification is GNU 11.4.0
[0.093s] -- Detecting C compiler ABI info
[0.142s] -- Detecting C compiler ABI info - done
[0.147s] -- Check for working C compiler: /usr/bin/cc - skipped
[0.147s] -- Detecting C compile features
[0.148s] -- Detecting C compile features - done
[0.150s] -- Detecting CXX compiler ABI info
[0.206s] -- Detecting CXX compiler ABI info - done
[0.212s] -- Check for working CXX compiler: /usr/bin/c++ - skipped
[0.212s] -- Detecting CXX compile features
[0.212s] -- Detecting CXX compile features - done
[0.214s] -- Found ament_cmake: 1.3.11 (/opt/ros/humble/share/ament_cmake/cmake)
[0.305s] -- Found Python3: /home/weimar/kinet/myenv/bin/python3 (found version "3.10.12") found components: Interpreter 
[0.373s] -- Found rclcpp_components: 16.0.12 (/opt/ros/humble/share/rclcpp_components/cmake)
[0.414s] -- Found rosidl_generator_c: 3.1.6 (/opt/ros/humble/share/rosidl_generator_c/cmake)
[0.416s] -- Found rosidl_adapter: 3.1.6 (/opt/ros/humble/share/rosidl_adapter/cmake)
[0.422s] -- Found rosidl_generator_cpp: 3.1.6 (/opt/ros/humble/share/rosidl_generator_cpp/cmake)
[0.429s] -- Using all available rosidl_typesupport_c: rosidl_typesupport_fastrtps_c;rosidl_typesupport_introspection_c
[0.438s] -- Using all available rosidl_typesupport_cpp: rosidl_typesupport_fastrtps_cpp;rosidl_typesupport_introspection_cpp
[0.479s] -- Found rmw_implementation_cmake: 6.1.2 (/opt/ros/humble/share/rmw_implementation_cmake/cmake)
[0.482s] -- Found rmw_fastrtps_cpp: 6.2.7 (/opt/ros/humble/share/rmw_fastrtps_cpp/cmake)
[0.543s] -- Found OpenSSL: /usr/lib/x86_64-linux-gnu/libcrypto.so (found version "3.0.2")  
[0.561s] -- Found FastRTPS: /opt/ros/humble/include  
[0.591s] -- Using RMW implementation 'rmw_fastrtps_cpp' as default
[0.597s] -- Looking for pthread.h
[0.664s] -- Looking for pthread.h - found
[0.664s] -- Performing Test CMAKE_HAVE_LIBC_PTHREAD
[0.716s] -- Performing Test CMAKE_HAVE_LIBC_PTHREAD - Success
[0.716s] -- Found Threads: TRUE  
[0.757s] -- Found OpenCV: /usr (found version "4.5.4") 
[0.758s] -- Found sensor_msgs: 4.8.0 (/opt/ros/humble/share/sensor_msgs/cmake)
[0.780s] -- Found cv_bridge: 3.2.1 (/opt/ros/humble/share/cv_bridge/cmake)
[0.782s] -- Found image_transport: 3.1.11 (/opt/ros/humble/share/image_transport/cmake)
[0.799s] -- Found depth_image_proc: 3.0.8 (/opt/ros/humble/share/depth_image_proc/cmake)
[0.875s] -- Found camera_info_manager: 3.1.11 (/opt/ros/humble/share/camera_info_manager/cmake)
[0.898s] Traceback (most recent call last):
[0.898s]   File "/opt/ros/humble/share/ament_cmake_core/cmake/core/package_xml_2_cmake.py", line 22, in <module>
[0.898s]     from catkin_pkg.package import parse_package_string
[0.898s] ModuleNotFoundError: No module named 'catkin_pkg'
[0.900s] [31mCMake Error at /opt/ros/humble/share/ament_cmake_core/cmake/core/ament_package_xml.cmake:95 (message):
[0.900s]   execute_process(/home/weimar/kinet/myenv/bin/python3
[0.900s]   /opt/ros/humble/share/ament_cmake_core/cmake/core/package_xml_2_cmake.py
[0.900s]   /home/weimar/kinet/kinet_ws/src/kinect_ros2/package.xml
[0.900s]   /home/weimar/kinet/kinet_ws/build/kinect_ros2/ament_cmake_core/package.cmake)
[0.900s]   returned error code 1
[0.900s] Call Stack (most recent call first):
[0.900s]   /opt/ros/humble/share/ament_cmake_core/cmake/core/ament_package_xml.cmake:49 (_ament_package_xml)
[0.900s]   /opt/ros/humble/share/ament_cmake_core/cmake/core/ament_package.cmake:63 (ament_package_xml)
[0.900s]   CMakeLists.txt:66 (ament_package)
[0.900s] 
[0.900s] [0m
[0.900s] -- Configuring incomplete, errors occurred!
[0.900s] See also "/home/weimar/kinet/kinet_ws/build/kinect_ros2/CMakeFiles/CMakeOutput.log".
[0.908s] Invoked command in '/home/weimar/kinet/kinet_ws/build/kinect_ros2' returned '1': CMAKE_PREFIX_PATH=/home/weimar/kinet/ros2kine_ws/install/kinect_publisher:/opt/ros/humble PS1=(myenv) \[\e]0;\u@\h: \w\a\]${debian_chroot:+($debian_chroot)}\[\033[01;32m\]\u@\h\[\033[00m\]:\[\033[01;34m\]\w\[\033[00m\]\$ VIRTUAL_ENV_PROMPT=(myenv) /usr/bin/cmake /home/weimar/kinet/kinet_ws/src/kinect_ros2 -DCMAKE_INSTALL_PREFIX=/home/weimar/kinet/kinet_ws/install/kinect_ros2
