/home/weimar/pfr/yolov8ros_ws/install/people_detector/lib/python3.10/site-packages/people_detector/__init__.py
/home/weimar/pfr/yolov8ros_ws/install/people_detector/lib/python3.10/site-packages/people_detector/people_detect.py
/home/weimar/pfr/yolov8ros_ws/install/people_detector/lib/python3.10/site-packages/people_detector/pubsub.py
/home/weimar/pfr/yolov8ros_ws/install/people_detector/lib/python3.10/site-packages/people_detector/video_pub.py
/home/weimar/pfr/yolov8ros_ws/install/people_detector/lib/python3.10/site-packages/people_detector/respaldo.py
/home/weimar/pfr/yolov8ros_ws/install/people_detector/lib/python3.10/site-packages/people_detector/__pycache__/__init__.cpython-310.pyc
/home/weimar/pfr/yolov8ros_ws/install/people_detector/lib/python3.10/site-packages/people_detector/__pycache__/people_detect.cpython-310.pyc
/home/weimar/pfr/yolov8ros_ws/install/people_detector/lib/python3.10/site-packages/people_detector/__pycache__/pubsub.cpython-310.pyc
/home/weimar/pfr/yolov8ros_ws/install/people_detector/lib/python3.10/site-packages/people_detector/__pycache__/video_pub.cpython-310.pyc
/home/weimar/pfr/yolov8ros_ws/install/people_detector/lib/python3.10/site-packages/people_detector/__pycache__/respaldo.cpython-310.pyc
/home/weimar/pfr/yolov8ros_ws/install/people_detector/share/ament_index/resource_index/packages/people_detector
/home/weimar/pfr/yolov8ros_ws/install/people_detector/share/people_detector/package.xml
/home/weimar/pfr/yolov8ros_ws/install/people_detector/share/people_detector/people_detection.py
/home/weimar/pfr/yolov8ros_ws/install/people_detector/share/people_detector/yolov8n.pt
/home/weimar/pfr/yolov8ros_ws/install/people_detector/share/people_detector/video.mp4
/home/weimar/pfr/yolov8ros_ws/install/people_detector/lib/python3.10/site-packages/people_detector-0.0.0-py3.10.egg-info/PKG-INFO
/home/weimar/pfr/yolov8ros_ws/install/people_detector/lib/python3.10/site-packages/people_detector-0.0.0-py3.10.egg-info/zip-safe
/home/weimar/pfr/yolov8ros_ws/install/people_detector/lib/python3.10/site-packages/people_detector-0.0.0-py3.10.egg-info/requires.txt
/home/weimar/pfr/yolov8ros_ws/install/people_detector/lib/python3.10/site-packages/people_detector-0.0.0-py3.10.egg-info/top_level.txt
/home/weimar/pfr/yolov8ros_ws/install/people_detector/lib/python3.10/site-packages/people_detector-0.0.0-py3.10.egg-info/dependency_links.txt
/home/weimar/pfr/yolov8ros_ws/install/people_detector/lib/python3.10/site-packages/people_detector-0.0.0-py3.10.egg-info/SOURCES.txt
/home/weimar/pfr/yolov8ros_ws/install/people_detector/lib/python3.10/site-packages/people_detector-0.0.0-py3.10.egg-info/entry_points.txt
/home/weimar/pfr/yolov8ros_ws/install/people_detector/lib/people_detector/people_detect_subscriber
/home/weimar/pfr/yolov8ros_ws/install/people_detector/lib/people_detector/pubsub
/home/weimar/pfr/yolov8ros_ws/install/people_detector/lib/people_detector/video_publisher
