[0.134s] DEBUG:colcon:Command line arguments: ['/usr/bin/colcon', 'list', '-p', '--base-paths', '/home/weimar/pfr/yolov8ros_ws']
[0.134s] DEBUG:colcon:Parsed command line arguments: Namespace(log_base=None, log_level=None, verb_name='list', build_base='build', ignore_user_meta=False, metas=['./colcon.meta'], base_paths=['/home/weimar/pfr/yolov8ros_ws'], packages_ignore=None, packages_ignore_regex=None, paths=None, packages_up_to=None, packages_up_to_regex=None, packages_above=None, packages_above_and_dependencies=None, packages_above_depth=None, packages_select_by_dep=None, packages_skip_by_dep=None, packages_skip_up_to=None, packages_select_build_failed=False, packages_skip_build_finished=False, packages_select_test_failures=False, packages_skip_test_passed=False, packages_select=None, packages_skip=None, packages_select_regex=None, packages_skip_regex=None, packages_start=None, packages_end=None, allow_overriding=[], topological_order=False, names_only=False, paths_only=True, topological_graph=False, topological_graph_dot=False, topological_graph_density=False, topological_graph_legend=False, topological_graph_dot_cluster=False, topological_graph_dot_include_skipped=False, mixin_files=None, mixin=None, verb_parser=<colcon_mixin.mixin.mixin_argument.MixinArgumentDecorator object at 0x723005ea0c10>, verb_extension=<colcon_package_information.verb.list.ListVerb object at 0x723005ea0370>, main=<bound method ListVerb.main of <colcon_package_information.verb.list.ListVerb object at 0x723005ea0370>>, mixin_verb=('list',))
[0.350s] Level 1:colcon.colcon_core.package_discovery:discover_packages(colcon_meta) check parameters
[0.350s] Level 1:colcon.colcon_core.package_discovery:discover_packages(recursive) check parameters
[0.350s] Level 1:colcon.colcon_core.package_discovery:discover_packages(ignore) check parameters
[0.350s] Level 1:colcon.colcon_core.package_discovery:discover_packages(path) check parameters
[0.351s] Level 1:colcon.colcon_core.package_discovery:discover_packages(recursive) discover
[0.351s] INFO:colcon.colcon_core.package_discovery:Crawling recursively for packages in '/home/weimar/pfr/yolov8ros_ws'
[0.351s] Level 1:colcon.colcon_core.package_identification:_identify(/home/weimar/pfr/yolov8ros_ws) by extensions ['ignore', 'ignore_ament_install']
[0.351s] Level 1:colcon.colcon_core.package_identification:_identify(/home/weimar/pfr/yolov8ros_ws) by extension 'ignore'
[0.351s] Level 1:colcon.colcon_core.package_identification:_identify(/home/weimar/pfr/yolov8ros_ws) by extension 'ignore_ament_install'
[0.351s] Level 1:colcon.colcon_core.package_identification:_identify(/home/weimar/pfr/yolov8ros_ws) by extensions ['colcon_pkg']
[0.351s] Level 1:colcon.colcon_core.package_identification:_identify(/home/weimar/pfr/yolov8ros_ws) by extension 'colcon_pkg'
[0.351s] Level 1:colcon.colcon_core.package_identification:_identify(/home/weimar/pfr/yolov8ros_ws) by extensions ['colcon_meta']
[0.351s] Level 1:colcon.colcon_core.package_identification:_identify(/home/weimar/pfr/yolov8ros_ws) by extension 'colcon_meta'
[0.351s] Level 1:colcon.colcon_core.package_identification:_identify(/home/weimar/pfr/yolov8ros_ws) by extensions ['ros']
[0.351s] Level 1:colcon.colcon_core.package_identification:_identify(/home/weimar/pfr/yolov8ros_ws) by extension 'ros'
[0.373s] Level 1:colcon.colcon_core.package_identification:_identify(/home/weimar/pfr/yolov8ros_ws) by extensions ['cmake', 'python']
[0.373s] Level 1:colcon.colcon_core.package_identification:_identify(/home/weimar/pfr/yolov8ros_ws) by extension 'cmake'
[0.373s] Level 1:colcon.colcon_core.package_identification:_identify(/home/weimar/pfr/yolov8ros_ws) by extension 'python'
[0.374s] Level 1:colcon.colcon_core.package_identification:_identify(/home/weimar/pfr/yolov8ros_ws) by extensions ['python_setup_py']
[0.374s] Level 1:colcon.colcon_core.package_identification:_identify(/home/weimar/pfr/yolov8ros_ws) by extension 'python_setup_py'
[0.374s] Level 1:colcon.colcon_core.package_identification:_identify(/home/weimar/pfr/yolov8ros_ws/build) by extensions ['ignore', 'ignore_ament_install']
[0.374s] Level 1:colcon.colcon_core.package_identification:_identify(/home/weimar/pfr/yolov8ros_ws/build) by extension 'ignore'
[0.374s] Level 1:colcon.colcon_core.package_identification:_identify(/home/weimar/pfr/yolov8ros_ws/build) ignored
[0.374s] Level 1:colcon.colcon_core.package_identification:_identify(/home/weimar/pfr/yolov8ros_ws/install) by extensions ['ignore', 'ignore_ament_install']
[0.374s] Level 1:colcon.colcon_core.package_identification:_identify(/home/weimar/pfr/yolov8ros_ws/install) by extension 'ignore'
[0.374s] Level 1:colcon.colcon_core.package_identification:_identify(/home/weimar/pfr/yolov8ros_ws/install) ignored
[0.374s] Level 1:colcon.colcon_core.package_identification:_identify(/home/weimar/pfr/yolov8ros_ws/log) by extensions ['ignore', 'ignore_ament_install']
[0.374s] Level 1:colcon.colcon_core.package_identification:_identify(/home/weimar/pfr/yolov8ros_ws/log) by extension 'ignore'
[0.374s] Level 1:colcon.colcon_core.package_identification:_identify(/home/weimar/pfr/yolov8ros_ws/log) ignored
[0.374s] Level 1:colcon.colcon_core.package_identification:_identify(/home/weimar/pfr/yolov8ros_ws/runs) by extensions ['ignore', 'ignore_ament_install']
[0.374s] Level 1:colcon.colcon_core.package_identification:_identify(/home/weimar/pfr/yolov8ros_ws/runs) by extension 'ignore'
[0.374s] Level 1:colcon.colcon_core.package_identification:_identify(/home/weimar/pfr/yolov8ros_ws/runs) by extension 'ignore_ament_install'
[0.375s] Level 1:colcon.colcon_core.package_identification:_identify(/home/weimar/pfr/yolov8ros_ws/runs) by extensions ['colcon_pkg']
[0.375s] Level 1:colcon.colcon_core.package_identification:_identify(/home/weimar/pfr/yolov8ros_ws/runs) by extension 'colcon_pkg'
[0.375s] Level 1:colcon.colcon_core.package_identification:_identify(/home/weimar/pfr/yolov8ros_ws/runs) by extensions ['colcon_meta']
[0.375s] Level 1:colcon.colcon_core.package_identification:_identify(/home/weimar/pfr/yolov8ros_ws/runs) by extension 'colcon_meta'
[0.375s] Level 1:colcon.colcon_core.package_identification:_identify(/home/weimar/pfr/yolov8ros_ws/runs) by extensions ['ros']
[0.375s] Level 1:colcon.colcon_core.package_identification:_identify(/home/weimar/pfr/yolov8ros_ws/runs) by extension 'ros'
[0.375s] Level 1:colcon.colcon_core.package_identification:_identify(/home/weimar/pfr/yolov8ros_ws/runs) by extensions ['cmake', 'python']
[0.375s] Level 1:colcon.colcon_core.package_identification:_identify(/home/weimar/pfr/yolov8ros_ws/runs) by extension 'cmake'
[0.375s] Level 1:colcon.colcon_core.package_identification:_identify(/home/weimar/pfr/yolov8ros_ws/runs) by extension 'python'
[0.375s] Level 1:colcon.colcon_core.package_identification:_identify(/home/weimar/pfr/yolov8ros_ws/runs) by extensions ['python_setup_py']
[0.375s] Level 1:colcon.colcon_core.package_identification:_identify(/home/weimar/pfr/yolov8ros_ws/runs) by extension 'python_setup_py'
[0.375s] Level 1:colcon.colcon_core.package_identification:_identify(/home/weimar/pfr/yolov8ros_ws/runs/detect) by extensions ['ignore', 'ignore_ament_install']
[0.375s] Level 1:colcon.colcon_core.package_identification:_identify(/home/weimar/pfr/yolov8ros_ws/runs/detect) by extension 'ignore'
[0.375s] Level 1:colcon.colcon_core.package_identification:_identify(/home/weimar/pfr/yolov8ros_ws/runs/detect) by extension 'ignore_ament_install'
[0.375s] Level 1:colcon.colcon_core.package_identification:_identify(/home/weimar/pfr/yolov8ros_ws/runs/detect) by extensions ['colcon_pkg']
[0.375s] Level 1:colcon.colcon_core.package_identification:_identify(/home/weimar/pfr/yolov8ros_ws/runs/detect) by extension 'colcon_pkg'
[0.375s] Level 1:colcon.colcon_core.package_identification:_identify(/home/weimar/pfr/yolov8ros_ws/runs/detect) by extensions ['colcon_meta']
[0.375s] Level 1:colcon.colcon_core.package_identification:_identify(/home/weimar/pfr/yolov8ros_ws/runs/detect) by extension 'colcon_meta'
[0.375s] Level 1:colcon.colcon_core.package_identification:_identify(/home/weimar/pfr/yolov8ros_ws/runs/detect) by extensions ['ros']
[0.375s] Level 1:colcon.colcon_core.package_identification:_identify(/home/weimar/pfr/yolov8ros_ws/runs/detect) by extension 'ros'
[0.375s] Level 1:colcon.colcon_core.package_identification:_identify(/home/weimar/pfr/yolov8ros_ws/runs/detect) by extensions ['cmake', 'python']
[0.375s] Level 1:colcon.colcon_core.package_identification:_identify(/home/weimar/pfr/yolov8ros_ws/runs/detect) by extension 'cmake'
[0.375s] Level 1:colcon.colcon_core.package_identification:_identify(/home/weimar/pfr/yolov8ros_ws/runs/detect) by extension 'python'
[0.376s] Level 1:colcon.colcon_core.package_identification:_identify(/home/weimar/pfr/yolov8ros_ws/runs/detect) by extensions ['python_setup_py']
[0.376s] Level 1:colcon.colcon_core.package_identification:_identify(/home/weimar/pfr/yolov8ros_ws/runs/detect) by extension 'python_setup_py'
[0.376s] Level 1:colcon.colcon_core.package_identification:_identify(/home/weimar/pfr/yolov8ros_ws/runs/detect/predict) by extensions ['ignore', 'ignore_ament_install']
[0.376s] Level 1:colcon.colcon_core.package_identification:_identify(/home/weimar/pfr/yolov8ros_ws/runs/detect/predict) by extension 'ignore'
[0.376s] Level 1:colcon.colcon_core.package_identification:_identify(/home/weimar/pfr/yolov8ros_ws/runs/detect/predict) by extension 'ignore_ament_install'
[0.376s] Level 1:colcon.colcon_core.package_identification:_identify(/home/weimar/pfr/yolov8ros_ws/runs/detect/predict) by extensions ['colcon_pkg']
[0.376s] Level 1:colcon.colcon_core.package_identification:_identify(/home/weimar/pfr/yolov8ros_ws/runs/detect/predict) by extension 'colcon_pkg'
[0.376s] Level 1:colcon.colcon_core.package_identification:_identify(/home/weimar/pfr/yolov8ros_ws/runs/detect/predict) by extensions ['colcon_meta']
[0.376s] Level 1:colcon.colcon_core.package_identification:_identify(/home/weimar/pfr/yolov8ros_ws/runs/detect/predict) by extension 'colcon_meta'
[0.376s] Level 1:colcon.colcon_core.package_identification:_identify(/home/weimar/pfr/yolov8ros_ws/runs/detect/predict) by extensions ['ros']
[0.376s] Level 1:colcon.colcon_core.package_identification:_identify(/home/weimar/pfr/yolov8ros_ws/runs/detect/predict) by extension 'ros'
[0.376s] Level 1:colcon.colcon_core.package_identification:_identify(/home/weimar/pfr/yolov8ros_ws/runs/detect/predict) by extensions ['cmake', 'python']
[0.376s] Level 1:colcon.colcon_core.package_identification:_identify(/home/weimar/pfr/yolov8ros_ws/runs/detect/predict) by extension 'cmake'
[0.376s] Level 1:colcon.colcon_core.package_identification:_identify(/home/weimar/pfr/yolov8ros_ws/runs/detect/predict) by extension 'python'
[0.376s] Level 1:colcon.colcon_core.package_identification:_identify(/home/weimar/pfr/yolov8ros_ws/runs/detect/predict) by extensions ['python_setup_py']
[0.376s] Level 1:colcon.colcon_core.package_identification:_identify(/home/weimar/pfr/yolov8ros_ws/runs/detect/predict) by extension 'python_setup_py'
[0.376s] Level 1:colcon.colcon_core.package_identification:_identify(/home/weimar/pfr/yolov8ros_ws/runs/detect/predict/labels) by extensions ['ignore', 'ignore_ament_install']
[0.376s] Level 1:colcon.colcon_core.package_identification:_identify(/home/weimar/pfr/yolov8ros_ws/runs/detect/predict/labels) by extension 'ignore'
[0.376s] Level 1:colcon.colcon_core.package_identification:_identify(/home/weimar/pfr/yolov8ros_ws/runs/detect/predict/labels) by extension 'ignore_ament_install'
[0.376s] Level 1:colcon.colcon_core.package_identification:_identify(/home/weimar/pfr/yolov8ros_ws/runs/detect/predict/labels) by extensions ['colcon_pkg']
[0.376s] Level 1:colcon.colcon_core.package_identification:_identify(/home/weimar/pfr/yolov8ros_ws/runs/detect/predict/labels) by extension 'colcon_pkg'
[0.376s] Level 1:colcon.colcon_core.package_identification:_identify(/home/weimar/pfr/yolov8ros_ws/runs/detect/predict/labels) by extensions ['colcon_meta']
[0.376s] Level 1:colcon.colcon_core.package_identification:_identify(/home/weimar/pfr/yolov8ros_ws/runs/detect/predict/labels) by extension 'colcon_meta'
[0.376s] Level 1:colcon.colcon_core.package_identification:_identify(/home/weimar/pfr/yolov8ros_ws/runs/detect/predict/labels) by extensions ['ros']
[0.377s] Level 1:colcon.colcon_core.package_identification:_identify(/home/weimar/pfr/yolov8ros_ws/runs/detect/predict/labels) by extension 'ros'
[0.377s] Level 1:colcon.colcon_core.package_identification:_identify(/home/weimar/pfr/yolov8ros_ws/runs/detect/predict/labels) by extensions ['cmake', 'python']
[0.377s] Level 1:colcon.colcon_core.package_identification:_identify(/home/weimar/pfr/yolov8ros_ws/runs/detect/predict/labels) by extension 'cmake'
[0.377s] Level 1:colcon.colcon_core.package_identification:_identify(/home/weimar/pfr/yolov8ros_ws/runs/detect/predict/labels) by extension 'python'
[0.377s] Level 1:colcon.colcon_core.package_identification:_identify(/home/weimar/pfr/yolov8ros_ws/runs/detect/predict/labels) by extensions ['python_setup_py']
[0.377s] Level 1:colcon.colcon_core.package_identification:_identify(/home/weimar/pfr/yolov8ros_ws/runs/detect/predict/labels) by extension 'python_setup_py'
[0.377s] Level 1:colcon.colcon_core.package_identification:_identify(/home/weimar/pfr/yolov8ros_ws/src) by extensions ['ignore', 'ignore_ament_install']
[0.377s] Level 1:colcon.colcon_core.package_identification:_identify(/home/weimar/pfr/yolov8ros_ws/src) by extension 'ignore'
[0.377s] Level 1:colcon.colcon_core.package_identification:_identify(/home/weimar/pfr/yolov8ros_ws/src) by extension 'ignore_ament_install'
[0.377s] Level 1:colcon.colcon_core.package_identification:_identify(/home/weimar/pfr/yolov8ros_ws/src) by extensions ['colcon_pkg']
[0.377s] Level 1:colcon.colcon_core.package_identification:_identify(/home/weimar/pfr/yolov8ros_ws/src) by extension 'colcon_pkg'
[0.377s] Level 1:colcon.colcon_core.package_identification:_identify(/home/weimar/pfr/yolov8ros_ws/src) by extensions ['colcon_meta']
[0.377s] Level 1:colcon.colcon_core.package_identification:_identify(/home/weimar/pfr/yolov8ros_ws/src) by extension 'colcon_meta'
[0.377s] Level 1:colcon.colcon_core.package_identification:_identify(/home/weimar/pfr/yolov8ros_ws/src) by extensions ['ros']
[0.377s] Level 1:colcon.colcon_core.package_identification:_identify(/home/weimar/pfr/yolov8ros_ws/src) by extension 'ros'
[0.377s] Level 1:colcon.colcon_core.package_identification:_identify(/home/weimar/pfr/yolov8ros_ws/src) by extensions ['cmake', 'python']
[0.377s] Level 1:colcon.colcon_core.package_identification:_identify(/home/weimar/pfr/yolov8ros_ws/src) by extension 'cmake'
[0.377s] Level 1:colcon.colcon_core.package_identification:_identify(/home/weimar/pfr/yolov8ros_ws/src) by extension 'python'
[0.377s] Level 1:colcon.colcon_core.package_identification:_identify(/home/weimar/pfr/yolov8ros_ws/src) by extensions ['python_setup_py']
[0.377s] Level 1:colcon.colcon_core.package_identification:_identify(/home/weimar/pfr/yolov8ros_ws/src) by extension 'python_setup_py'
[0.377s] Level 1:colcon.colcon_core.package_identification:_identify(/home/weimar/pfr/yolov8ros_ws/src/ros2_yolov8_people_detection) by extensions ['ignore', 'ignore_ament_install']
[0.377s] Level 1:colcon.colcon_core.package_identification:_identify(/home/weimar/pfr/yolov8ros_ws/src/ros2_yolov8_people_detection) by extension 'ignore'
[0.377s] Level 1:colcon.colcon_core.package_identification:_identify(/home/weimar/pfr/yolov8ros_ws/src/ros2_yolov8_people_detection) by extension 'ignore_ament_install'
[0.378s] Level 1:colcon.colcon_core.package_identification:_identify(/home/weimar/pfr/yolov8ros_ws/src/ros2_yolov8_people_detection) by extensions ['colcon_pkg']
[0.378s] Level 1:colcon.colcon_core.package_identification:_identify(/home/weimar/pfr/yolov8ros_ws/src/ros2_yolov8_people_detection) by extension 'colcon_pkg'
[0.378s] Level 1:colcon.colcon_core.package_identification:_identify(/home/weimar/pfr/yolov8ros_ws/src/ros2_yolov8_people_detection) by extensions ['colcon_meta']
[0.378s] Level 1:colcon.colcon_core.package_identification:_identify(/home/weimar/pfr/yolov8ros_ws/src/ros2_yolov8_people_detection) by extension 'colcon_meta'
[0.378s] Level 1:colcon.colcon_core.package_identification:_identify(/home/weimar/pfr/yolov8ros_ws/src/ros2_yolov8_people_detection) by extensions ['ros']
[0.378s] Level 1:colcon.colcon_core.package_identification:_identify(/home/weimar/pfr/yolov8ros_ws/src/ros2_yolov8_people_detection) by extension 'ros'
[0.378s] Level 1:colcon.colcon_core.package_identification:_identify(/home/weimar/pfr/yolov8ros_ws/src/ros2_yolov8_people_detection) by extensions ['cmake', 'python']
[0.378s] Level 1:colcon.colcon_core.package_identification:_identify(/home/weimar/pfr/yolov8ros_ws/src/ros2_yolov8_people_detection) by extension 'cmake'
[0.378s] Level 1:colcon.colcon_core.package_identification:_identify(/home/weimar/pfr/yolov8ros_ws/src/ros2_yolov8_people_detection) by extension 'python'
[0.378s] Level 1:colcon.colcon_core.package_identification:_identify(/home/weimar/pfr/yolov8ros_ws/src/ros2_yolov8_people_detection) by extensions ['python_setup_py']
[0.378s] Level 1:colcon.colcon_core.package_identification:_identify(/home/weimar/pfr/yolov8ros_ws/src/ros2_yolov8_people_detection) by extension 'python_setup_py'
[0.378s] Level 1:colcon.colcon_core.package_identification:_identify(/home/weimar/pfr/yolov8ros_ws/src/ros2_yolov8_people_detection/people_detector) by extensions ['ignore', 'ignore_ament_install']
[0.378s] Level 1:colcon.colcon_core.package_identification:_identify(/home/weimar/pfr/yolov8ros_ws/src/ros2_yolov8_people_detection/people_detector) by extension 'ignore'
[0.378s] Level 1:colcon.colcon_core.package_identification:_identify(/home/weimar/pfr/yolov8ros_ws/src/ros2_yolov8_people_detection/people_detector) by extension 'ignore_ament_install'
[0.378s] Level 1:colcon.colcon_core.package_identification:_identify(/home/weimar/pfr/yolov8ros_ws/src/ros2_yolov8_people_detection/people_detector) by extensions ['colcon_pkg']
[0.378s] Level 1:colcon.colcon_core.package_identification:_identify(/home/weimar/pfr/yolov8ros_ws/src/ros2_yolov8_people_detection/people_detector) by extension 'colcon_pkg'
[0.378s] Level 1:colcon.colcon_core.package_identification:_identify(/home/weimar/pfr/yolov8ros_ws/src/ros2_yolov8_people_detection/people_detector) by extensions ['colcon_meta']
[0.378s] Level 1:colcon.colcon_core.package_identification:_identify(/home/weimar/pfr/yolov8ros_ws/src/ros2_yolov8_people_detection/people_detector) by extension 'colcon_meta'
[0.378s] Level 1:colcon.colcon_core.package_identification:_identify(/home/weimar/pfr/yolov8ros_ws/src/ros2_yolov8_people_detection/people_detector) by extensions ['ros']
[0.379s] Level 1:colcon.colcon_core.package_identification:_identify(/home/weimar/pfr/yolov8ros_ws/src/ros2_yolov8_people_detection/people_detector) by extension 'ros'
[0.383s] DEBUG:colcon.colcon_core.package_identification:Package '/home/weimar/pfr/yolov8ros_ws/src/ros2_yolov8_people_detection/people_detector' with type 'ros.ament_python' and name 'people_detector'
[0.383s] Level 1:colcon.colcon_core.package_discovery:discover_packages(recursive) using defaults
