[0.589s] Invoking command in '/home/weimar/kinet/otronod_ws/src/kinect_compressor': PYTHONPATH=/home/weimar/kinet/otronod_ws/build/kinect_compressor/prefix_override:/usr/lib/python3/dist-packages/colcon_core/task/python/colcon_distutils_commands:/home/weimar/kinet/otronod_ws/install/kinect_compressor/lib/python3.10/site-packages:${PYTHONPATH} /usr/bin/python3 -W ignore:setup.py install is deprecated -W ignore:easy_install command is deprecated setup.py egg_info --egg-base ../../build/kinect_compressor build --build-base /home/weimar/kinet/otronod_ws/build/kinect_compressor/build install --record /home/weimar/kinet/otronod_ws/build/kinect_compressor/install.log --single-version-externally-managed install_data
[0.814s] running egg_info
[0.815s] writing ../../build/kinect_compressor/kinect_compressor.egg-info/PKG-INFO
[0.815s] writing dependency_links to ../../build/kinect_compressor/kinect_compressor.egg-info/dependency_links.txt
[0.815s] writing entry points to ../../build/kinect_compressor/kinect_compressor.egg-info/entry_points.txt
[0.815s] writing requirements to ../../build/kinect_compressor/kinect_compressor.egg-info/requires.txt
[0.815s] writing top-level names to ../../build/kinect_compressor/kinect_compressor.egg-info/top_level.txt
[0.817s] reading manifest file '../../build/kinect_compressor/kinect_compressor.egg-info/SOURCES.txt'
[0.817s] writing manifest file '../../build/kinect_compressor/kinect_compressor.egg-info/SOURCES.txt'
[0.817s] running build
[0.817s] running build_py
[0.818s] copying kinect_compressor/pidyolo.py -> /home/weimar/kinet/otronod_ws/build/kinect_compressor/build/lib/kinect_compressor
[0.818s] running install
[0.818s] running install_lib
[0.819s] copying /home/weimar/kinet/otronod_ws/build/kinect_compressor/build/lib/kinect_compressor/pidyolo.py -> /home/weimar/kinet/otronod_ws/install/kinect_compressor/lib/python3.10/site-packages/kinect_compressor
[0.819s] byte-compiling /home/weimar/kinet/otronod_ws/install/kinect_compressor/lib/python3.10/site-packages/kinect_compressor/pidyolo.py to pidyolo.cpython-310.pyc
[0.820s] running install_data
[0.820s] running install_egg_info
[0.821s] removing '/home/weimar/kinet/otronod_ws/install/kinect_compressor/lib/python3.10/site-packages/kinect_compressor-0.0.0-py3.10.egg-info' (and everything under it)
[0.822s] Copying ../../build/kinect_compressor/kinect_compressor.egg-info to /home/weimar/kinet/otronod_ws/install/kinect_compressor/lib/python3.10/site-packages/kinect_compressor-0.0.0-py3.10.egg-info
[0.822s] running install_scripts
[0.839s] Installing depth_to_scan script to /home/weimar/kinet/otronod_ws/install/kinect_compressor/lib/kinect_compressor
[0.839s] Installing fake_odom script to /home/weimar/kinet/otronod_ws/install/kinect_compressor/lib/kinect_compressor
[0.839s] Installing kinect_image script to /home/weimar/kinet/otronod_ws/install/kinect_compressor/lib/kinect_compressor
[0.839s] Installing modo_giro script to /home/weimar/kinet/otronod_ws/install/kinect_compressor/lib/kinect_compressor
[0.840s] Installing pid_controller script to /home/weimar/kinet/otronod_ws/install/kinect_compressor/lib/kinect_compressor
[0.840s] writing list of installed files to '/home/weimar/kinet/otronod_ws/build/kinect_compressor/install.log'
[0.860s] Invoked command in '/home/weimar/kinet/otronod_ws/src/kinect_compressor' returned '0': PYTHONPATH=/home/weimar/kinet/otronod_ws/build/kinect_compressor/prefix_override:/usr/lib/python3/dist-packages/colcon_core/task/python/colcon_distutils_commands:/home/weimar/kinet/otronod_ws/install/kinect_compressor/lib/python3.10/site-packages:${PYTHONPATH} /usr/bin/python3 -W ignore:setup.py install is deprecated -W ignore:easy_install command is deprecated setup.py egg_info --egg-base ../../build/kinect_compressor build --build-base /home/weimar/kinet/otronod_ws/build/kinect_compressor/build install --record /home/weimar/kinet/otronod_ws/build/kinect_compressor/install.log --single-version-externally-managed install_data
