[0.187s] DEBUG:colcon:Command line arguments: ['/usr/bin/colcon', 'build']
[0.187s] DEBUG:colcon:Parsed command line arguments: Namespace(log_base=None, log_level=None, verb_name='build', build_base='build', install_base='install', merge_install=False, symlink_install=False, test_result_base=None, continue_on_error=False, executor='parallel', parallel_workers=16, event_handlers=None, ignore_user_meta=False, metas=['./colcon.meta'], base_paths=['.'], packages_ignore=None, packages_ignore_regex=None, paths=None, packages_up_to=None, packages_up_to_regex=None, packages_above=None, packages_above_and_dependencies=None, packages_above_depth=None, packages_select_by_dep=None, packages_skip_by_dep=None, packages_skip_up_to=None, packages_select_build_failed=False, packages_skip_build_finished=False, packages_select_test_failures=False, packages_skip_test_passed=False, packages_select=None, packages_skip=None, packages_select_regex=None, packages_skip_regex=None, packages_start=None, packages_end=None, allow_overriding=[], cmake_args=None, cmake_target=None, cmake_target_skip_unavailable=False, cmake_clean_cache=False, cmake_clean_first=False, cmake_force_configure=False, ament_cmake_args=None, catkin_cmake_args=None, catkin_skip_building_tests=False, mixin_files=None, mixin=None, verb_parser=<colcon_mixin.mixin.mixin_argument.MixinArgumentDecorator object at 0x79022d914340>, verb_extension=<colcon_core.verb.build.BuildVerb object at 0x79022daa52d0>, main=<bound method BuildVerb.main of <colcon_core.verb.build.BuildVerb object at 0x79022daa52d0>>, mixin_verb=('build',))
[0.411s] Level 1:colcon.colcon_core.package_discovery:discover_packages(colcon_meta) check parameters
[0.411s] Level 1:colcon.colcon_core.package_discovery:discover_packages(recursive) check parameters
[0.411s] Level 1:colcon.colcon_core.package_discovery:discover_packages(ignore) check parameters
[0.412s] Level 1:colcon.colcon_core.package_discovery:discover_packages(path) check parameters
[0.412s] Level 1:colcon.colcon_core.package_discovery:discover_packages(colcon_meta) discover
[0.412s] Level 1:colcon.colcon_core.package_discovery:discover_packages(recursive) discover
[0.412s] INFO:colcon.colcon_core.package_discovery:Crawling recursively for packages in '/home/weimar/kinet/kinet_ws'
[0.412s] Level 1:colcon.colcon_core.package_identification:_identify(.) by extensions ['ignore', 'ignore_ament_install']
[0.412s] Level 1:colcon.colcon_core.package_identification:_identify(.) by extension 'ignore'
[0.412s] Level 1:colcon.colcon_core.package_identification:_identify(.) by extension 'ignore_ament_install'
[0.412s] Level 1:colcon.colcon_core.package_identification:_identify(.) by extensions ['colcon_pkg']
[0.412s] Level 1:colcon.colcon_core.package_identification:_identify(.) by extension 'colcon_pkg'
[0.412s] Level 1:colcon.colcon_core.package_identification:_identify(.) by extensions ['colcon_meta']
[0.412s] Level 1:colcon.colcon_core.package_identification:_identify(.) by extension 'colcon_meta'
[0.412s] Level 1:colcon.colcon_core.package_identification:_identify(.) by extensions ['ros']
[0.412s] Level 1:colcon.colcon_core.package_identification:_identify(.) by extension 'ros'
[0.434s] Level 1:colcon.colcon_core.package_identification:_identify(.) by extensions ['cmake', 'python']
[0.434s] Level 1:colcon.colcon_core.package_identification:_identify(.) by extension 'cmake'
[0.434s] Level 1:colcon.colcon_core.package_identification:_identify(.) by extension 'python'
[0.434s] Level 1:colcon.colcon_core.package_identification:_identify(.) by extensions ['python_setup_py']
[0.434s] Level 1:colcon.colcon_core.package_identification:_identify(.) by extension 'python_setup_py'
[0.434s] Level 1:colcon.colcon_core.package_identification:_identify(build) by extensions ['ignore', 'ignore_ament_install']
[0.434s] Level 1:colcon.colcon_core.package_identification:_identify(build) by extension 'ignore'
[0.434s] Level 1:colcon.colcon_core.package_identification:_identify(build) ignored
[0.434s] Level 1:colcon.colcon_core.package_identification:_identify(install) by extensions ['ignore', 'ignore_ament_install']
[0.434s] Level 1:colcon.colcon_core.package_identification:_identify(install) by extension 'ignore'
[0.434s] Level 1:colcon.colcon_core.package_identification:_identify(install) ignored
[0.435s] Level 1:colcon.colcon_core.package_identification:_identify(log) by extensions ['ignore', 'ignore_ament_install']
[0.435s] Level 1:colcon.colcon_core.package_identification:_identify(log) by extension 'ignore'
[0.435s] Level 1:colcon.colcon_core.package_identification:_identify(log) ignored
[0.435s] Level 1:colcon.colcon_core.package_identification:_identify(src) by extensions ['ignore', 'ignore_ament_install']
[0.435s] Level 1:colcon.colcon_core.package_identification:_identify(src) by extension 'ignore'
[0.436s] Level 1:colcon.colcon_core.package_identification:_identify(src) by extension 'ignore_ament_install'
[0.436s] Level 1:colcon.colcon_core.package_identification:_identify(src) by extensions ['colcon_pkg']
[0.436s] Level 1:colcon.colcon_core.package_identification:_identify(src) by extension 'colcon_pkg'
[0.436s] Level 1:colcon.colcon_core.package_identification:_identify(src) by extensions ['colcon_meta']
[0.436s] Level 1:colcon.colcon_core.package_identification:_identify(src) by extension 'colcon_meta'
[0.436s] Level 1:colcon.colcon_core.package_identification:_identify(src) by extensions ['ros']
[0.436s] Level 1:colcon.colcon_core.package_identification:_identify(src) by extension 'ros'
[0.436s] Level 1:colcon.colcon_core.package_identification:_identify(src) by extensions ['cmake', 'python']
[0.436s] Level 1:colcon.colcon_core.package_identification:_identify(src) by extension 'cmake'
[0.436s] Level 1:colcon.colcon_core.package_identification:_identify(src) by extension 'python'
[0.436s] Level 1:colcon.colcon_core.package_identification:_identify(src) by extensions ['python_setup_py']
[0.436s] Level 1:colcon.colcon_core.package_identification:_identify(src) by extension 'python_setup_py'
[0.436s] Level 1:colcon.colcon_core.package_identification:_identify(src/cloud_decomp) by extensions ['ignore', 'ignore_ament_install']
[0.436s] Level 1:colcon.colcon_core.package_identification:_identify(src/cloud_decomp) by extension 'ignore'
[0.436s] Level 1:colcon.colcon_core.package_identification:_identify(src/cloud_decomp) by extension 'ignore_ament_install'
[0.436s] Level 1:colcon.colcon_core.package_identification:_identify(src/cloud_decomp) by extensions ['colcon_pkg']
[0.436s] Level 1:colcon.colcon_core.package_identification:_identify(src/cloud_decomp) by extension 'colcon_pkg'
[0.436s] Level 1:colcon.colcon_core.package_identification:_identify(src/cloud_decomp) by extensions ['colcon_meta']
[0.436s] Level 1:colcon.colcon_core.package_identification:_identify(src/cloud_decomp) by extension 'colcon_meta'
[0.436s] Level 1:colcon.colcon_core.package_identification:_identify(src/cloud_decomp) by extensions ['ros']
[0.437s] Level 1:colcon.colcon_core.package_identification:_identify(src/cloud_decomp) by extension 'ros'
[0.439s] DEBUG:colcon.colcon_core.package_identification:Package 'src/cloud_decomp' with type 'ros.ament_python' and name 'cloud_decomp'
[0.439s] Level 1:colcon.colcon_core.package_identification:_identify(src/kinect_ros2) by extensions ['ignore', 'ignore_ament_install']
[0.439s] Level 1:colcon.colcon_core.package_identification:_identify(src/kinect_ros2) by extension 'ignore'
[0.439s] Level 1:colcon.colcon_core.package_identification:_identify(src/kinect_ros2) by extension 'ignore_ament_install'
[0.439s] Level 1:colcon.colcon_core.package_identification:_identify(src/kinect_ros2) by extensions ['colcon_pkg']
[0.439s] Level 1:colcon.colcon_core.package_identification:_identify(src/kinect_ros2) by extension 'colcon_pkg'
[0.439s] Level 1:colcon.colcon_core.package_identification:_identify(src/kinect_ros2) by extensions ['colcon_meta']
[0.439s] Level 1:colcon.colcon_core.package_identification:_identify(src/kinect_ros2) by extension 'colcon_meta'
[0.440s] Level 1:colcon.colcon_core.package_identification:_identify(src/kinect_ros2) by extensions ['ros']
[0.440s] Level 1:colcon.colcon_core.package_identification:_identify(src/kinect_ros2) by extension 'ros'
[0.441s] DEBUG:colcon.colcon_core.package_identification:Package 'src/kinect_ros2' with type 'ros.ament_cmake' and name 'kinect_ros2'
[0.441s] Level 1:colcon.colcon_core.package_discovery:discover_packages(recursive) using defaults
[0.441s] Level 1:colcon.colcon_core.package_discovery:discover_packages(ignore) discover
[0.441s] Level 1:colcon.colcon_core.package_discovery:discover_packages(ignore) using defaults
[0.441s] Level 1:colcon.colcon_core.package_discovery:discover_packages(path) discover
[0.441s] Level 1:colcon.colcon_core.package_discovery:discover_packages(path) using defaults
[0.466s] Level 1:colcon.colcon_core.package_discovery:discover_packages(prefix_path) check parameters
[0.466s] Level 1:colcon.colcon_core.package_discovery:discover_packages(prefix_path) discover
[0.472s] DEBUG:colcon.colcon_installed_package_information.package_discovery:Found 442 installed packages in /opt/ros/humble
[0.475s] Level 1:colcon.colcon_core.package_discovery:discover_packages(prefix_path) using defaults
[0.532s] Level 5:colcon.colcon_core.verb:set package 'cloud_decomp' build argument 'cmake_args' from command line to 'None'
[0.532s] Level 5:colcon.colcon_core.verb:set package 'cloud_decomp' build argument 'cmake_target' from command line to 'None'
[0.532s] Level 5:colcon.colcon_core.verb:set package 'cloud_decomp' build argument 'cmake_target_skip_unavailable' from command line to 'False'
[0.532s] Level 5:colcon.colcon_core.verb:set package 'cloud_decomp' build argument 'cmake_clean_cache' from command line to 'False'
[0.533s] Level 5:colcon.colcon_core.verb:set package 'cloud_decomp' build argument 'cmake_clean_first' from command line to 'False'
[0.533s] Level 5:colcon.colcon_core.verb:set package 'cloud_decomp' build argument 'cmake_force_configure' from command line to 'False'
[0.533s] Level 5:colcon.colcon_core.verb:set package 'cloud_decomp' build argument 'ament_cmake_args' from command line to 'None'
[0.533s] Level 5:colcon.colcon_core.verb:set package 'cloud_decomp' build argument 'catkin_cmake_args' from command line to 'None'
[0.533s] Level 5:colcon.colcon_core.verb:set package 'cloud_decomp' build argument 'catkin_skip_building_tests' from command line to 'False'
[0.533s] DEBUG:colcon.colcon_core.verb:Building package 'cloud_decomp' with the following arguments: {'ament_cmake_args': None, 'build_base': '/home/weimar/kinet/kinet_ws/build/cloud_decomp', 'catkin_cmake_args': None, 'catkin_skip_building_tests': False, 'cmake_args': None, 'cmake_clean_cache': False, 'cmake_clean_first': False, 'cmake_force_configure': False, 'cmake_target': None, 'cmake_target_skip_unavailable': False, 'install_base': '/home/weimar/kinet/kinet_ws/install/cloud_decomp', 'merge_install': False, 'path': '/home/weimar/kinet/kinet_ws/src/cloud_decomp', 'symlink_install': False, 'test_result_base': None}
[0.533s] Level 5:colcon.colcon_core.verb:set package 'kinect_ros2' build argument 'cmake_args' from command line to 'None'
[0.533s] Level 5:colcon.colcon_core.verb:set package 'kinect_ros2' build argument 'cmake_target' from command line to 'None'
[0.533s] Level 5:colcon.colcon_core.verb:set package 'kinect_ros2' build argument 'cmake_target_skip_unavailable' from command line to 'False'
[0.533s] Level 5:colcon.colcon_core.verb:set package 'kinect_ros2' build argument 'cmake_clean_cache' from command line to 'False'
[0.533s] Level 5:colcon.colcon_core.verb:set package 'kinect_ros2' build argument 'cmake_clean_first' from command line to 'False'
[0.533s] Level 5:colcon.colcon_core.verb:set package 'kinect_ros2' build argument 'cmake_force_configure' from command line to 'False'
[0.533s] Level 5:colcon.colcon_core.verb:set package 'kinect_ros2' build argument 'ament_cmake_args' from command line to 'None'
[0.533s] Level 5:colcon.colcon_core.verb:set package 'kinect_ros2' build argument 'catkin_cmake_args' from command line to 'None'
[0.533s] Level 5:colcon.colcon_core.verb:set package 'kinect_ros2' build argument 'catkin_skip_building_tests' from command line to 'False'
[0.533s] DEBUG:colcon.colcon_core.verb:Building package 'kinect_ros2' with the following arguments: {'ament_cmake_args': None, 'build_base': '/home/weimar/kinet/kinet_ws/build/kinect_ros2', 'catkin_cmake_args': None, 'catkin_skip_building_tests': False, 'cmake_args': None, 'cmake_clean_cache': False, 'cmake_clean_first': False, 'cmake_force_configure': False, 'cmake_target': None, 'cmake_target_skip_unavailable': False, 'install_base': '/home/weimar/kinet/kinet_ws/install/kinect_ros2', 'merge_install': False, 'path': '/home/weimar/kinet/kinet_ws/src/kinect_ros2', 'symlink_install': False, 'test_result_base': None}
[0.533s] INFO:colcon.colcon_core.executor:Executing jobs using 'parallel' executor
[0.535s] DEBUG:colcon.colcon_parallel_executor.executor.parallel:run_until_complete
[0.535s] INFO:colcon.colcon_ros.task.ament_python.build:Building ROS package in '/home/weimar/kinet/kinet_ws/src/cloud_decomp' with build type 'ament_python'
[0.536s] Level 1:colcon.colcon_core.shell:create_environment_hook('cloud_decomp', 'ament_prefix_path')
[0.541s] INFO:colcon.colcon_core.plugin_system:Skipping extension 'colcon_core.shell.bat': Not used on non-Windows systems
[0.542s] INFO:colcon.colcon_core.shell:Creating environment hook '/home/weimar/kinet/kinet_ws/install/cloud_decomp/share/cloud_decomp/hook/ament_prefix_path.ps1'
[0.543s] INFO:colcon.colcon_core.shell:Creating environment descriptor '/home/weimar/kinet/kinet_ws/install/cloud_decomp/share/cloud_decomp/hook/ament_prefix_path.dsv'
[0.543s] INFO:colcon.colcon_core.shell:Creating environment hook '/home/weimar/kinet/kinet_ws/install/cloud_decomp/share/cloud_decomp/hook/ament_prefix_path.sh'
[0.544s] INFO:colcon.colcon_core.shell:Skip shell extension 'powershell' for command environment: Not usable outside of PowerShell
[0.544s] DEBUG:colcon.colcon_core.shell:Skip shell extension 'dsv' for command environment
[0.548s] INFO:colcon.colcon_ros.task.ament_cmake.build:Building ROS package in '/home/weimar/kinet/kinet_ws/src/kinect_ros2' with build type 'ament_cmake'
[0.548s] INFO:colcon.colcon_cmake.task.cmake.build:Building CMake package in '/home/weimar/kinet/kinet_ws/src/kinect_ros2'
[0.548s] INFO:colcon.colcon_core.shell:Skip shell extension 'powershell' for command environment: Not usable outside of PowerShell
[0.548s] DEBUG:colcon.colcon_core.shell:Skip shell extension 'dsv' for command environment
[0.918s] INFO:colcon.colcon_core.task.python.build:Building Python package in '/home/weimar/kinet/kinet_ws/src/cloud_decomp'
[0.918s] INFO:colcon.colcon_core.shell:Skip shell extension 'powershell' for command environment: Not usable outside of PowerShell
[0.919s] DEBUG:colcon.colcon_core.shell:Skip shell extension 'dsv' for command environment
[0.935s] DEBUG:colcon.colcon_core.event_handler.log_command:Invoking command in '/home/weimar/kinet/kinet_ws/build/kinect_ros2': CMAKE_PREFIX_PATH=/opt/ros/humble /usr/bin/cmake --build /home/weimar/kinet/kinet_ws/build/kinect_ros2 -- -j16 -l16
[1.077s] DEBUG:colcon.colcon_core.event_handler.log_command:Invoked command in '/home/weimar/kinet/kinet_ws/build/kinect_ros2' returned '0': CMAKE_PREFIX_PATH=/opt/ros/humble /usr/bin/cmake --build /home/weimar/kinet/kinet_ws/build/kinect_ros2 -- -j16 -l16
[1.090s] DEBUG:colcon.colcon_core.event_handler.log_command:Invoking command in '/home/weimar/kinet/kinet_ws/build/kinect_ros2': CMAKE_PREFIX_PATH=/opt/ros/humble /usr/bin/cmake --install /home/weimar/kinet/kinet_ws/build/kinect_ros2
[1.105s] Level 1:colcon.colcon_core.environment:create_environment_scripts_only(kinect_ros2)
[1.105s] DEBUG:colcon.colcon_core.event_handler.log_command:Invoked command in '/home/weimar/kinet/kinet_ws/build/kinect_ros2' returned '0': CMAKE_PREFIX_PATH=/opt/ros/humble /usr/bin/cmake --install /home/weimar/kinet/kinet_ws/build/kinect_ros2
[1.111s] Level 1:colcon.colcon_core.environment:checking '/home/weimar/kinet/kinet_ws/install/kinect_ros2' for CMake module files
[1.112s] Level 1:colcon.colcon_core.environment:checking '/home/weimar/kinet/kinet_ws/install/kinect_ros2' for CMake config files
[1.113s] Level 1:colcon.colcon_core.shell:create_environment_hook('kinect_ros2', 'cmake_prefix_path')
[1.113s] INFO:colcon.colcon_core.shell:Creating environment hook '/home/weimar/kinet/kinet_ws/install/kinect_ros2/share/kinect_ros2/hook/cmake_prefix_path.ps1'
[1.114s] INFO:colcon.colcon_core.shell:Creating environment descriptor '/home/weimar/kinet/kinet_ws/install/kinect_ros2/share/kinect_ros2/hook/cmake_prefix_path.dsv'
[1.115s] INFO:colcon.colcon_core.shell:Creating environment hook '/home/weimar/kinet/kinet_ws/install/kinect_ros2/share/kinect_ros2/hook/cmake_prefix_path.sh'
[1.116s] Level 1:colcon.colcon_core.environment:checking '/home/weimar/kinet/kinet_ws/install/kinect_ros2/lib'
[1.117s] Level 1:colcon.colcon_core.shell:create_environment_hook('kinect_ros2', 'ld_library_path_lib')
[1.117s] INFO:colcon.colcon_core.shell:Creating environment hook '/home/weimar/kinet/kinet_ws/install/kinect_ros2/share/kinect_ros2/hook/ld_library_path_lib.ps1'
[1.117s] INFO:colcon.colcon_core.shell:Creating environment descriptor '/home/weimar/kinet/kinet_ws/install/kinect_ros2/share/kinect_ros2/hook/ld_library_path_lib.dsv'
[1.118s] INFO:colcon.colcon_core.shell:Creating environment hook '/home/weimar/kinet/kinet_ws/install/kinect_ros2/share/kinect_ros2/hook/ld_library_path_lib.sh'
[1.118s] Level 1:colcon.colcon_core.environment:checking '/home/weimar/kinet/kinet_ws/install/kinect_ros2/bin'
[1.118s] Level 1:colcon.colcon_core.environment:checking '/home/weimar/kinet/kinet_ws/install/kinect_ros2/lib/pkgconfig/kinect_ros2.pc'
[1.119s] Level 1:colcon.colcon_core.environment:checking '/home/weimar/kinet/kinet_ws/install/kinect_ros2/lib/python3.10/site-packages'
[1.119s] Level 1:colcon.colcon_core.environment:checking '/home/weimar/kinet/kinet_ws/install/kinect_ros2/bin'
[1.119s] INFO:colcon.colcon_core.shell:Creating package script '/home/weimar/kinet/kinet_ws/install/kinect_ros2/share/kinect_ros2/package.ps1'
[1.121s] INFO:colcon.colcon_core.shell:Creating package descriptor '/home/weimar/kinet/kinet_ws/install/kinect_ros2/share/kinect_ros2/package.dsv'
[1.121s] INFO:colcon.colcon_core.shell:Creating package script '/home/weimar/kinet/kinet_ws/install/kinect_ros2/share/kinect_ros2/package.sh'
[1.122s] INFO:colcon.colcon_core.shell:Creating package script '/home/weimar/kinet/kinet_ws/install/kinect_ros2/share/kinect_ros2/package.bash'
[1.123s] INFO:colcon.colcon_core.shell:Creating package script '/home/weimar/kinet/kinet_ws/install/kinect_ros2/share/kinect_ros2/package.zsh'
[1.124s] Level 1:colcon.colcon_core.environment:create_file_with_runtime_dependencies(/home/weimar/kinet/kinet_ws/install/kinect_ros2/share/colcon-core/packages/kinect_ros2)
[1.125s] Level 1:colcon.colcon_core.environment:create_environment_scripts_only(kinect_ros2)
[1.125s] Level 1:colcon.colcon_core.environment:checking '/home/weimar/kinet/kinet_ws/install/kinect_ros2' for CMake module files
[1.126s] Level 1:colcon.colcon_core.environment:checking '/home/weimar/kinet/kinet_ws/install/kinect_ros2' for CMake config files
[1.126s] Level 1:colcon.colcon_core.shell:create_environment_hook('kinect_ros2', 'cmake_prefix_path')
[1.127s] INFO:colcon.colcon_core.shell:Creating environment hook '/home/weimar/kinet/kinet_ws/install/kinect_ros2/share/kinect_ros2/hook/cmake_prefix_path.ps1'
[1.127s] INFO:colcon.colcon_core.shell:Creating environment descriptor '/home/weimar/kinet/kinet_ws/install/kinect_ros2/share/kinect_ros2/hook/cmake_prefix_path.dsv'
[1.127s] INFO:colcon.colcon_core.shell:Creating environment hook '/home/weimar/kinet/kinet_ws/install/kinect_ros2/share/kinect_ros2/hook/cmake_prefix_path.sh'
[1.128s] Level 1:colcon.colcon_core.environment:checking '/home/weimar/kinet/kinet_ws/install/kinect_ros2/lib'
[1.128s] Level 1:colcon.colcon_core.shell:create_environment_hook('kinect_ros2', 'ld_library_path_lib')
[1.128s] INFO:colcon.colcon_core.shell:Creating environment hook '/home/weimar/kinet/kinet_ws/install/kinect_ros2/share/kinect_ros2/hook/ld_library_path_lib.ps1'
[1.129s] INFO:colcon.colcon_core.shell:Creating environment descriptor '/home/weimar/kinet/kinet_ws/install/kinect_ros2/share/kinect_ros2/hook/ld_library_path_lib.dsv'
[1.129s] INFO:colcon.colcon_core.shell:Creating environment hook '/home/weimar/kinet/kinet_ws/install/kinect_ros2/share/kinect_ros2/hook/ld_library_path_lib.sh'
[1.130s] Level 1:colcon.colcon_core.environment:checking '/home/weimar/kinet/kinet_ws/install/kinect_ros2/bin'
[1.130s] Level 1:colcon.colcon_core.environment:checking '/home/weimar/kinet/kinet_ws/install/kinect_ros2/lib/pkgconfig/kinect_ros2.pc'
[1.130s] Level 1:colcon.colcon_core.environment:checking '/home/weimar/kinet/kinet_ws/install/kinect_ros2/lib/python3.10/site-packages'
[1.131s] Level 1:colcon.colcon_core.environment:checking '/home/weimar/kinet/kinet_ws/install/kinect_ros2/bin'
[1.131s] INFO:colcon.colcon_core.shell:Creating package script '/home/weimar/kinet/kinet_ws/install/kinect_ros2/share/kinect_ros2/package.ps1'
[1.132s] INFO:colcon.colcon_core.shell:Creating package descriptor '/home/weimar/kinet/kinet_ws/install/kinect_ros2/share/kinect_ros2/package.dsv'
[1.132s] INFO:colcon.colcon_core.shell:Creating package script '/home/weimar/kinet/kinet_ws/install/kinect_ros2/share/kinect_ros2/package.sh'
[1.132s] INFO:colcon.colcon_core.shell:Creating package script '/home/weimar/kinet/kinet_ws/install/kinect_ros2/share/kinect_ros2/package.bash'
[1.133s] INFO:colcon.colcon_core.shell:Creating package script '/home/weimar/kinet/kinet_ws/install/kinect_ros2/share/kinect_ros2/package.zsh'
[1.133s] Level 1:colcon.colcon_core.environment:create_file_with_runtime_dependencies(/home/weimar/kinet/kinet_ws/install/kinect_ros2/share/colcon-core/packages/kinect_ros2)
[1.595s] DEBUG:colcon.colcon_core.event_handler.log_command:Invoking command in '/home/weimar/kinet/kinet_ws/src/cloud_decomp': PYTHONPATH=/home/weimar/kinet/kinet_ws/build/cloud_decomp/prefix_override:/usr/lib/python3/dist-packages/colcon_core/task/python/colcon_distutils_commands:/home/weimar/kinet/kinet_ws/install/cloud_decomp/lib/python3.10/site-packages:${PYTHONPATH} /usr/bin/python3 -W ignore:setup.py install is deprecated -W ignore:easy_install command is deprecated setup.py egg_info --egg-base ../../build/cloud_decomp build --build-base /home/weimar/kinet/kinet_ws/build/cloud_decomp/build install --record /home/weimar/kinet/kinet_ws/build/cloud_decomp/install.log --single-version-externally-managed install_data
[2.025s] Level 1:colcon.colcon_core.environment:checking '/home/weimar/kinet/kinet_ws/install/cloud_decomp' for CMake module files
[2.026s] DEBUG:colcon.colcon_core.event_handler.log_command:Invoked command in '/home/weimar/kinet/kinet_ws/src/cloud_decomp' returned '0': PYTHONPATH=/home/weimar/kinet/kinet_ws/build/cloud_decomp/prefix_override:/usr/lib/python3/dist-packages/colcon_core/task/python/colcon_distutils_commands:/home/weimar/kinet/kinet_ws/install/cloud_decomp/lib/python3.10/site-packages:${PYTHONPATH} /usr/bin/python3 -W ignore:setup.py install is deprecated -W ignore:easy_install command is deprecated setup.py egg_info --egg-base ../../build/cloud_decomp build --build-base /home/weimar/kinet/kinet_ws/build/cloud_decomp/build install --record /home/weimar/kinet/kinet_ws/build/cloud_decomp/install.log --single-version-externally-managed install_data
[2.026s] Level 1:colcon.colcon_core.environment:checking '/home/weimar/kinet/kinet_ws/install/cloud_decomp' for CMake config files
[2.027s] Level 1:colcon.colcon_core.environment:checking '/home/weimar/kinet/kinet_ws/install/cloud_decomp/lib'
[2.027s] Level 1:colcon.colcon_core.environment:checking '/home/weimar/kinet/kinet_ws/install/cloud_decomp/bin'
[2.027s] Level 1:colcon.colcon_core.environment:checking '/home/weimar/kinet/kinet_ws/install/cloud_decomp/lib/pkgconfig/cloud_decomp.pc'
[2.027s] Level 1:colcon.colcon_core.environment:checking '/home/weimar/kinet/kinet_ws/install/cloud_decomp/lib/python3.10/site-packages'
[2.027s] Level 1:colcon.colcon_core.shell:create_environment_hook('cloud_decomp', 'pythonpath')
[2.027s] INFO:colcon.colcon_core.shell:Creating environment hook '/home/weimar/kinet/kinet_ws/install/cloud_decomp/share/cloud_decomp/hook/pythonpath.ps1'
[2.028s] INFO:colcon.colcon_core.shell:Creating environment descriptor '/home/weimar/kinet/kinet_ws/install/cloud_decomp/share/cloud_decomp/hook/pythonpath.dsv'
[2.028s] INFO:colcon.colcon_core.shell:Creating environment hook '/home/weimar/kinet/kinet_ws/install/cloud_decomp/share/cloud_decomp/hook/pythonpath.sh'
[2.029s] Level 1:colcon.colcon_core.environment:checking '/home/weimar/kinet/kinet_ws/install/cloud_decomp/bin'
[2.029s] Level 1:colcon.colcon_core.environment:create_environment_scripts_only(cloud_decomp)
[2.029s] INFO:colcon.colcon_core.shell:Creating package script '/home/weimar/kinet/kinet_ws/install/cloud_decomp/share/cloud_decomp/package.ps1'
[2.030s] INFO:colcon.colcon_core.shell:Creating package descriptor '/home/weimar/kinet/kinet_ws/install/cloud_decomp/share/cloud_decomp/package.dsv'
[2.030s] INFO:colcon.colcon_core.shell:Creating package script '/home/weimar/kinet/kinet_ws/install/cloud_decomp/share/cloud_decomp/package.sh'
[2.031s] INFO:colcon.colcon_core.shell:Creating package script '/home/weimar/kinet/kinet_ws/install/cloud_decomp/share/cloud_decomp/package.bash'
[2.031s] INFO:colcon.colcon_core.shell:Creating package script '/home/weimar/kinet/kinet_ws/install/cloud_decomp/share/cloud_decomp/package.zsh'
[2.031s] Level 1:colcon.colcon_core.environment:create_file_with_runtime_dependencies(/home/weimar/kinet/kinet_ws/install/cloud_decomp/share/colcon-core/packages/cloud_decomp)
[2.032s] DEBUG:colcon.colcon_parallel_executor.executor.parallel:closing loop
[2.032s] DEBUG:colcon.colcon_parallel_executor.executor.parallel:loop closed
[2.032s] DEBUG:colcon.colcon_parallel_executor.executor.parallel:run_until_complete finished with '0'
[2.032s] DEBUG:colcon.colcon_core.event_reactor:joining thread
[2.040s] INFO:colcon.colcon_core.plugin_system:Skipping extension 'colcon_notification.desktop_notification.terminal_notifier': Not used on non-Darwin systems
[2.040s] INFO:colcon.colcon_core.plugin_system:Skipping extension 'colcon_notification.desktop_notification.win32': Not used on non-Windows systems
[2.040s] INFO:colcon.colcon_notification.desktop_notification:Sending desktop notification using 'notify2'
[2.064s] DEBUG:colcon.colcon_core.event_reactor:joined thread
[2.065s] INFO:colcon.colcon_core.shell:Creating prefix script '/home/weimar/kinet/kinet_ws/install/local_setup.ps1'
[2.067s] INFO:colcon.colcon_core.shell:Creating prefix util module '/home/weimar/kinet/kinet_ws/install/_local_setup_util_ps1.py'
[2.070s] INFO:colcon.colcon_core.shell:Creating prefix chain script '/home/weimar/kinet/kinet_ws/install/setup.ps1'
[2.071s] INFO:colcon.colcon_core.shell:Creating prefix script '/home/weimar/kinet/kinet_ws/install/local_setup.sh'
[2.072s] INFO:colcon.colcon_core.shell:Creating prefix util module '/home/weimar/kinet/kinet_ws/install/_local_setup_util_sh.py'
[2.072s] INFO:colcon.colcon_core.shell:Creating prefix chain script '/home/weimar/kinet/kinet_ws/install/setup.sh'
[2.073s] INFO:colcon.colcon_core.shell:Creating prefix script '/home/weimar/kinet/kinet_ws/install/local_setup.bash'
[2.074s] INFO:colcon.colcon_core.shell:Creating prefix chain script '/home/weimar/kinet/kinet_ws/install/setup.bash'
[2.075s] INFO:colcon.colcon_core.shell:Creating prefix script '/home/weimar/kinet/kinet_ws/install/local_setup.zsh'
[2.076s] INFO:colcon.colcon_core.shell:Creating prefix chain script '/home/weimar/kinet/kinet_ws/install/setup.zsh'
