[0.083s] DEBUG:colcon:Command line arguments: ['/usr/bin/colcon', 'build']
[0.083s] DEBUG:colcon:Parsed command line arguments: Namespace(log_base=None, log_level=None, verb_name='build', build_base='build', install_base='install', merge_install=False, symlink_install=False, test_result_base=None, continue_on_error=False, executor='parallel', parallel_workers=16, event_handlers=None, ignore_user_meta=False, metas=['./colcon.meta'], base_paths=['.'], packages_ignore=None, packages_ignore_regex=None, paths=None, packages_up_to=None, packages_up_to_regex=None, packages_above=None, packages_above_and_dependencies=None, packages_above_depth=None, packages_select_by_dep=None, packages_skip_by_dep=None, packages_skip_up_to=None, packages_select_build_failed=False, packages_skip_build_finished=False, packages_select_test_failures=False, packages_skip_test_passed=False, packages_select=None, packages_skip=None, packages_select_regex=None, packages_skip_regex=None, packages_start=None, packages_end=None, allow_overriding=[], cmake_args=None, cmake_target=None, cmake_target_skip_unavailable=False, cmake_clean_cache=False, cmake_clean_first=False, cmake_force_configure=False, ament_cmake_args=None, catkin_cmake_args=None, catkin_skip_building_tests=False, mixin_files=None, mixin=None, verb_parser=<colcon_mixin.mixin.mixin_argument.MixinArgumentDecorator object at 0x78f6343905e0>, verb_extension=<colcon_core.verb.build.BuildVerb object at 0x78f6344a9570>, main=<bound method BuildVerb.main of <colcon_core.verb.build.BuildVerb object at 0x78f6344a9570>>, mixin_verb=('build',))
[0.235s] Level 1:colcon.colcon_core.package_discovery:discover_packages(colcon_meta) check parameters
[0.235s] Level 1:colcon.colcon_core.package_discovery:discover_packages(recursive) check parameters
[0.235s] Level 1:colcon.colcon_core.package_discovery:discover_packages(ignore) check parameters
[0.235s] Level 1:colcon.colcon_core.package_discovery:discover_packages(path) check parameters
[0.235s] Level 1:colcon.colcon_core.package_discovery:discover_packages(colcon_meta) discover
[0.235s] Level 1:colcon.colcon_core.package_discovery:discover_packages(recursive) discover
[0.235s] INFO:colcon.colcon_core.package_discovery:Crawling recursively for packages in '/home/weimar/pfr/yolov8ros_ws'
[0.235s] Level 1:colcon.colcon_core.package_identification:_identify(.) by extensions ['ignore', 'ignore_ament_install']
[0.235s] Level 1:colcon.colcon_core.package_identification:_identify(.) by extension 'ignore'
[0.235s] Level 1:colcon.colcon_core.package_identification:_identify(.) by extension 'ignore_ament_install'
[0.235s] Level 1:colcon.colcon_core.package_identification:_identify(.) by extensions ['colcon_pkg']
[0.235s] Level 1:colcon.colcon_core.package_identification:_identify(.) by extension 'colcon_pkg'
[0.235s] Level 1:colcon.colcon_core.package_identification:_identify(.) by extensions ['colcon_meta']
[0.235s] Level 1:colcon.colcon_core.package_identification:_identify(.) by extension 'colcon_meta'
[0.235s] Level 1:colcon.colcon_core.package_identification:_identify(.) by extensions ['ros']
[0.235s] Level 1:colcon.colcon_core.package_identification:_identify(.) by extension 'ros'
[0.248s] Level 1:colcon.colcon_core.package_identification:_identify(.) by extensions ['cmake', 'python']
[0.248s] Level 1:colcon.colcon_core.package_identification:_identify(.) by extension 'cmake'
[0.248s] Level 1:colcon.colcon_core.package_identification:_identify(.) by extension 'python'
[0.248s] Level 1:colcon.colcon_core.package_identification:_identify(.) by extensions ['python_setup_py']
[0.248s] Level 1:colcon.colcon_core.package_identification:_identify(.) by extension 'python_setup_py'
[0.248s] Level 1:colcon.colcon_core.package_identification:_identify(build) by extensions ['ignore', 'ignore_ament_install']
[0.248s] Level 1:colcon.colcon_core.package_identification:_identify(build) by extension 'ignore'
[0.248s] Level 1:colcon.colcon_core.package_identification:_identify(build) ignored
[0.248s] Level 1:colcon.colcon_core.package_identification:_identify(install) by extensions ['ignore', 'ignore_ament_install']
[0.248s] Level 1:colcon.colcon_core.package_identification:_identify(install) by extension 'ignore'
[0.249s] Level 1:colcon.colcon_core.package_identification:_identify(install) ignored
[0.249s] Level 1:colcon.colcon_core.package_identification:_identify(log) by extensions ['ignore', 'ignore_ament_install']
[0.249s] Level 1:colcon.colcon_core.package_identification:_identify(log) by extension 'ignore'
[0.249s] Level 1:colcon.colcon_core.package_identification:_identify(log) ignored
[0.249s] Level 1:colcon.colcon_core.package_identification:_identify(runs) by extensions ['ignore', 'ignore_ament_install']
[0.249s] Level 1:colcon.colcon_core.package_identification:_identify(runs) by extension 'ignore'
[0.249s] Level 1:colcon.colcon_core.package_identification:_identify(runs) by extension 'ignore_ament_install'
[0.249s] Level 1:colcon.colcon_core.package_identification:_identify(runs) by extensions ['colcon_pkg']
[0.249s] Level 1:colcon.colcon_core.package_identification:_identify(runs) by extension 'colcon_pkg'
[0.249s] Level 1:colcon.colcon_core.package_identification:_identify(runs) by extensions ['colcon_meta']
[0.249s] Level 1:colcon.colcon_core.package_identification:_identify(runs) by extension 'colcon_meta'
[0.249s] Level 1:colcon.colcon_core.package_identification:_identify(runs) by extensions ['ros']
[0.249s] Level 1:colcon.colcon_core.package_identification:_identify(runs) by extension 'ros'
[0.249s] Level 1:colcon.colcon_core.package_identification:_identify(runs) by extensions ['cmake', 'python']
[0.250s] Level 1:colcon.colcon_core.package_identification:_identify(runs) by extension 'cmake'
[0.250s] Level 1:colcon.colcon_core.package_identification:_identify(runs) by extension 'python'
[0.250s] Level 1:colcon.colcon_core.package_identification:_identify(runs) by extensions ['python_setup_py']
[0.250s] Level 1:colcon.colcon_core.package_identification:_identify(runs) by extension 'python_setup_py'
[0.250s] Level 1:colcon.colcon_core.package_identification:_identify(runs/detect) by extensions ['ignore', 'ignore_ament_install']
[0.250s] Level 1:colcon.colcon_core.package_identification:_identify(runs/detect) by extension 'ignore'
[0.250s] Level 1:colcon.colcon_core.package_identification:_identify(runs/detect) by extension 'ignore_ament_install'
[0.250s] Level 1:colcon.colcon_core.package_identification:_identify(runs/detect) by extensions ['colcon_pkg']
[0.250s] Level 1:colcon.colcon_core.package_identification:_identify(runs/detect) by extension 'colcon_pkg'
[0.250s] Level 1:colcon.colcon_core.package_identification:_identify(runs/detect) by extensions ['colcon_meta']
[0.250s] Level 1:colcon.colcon_core.package_identification:_identify(runs/detect) by extension 'colcon_meta'
[0.250s] Level 1:colcon.colcon_core.package_identification:_identify(runs/detect) by extensions ['ros']
[0.250s] Level 1:colcon.colcon_core.package_identification:_identify(runs/detect) by extension 'ros'
[0.250s] Level 1:colcon.colcon_core.package_identification:_identify(runs/detect) by extensions ['cmake', 'python']
[0.250s] Level 1:colcon.colcon_core.package_identification:_identify(runs/detect) by extension 'cmake'
[0.250s] Level 1:colcon.colcon_core.package_identification:_identify(runs/detect) by extension 'python'
[0.250s] Level 1:colcon.colcon_core.package_identification:_identify(runs/detect) by extensions ['python_setup_py']
[0.250s] Level 1:colcon.colcon_core.package_identification:_identify(runs/detect) by extension 'python_setup_py'
[0.250s] Level 1:colcon.colcon_core.package_identification:_identify(runs/detect/predict) by extensions ['ignore', 'ignore_ament_install']
[0.250s] Level 1:colcon.colcon_core.package_identification:_identify(runs/detect/predict) by extension 'ignore'
[0.250s] Level 1:colcon.colcon_core.package_identification:_identify(runs/detect/predict) by extension 'ignore_ament_install'
[0.250s] Level 1:colcon.colcon_core.package_identification:_identify(runs/detect/predict) by extensions ['colcon_pkg']
[0.250s] Level 1:colcon.colcon_core.package_identification:_identify(runs/detect/predict) by extension 'colcon_pkg'
[0.250s] Level 1:colcon.colcon_core.package_identification:_identify(runs/detect/predict) by extensions ['colcon_meta']
[0.250s] Level 1:colcon.colcon_core.package_identification:_identify(runs/detect/predict) by extension 'colcon_meta'
[0.250s] Level 1:colcon.colcon_core.package_identification:_identify(runs/detect/predict) by extensions ['ros']
[0.250s] Level 1:colcon.colcon_core.package_identification:_identify(runs/detect/predict) by extension 'ros'
[0.250s] Level 1:colcon.colcon_core.package_identification:_identify(runs/detect/predict) by extensions ['cmake', 'python']
[0.250s] Level 1:colcon.colcon_core.package_identification:_identify(runs/detect/predict) by extension 'cmake'
[0.250s] Level 1:colcon.colcon_core.package_identification:_identify(runs/detect/predict) by extension 'python'
[0.250s] Level 1:colcon.colcon_core.package_identification:_identify(runs/detect/predict) by extensions ['python_setup_py']
[0.250s] Level 1:colcon.colcon_core.package_identification:_identify(runs/detect/predict) by extension 'python_setup_py'
[0.250s] Level 1:colcon.colcon_core.package_identification:_identify(runs/detect/predict/labels) by extensions ['ignore', 'ignore_ament_install']
[0.250s] Level 1:colcon.colcon_core.package_identification:_identify(runs/detect/predict/labels) by extension 'ignore'
[0.250s] Level 1:colcon.colcon_core.package_identification:_identify(runs/detect/predict/labels) by extension 'ignore_ament_install'
[0.250s] Level 1:colcon.colcon_core.package_identification:_identify(runs/detect/predict/labels) by extensions ['colcon_pkg']
[0.251s] Level 1:colcon.colcon_core.package_identification:_identify(runs/detect/predict/labels) by extension 'colcon_pkg'
[0.251s] Level 1:colcon.colcon_core.package_identification:_identify(runs/detect/predict/labels) by extensions ['colcon_meta']
[0.251s] Level 1:colcon.colcon_core.package_identification:_identify(runs/detect/predict/labels) by extension 'colcon_meta'
[0.251s] Level 1:colcon.colcon_core.package_identification:_identify(runs/detect/predict/labels) by extensions ['ros']
[0.251s] Level 1:colcon.colcon_core.package_identification:_identify(runs/detect/predict/labels) by extension 'ros'
[0.251s] Level 1:colcon.colcon_core.package_identification:_identify(runs/detect/predict/labels) by extensions ['cmake', 'python']
[0.251s] Level 1:colcon.colcon_core.package_identification:_identify(runs/detect/predict/labels) by extension 'cmake'
[0.251s] Level 1:colcon.colcon_core.package_identification:_identify(runs/detect/predict/labels) by extension 'python'
[0.251s] Level 1:colcon.colcon_core.package_identification:_identify(runs/detect/predict/labels) by extensions ['python_setup_py']
[0.251s] Level 1:colcon.colcon_core.package_identification:_identify(runs/detect/predict/labels) by extension 'python_setup_py'
[0.251s] Level 1:colcon.colcon_core.package_identification:_identify(src) by extensions ['ignore', 'ignore_ament_install']
[0.251s] Level 1:colcon.colcon_core.package_identification:_identify(src) by extension 'ignore'
[0.251s] Level 1:colcon.colcon_core.package_identification:_identify(src) by extension 'ignore_ament_install'
[0.251s] Level 1:colcon.colcon_core.package_identification:_identify(src) by extensions ['colcon_pkg']
[0.251s] Level 1:colcon.colcon_core.package_identification:_identify(src) by extension 'colcon_pkg'
[0.251s] Level 1:colcon.colcon_core.package_identification:_identify(src) by extensions ['colcon_meta']
[0.251s] Level 1:colcon.colcon_core.package_identification:_identify(src) by extension 'colcon_meta'
[0.251s] Level 1:colcon.colcon_core.package_identification:_identify(src) by extensions ['ros']
[0.251s] Level 1:colcon.colcon_core.package_identification:_identify(src) by extension 'ros'
[0.251s] Level 1:colcon.colcon_core.package_identification:_identify(src) by extensions ['cmake', 'python']
[0.251s] Level 1:colcon.colcon_core.package_identification:_identify(src) by extension 'cmake'
[0.251s] Level 1:colcon.colcon_core.package_identification:_identify(src) by extension 'python'
[0.251s] Level 1:colcon.colcon_core.package_identification:_identify(src) by extensions ['python_setup_py']
[0.251s] Level 1:colcon.colcon_core.package_identification:_identify(src) by extension 'python_setup_py'
[0.251s] Level 1:colcon.colcon_core.package_identification:_identify(src/ros2_yolov8_people_detection) by extensions ['ignore', 'ignore_ament_install']
[0.251s] Level 1:colcon.colcon_core.package_identification:_identify(src/ros2_yolov8_people_detection) by extension 'ignore'
[0.251s] Level 1:colcon.colcon_core.package_identification:_identify(src/ros2_yolov8_people_detection) by extension 'ignore_ament_install'
[0.251s] Level 1:colcon.colcon_core.package_identification:_identify(src/ros2_yolov8_people_detection) by extensions ['colcon_pkg']
[0.251s] Level 1:colcon.colcon_core.package_identification:_identify(src/ros2_yolov8_people_detection) by extension 'colcon_pkg'
[0.251s] Level 1:colcon.colcon_core.package_identification:_identify(src/ros2_yolov8_people_detection) by extensions ['colcon_meta']
[0.251s] Level 1:colcon.colcon_core.package_identification:_identify(src/ros2_yolov8_people_detection) by extension 'colcon_meta'
[0.251s] Level 1:colcon.colcon_core.package_identification:_identify(src/ros2_yolov8_people_detection) by extensions ['ros']
[0.251s] Level 1:colcon.colcon_core.package_identification:_identify(src/ros2_yolov8_people_detection) by extension 'ros'
[0.251s] Level 1:colcon.colcon_core.package_identification:_identify(src/ros2_yolov8_people_detection) by extensions ['cmake', 'python']
[0.251s] Level 1:colcon.colcon_core.package_identification:_identify(src/ros2_yolov8_people_detection) by extension 'cmake'
[0.251s] Level 1:colcon.colcon_core.package_identification:_identify(src/ros2_yolov8_people_detection) by extension 'python'
[0.251s] Level 1:colcon.colcon_core.package_identification:_identify(src/ros2_yolov8_people_detection) by extensions ['python_setup_py']
[0.251s] Level 1:colcon.colcon_core.package_identification:_identify(src/ros2_yolov8_people_detection) by extension 'python_setup_py'
[0.252s] Level 1:colcon.colcon_core.package_identification:_identify(src/ros2_yolov8_people_detection/people_detector) by extensions ['ignore', 'ignore_ament_install']
[0.252s] Level 1:colcon.colcon_core.package_identification:_identify(src/ros2_yolov8_people_detection/people_detector) by extension 'ignore'
[0.252s] Level 1:colcon.colcon_core.package_identification:_identify(src/ros2_yolov8_people_detection/people_detector) by extension 'ignore_ament_install'
[0.252s] Level 1:colcon.colcon_core.package_identification:_identify(src/ros2_yolov8_people_detection/people_detector) by extensions ['colcon_pkg']
[0.252s] Level 1:colcon.colcon_core.package_identification:_identify(src/ros2_yolov8_people_detection/people_detector) by extension 'colcon_pkg'
[0.252s] Level 1:colcon.colcon_core.package_identification:_identify(src/ros2_yolov8_people_detection/people_detector) by extensions ['colcon_meta']
[0.252s] Level 1:colcon.colcon_core.package_identification:_identify(src/ros2_yolov8_people_detection/people_detector) by extension 'colcon_meta'
[0.252s] Level 1:colcon.colcon_core.package_identification:_identify(src/ros2_yolov8_people_detection/people_detector) by extensions ['ros']
[0.252s] Level 1:colcon.colcon_core.package_identification:_identify(src/ros2_yolov8_people_detection/people_detector) by extension 'ros'
[0.254s] DEBUG:colcon.colcon_core.package_identification:Package 'src/ros2_yolov8_people_detection/people_detector' with type 'ros.ament_python' and name 'people_detector'
[0.254s] Level 1:colcon.colcon_core.package_discovery:discover_packages(recursive) using defaults
[0.254s] Level 1:colcon.colcon_core.package_discovery:discover_packages(ignore) discover
[0.254s] Level 1:colcon.colcon_core.package_discovery:discover_packages(ignore) using defaults
[0.254s] Level 1:colcon.colcon_core.package_discovery:discover_packages(path) discover
[0.254s] Level 1:colcon.colcon_core.package_discovery:discover_packages(path) using defaults
[0.268s] Level 1:colcon.colcon_core.package_discovery:discover_packages(prefix_path) check parameters
[0.268s] Level 1:colcon.colcon_core.package_discovery:discover_packages(prefix_path) discover
[0.270s] DEBUG:colcon.colcon_installed_package_information.package_discovery:Found 1 installed packages in /home/weimar/pfr/yolov8ros_ws/install
[0.271s] DEBUG:colcon.colcon_installed_package_information.package_discovery:Found 369 installed packages in /opt/ros/humble
[0.273s] Level 1:colcon.colcon_core.package_discovery:discover_packages(prefix_path) using defaults
[0.306s] Level 5:colcon.colcon_core.verb:set package 'people_detector' build argument 'cmake_args' from command line to 'None'
[0.306s] Level 5:colcon.colcon_core.verb:set package 'people_detector' build argument 'cmake_target' from command line to 'None'
[0.306s] Level 5:colcon.colcon_core.verb:set package 'people_detector' build argument 'cmake_target_skip_unavailable' from command line to 'False'
[0.306s] Level 5:colcon.colcon_core.verb:set package 'people_detector' build argument 'cmake_clean_cache' from command line to 'False'
[0.306s] Level 5:colcon.colcon_core.verb:set package 'people_detector' build argument 'cmake_clean_first' from command line to 'False'
[0.306s] Level 5:colcon.colcon_core.verb:set package 'people_detector' build argument 'cmake_force_configure' from command line to 'False'
[0.306s] Level 5:colcon.colcon_core.verb:set package 'people_detector' build argument 'ament_cmake_args' from command line to 'None'
[0.306s] Level 5:colcon.colcon_core.verb:set package 'people_detector' build argument 'catkin_cmake_args' from command line to 'None'
[0.306s] Level 5:colcon.colcon_core.verb:set package 'people_detector' build argument 'catkin_skip_building_tests' from command line to 'False'
[0.306s] DEBUG:colcon.colcon_core.verb:Building package 'people_detector' with the following arguments: {'ament_cmake_args': None, 'build_base': '/home/weimar/pfr/yolov8ros_ws/build/people_detector', 'catkin_cmake_args': None, 'catkin_skip_building_tests': False, 'cmake_args': None, 'cmake_clean_cache': False, 'cmake_clean_first': False, 'cmake_force_configure': False, 'cmake_target': None, 'cmake_target_skip_unavailable': False, 'install_base': '/home/weimar/pfr/yolov8ros_ws/install/people_detector', 'merge_install': False, 'path': '/home/weimar/pfr/yolov8ros_ws/src/ros2_yolov8_people_detection/people_detector', 'symlink_install': False, 'test_result_base': None}
[0.306s] INFO:colcon.colcon_core.executor:Executing jobs using 'parallel' executor
[0.307s] DEBUG:colcon.colcon_parallel_executor.executor.parallel:run_until_complete
[0.307s] INFO:colcon.colcon_ros.task.ament_python.build:Building ROS package in '/home/weimar/pfr/yolov8ros_ws/src/ros2_yolov8_people_detection/people_detector' with build type 'ament_python'
[0.307s] Level 1:colcon.colcon_core.shell:create_environment_hook('people_detector', 'ament_prefix_path')
[0.309s] INFO:colcon.colcon_core.plugin_system:Skipping extension 'colcon_core.shell.bat': Not used on non-Windows systems
[0.309s] INFO:colcon.colcon_core.shell:Creating environment hook '/home/weimar/pfr/yolov8ros_ws/install/people_detector/share/people_detector/hook/ament_prefix_path.ps1'
[0.309s] INFO:colcon.colcon_core.shell:Creating environment descriptor '/home/weimar/pfr/yolov8ros_ws/install/people_detector/share/people_detector/hook/ament_prefix_path.dsv'
[0.310s] INFO:colcon.colcon_core.shell:Creating environment hook '/home/weimar/pfr/yolov8ros_ws/install/people_detector/share/people_detector/hook/ament_prefix_path.sh'
[0.310s] INFO:colcon.colcon_core.shell:Skip shell extension 'powershell' for command environment: Not usable outside of PowerShell
[0.310s] DEBUG:colcon.colcon_core.shell:Skip shell extension 'dsv' for command environment
[0.524s] INFO:colcon.colcon_core.task.python.build:Building Python package in '/home/weimar/pfr/yolov8ros_ws/src/ros2_yolov8_people_detection/people_detector'
[0.524s] INFO:colcon.colcon_core.shell:Skip shell extension 'powershell' for command environment: Not usable outside of PowerShell
[0.524s] DEBUG:colcon.colcon_core.shell:Skip shell extension 'dsv' for command environment
[0.829s] DEBUG:colcon.colcon_core.event_handler.log_command:Invoking command in '/home/weimar/pfr/yolov8ros_ws/src/ros2_yolov8_people_detection/people_detector': PYTHONPATH=/home/weimar/pfr/yolov8ros_ws/build/people_detector/prefix_override:/usr/lib/python3/dist-packages/colcon_core/task/python/colcon_distutils_commands:/home/weimar/pfr/yolov8ros_ws/install/people_detector/lib/python3.10/site-packages:${PYTHONPATH} VIRTUAL_ENV_PROMPT=(venv) /usr/bin/python3 -W ignore:setup.py install is deprecated -W ignore:easy_install command is deprecated setup.py egg_info --egg-base ../../../build/people_detector build --build-base /home/weimar/pfr/yolov8ros_ws/build/people_detector/build install --record /home/weimar/pfr/yolov8ros_ws/build/people_detector/install.log --install-scripts $base/lib/people_detector --single-version-externally-managed install_data
[1.076s] DEBUG:colcon.colcon_core.event_handler.log_command:Invoked command in '/home/weimar/pfr/yolov8ros_ws/src/ros2_yolov8_people_detection/people_detector' returned '0': PYTHONPATH=/home/weimar/pfr/yolov8ros_ws/build/people_detector/prefix_override:/usr/lib/python3/dist-packages/colcon_core/task/python/colcon_distutils_commands:/home/weimar/pfr/yolov8ros_ws/install/people_detector/lib/python3.10/site-packages:${PYTHONPATH} VIRTUAL_ENV_PROMPT=(venv) /usr/bin/python3 -W ignore:setup.py install is deprecated -W ignore:easy_install command is deprecated setup.py egg_info --egg-base ../../../build/people_detector build --build-base /home/weimar/pfr/yolov8ros_ws/build/people_detector/build install --record /home/weimar/pfr/yolov8ros_ws/build/people_detector/install.log --install-scripts $base/lib/people_detector --single-version-externally-managed install_data
[1.078s] Level 1:colcon.colcon_core.environment:checking '/home/weimar/pfr/yolov8ros_ws/install/people_detector' for CMake module files
[1.078s] Level 1:colcon.colcon_core.environment:checking '/home/weimar/pfr/yolov8ros_ws/install/people_detector' for CMake config files
[1.079s] Level 1:colcon.colcon_core.environment:checking '/home/weimar/pfr/yolov8ros_ws/install/people_detector/lib'
[1.079s] Level 1:colcon.colcon_core.environment:checking '/home/weimar/pfr/yolov8ros_ws/install/people_detector/bin'
[1.079s] Level 1:colcon.colcon_core.environment:checking '/home/weimar/pfr/yolov8ros_ws/install/people_detector/lib/pkgconfig/people_detector.pc'
[1.079s] Level 1:colcon.colcon_core.environment:checking '/home/weimar/pfr/yolov8ros_ws/install/people_detector/lib/python3.10/site-packages'
[1.079s] Level 1:colcon.colcon_core.shell:create_environment_hook('people_detector', 'pythonpath')
[1.079s] INFO:colcon.colcon_core.shell:Creating environment hook '/home/weimar/pfr/yolov8ros_ws/install/people_detector/share/people_detector/hook/pythonpath.ps1'
[1.080s] INFO:colcon.colcon_core.shell:Creating environment descriptor '/home/weimar/pfr/yolov8ros_ws/install/people_detector/share/people_detector/hook/pythonpath.dsv'
[1.080s] INFO:colcon.colcon_core.shell:Creating environment hook '/home/weimar/pfr/yolov8ros_ws/install/people_detector/share/people_detector/hook/pythonpath.sh'
[1.081s] Level 1:colcon.colcon_core.environment:checking '/home/weimar/pfr/yolov8ros_ws/install/people_detector/bin'
[1.081s] Level 1:colcon.colcon_core.environment:create_environment_scripts_only(people_detector)
[1.081s] INFO:colcon.colcon_core.shell:Creating package script '/home/weimar/pfr/yolov8ros_ws/install/people_detector/share/people_detector/package.ps1'
[1.082s] INFO:colcon.colcon_core.shell:Creating package descriptor '/home/weimar/pfr/yolov8ros_ws/install/people_detector/share/people_detector/package.dsv'
[1.083s] INFO:colcon.colcon_core.shell:Creating package script '/home/weimar/pfr/yolov8ros_ws/install/people_detector/share/people_detector/package.sh'
[1.084s] INFO:colcon.colcon_core.shell:Creating package script '/home/weimar/pfr/yolov8ros_ws/install/people_detector/share/people_detector/package.bash'
[1.084s] INFO:colcon.colcon_core.shell:Creating package script '/home/weimar/pfr/yolov8ros_ws/install/people_detector/share/people_detector/package.zsh'
[1.085s] Level 1:colcon.colcon_core.environment:create_file_with_runtime_dependencies(/home/weimar/pfr/yolov8ros_ws/install/people_detector/share/colcon-core/packages/people_detector)
[1.085s] DEBUG:colcon.colcon_parallel_executor.executor.parallel:closing loop
[1.085s] DEBUG:colcon.colcon_parallel_executor.executor.parallel:loop closed
[1.085s] DEBUG:colcon.colcon_parallel_executor.executor.parallel:run_until_complete finished with '0'
[1.085s] DEBUG:colcon.colcon_core.event_reactor:joining thread
[1.090s] INFO:colcon.colcon_core.plugin_system:Skipping extension 'colcon_notification.desktop_notification.terminal_notifier': Not used on non-Darwin systems
[1.091s] INFO:colcon.colcon_core.plugin_system:Skipping extension 'colcon_notification.desktop_notification.win32': Not used on non-Windows systems
[1.091s] INFO:colcon.colcon_notification.desktop_notification:Sending desktop notification using 'notify2'
[1.100s] DEBUG:colcon.colcon_core.event_reactor:joined thread
[1.100s] INFO:colcon.colcon_core.shell:Creating prefix script '/home/weimar/pfr/yolov8ros_ws/install/local_setup.ps1'
[1.101s] INFO:colcon.colcon_core.shell:Creating prefix util module '/home/weimar/pfr/yolov8ros_ws/install/_local_setup_util_ps1.py'
[1.102s] INFO:colcon.colcon_core.shell:Creating prefix chain script '/home/weimar/pfr/yolov8ros_ws/install/setup.ps1'
[1.103s] INFO:colcon.colcon_core.shell:Creating prefix script '/home/weimar/pfr/yolov8ros_ws/install/local_setup.sh'
[1.104s] INFO:colcon.colcon_core.shell:Creating prefix util module '/home/weimar/pfr/yolov8ros_ws/install/_local_setup_util_sh.py'
[1.104s] INFO:colcon.colcon_core.shell:Creating prefix chain script '/home/weimar/pfr/yolov8ros_ws/install/setup.sh'
[1.105s] INFO:colcon.colcon_core.shell:Creating prefix script '/home/weimar/pfr/yolov8ros_ws/install/local_setup.bash'
[1.105s] INFO:colcon.colcon_core.shell:Creating prefix chain script '/home/weimar/pfr/yolov8ros_ws/install/setup.bash'
[1.106s] INFO:colcon.colcon_core.shell:Creating prefix script '/home/weimar/pfr/yolov8ros_ws/install/local_setup.zsh'
[1.106s] INFO:colcon.colcon_core.shell:Creating prefix chain script '/home/weimar/pfr/yolov8ros_ws/install/setup.zsh'
