[1.475s] Invoking command in '/home/weimar/kinet/otronod_ws/src/kinect_compressor': PYTHONPATH=/home/weimar/kinet/otronod_ws/build/kinect_compressor/prefix_override:/usr/lib/python3/dist-packages/colcon_core/task/python/colcon_distutils_commands:/home/weimar/kinet/otronod_ws/install/kinect_compressor/lib/python3.10/site-packages:${PYTHONPATH} /usr/bin/python3 -W ignore:setup.py install is deprecated -W ignore:easy_install command is deprecated setup.py egg_info --egg-base ../../build/kinect_compressor build --build-base /home/weimar/kinet/otronod_ws/build/kinect_compressor/build install --record /home/weimar/kinet/otronod_ws/build/kinect_compressor/install.log --single-version-externally-managed install_data
[2.061s] running egg_info
[2.062s] writing ../../build/kinect_compressor/kinect_compressor.egg-info/PKG-INFO
[2.062s] writing dependency_links to ../../build/kinect_compressor/kinect_compressor.egg-info/dependency_links.txt
[2.062s] writing entry points to ../../build/kinect_compressor/kinect_compressor.egg-info/entry_points.txt
[2.063s] writing requirements to ../../build/kinect_compressor/kinect_compressor.egg-info/requires.txt
[2.063s] writing top-level names to ../../build/kinect_compressor/kinect_compressor.egg-info/top_level.txt
[2.067s] reading manifest file '../../build/kinect_compressor/kinect_compressor.egg-info/SOURCES.txt'
[2.068s] writing manifest file '../../build/kinect_compressor/kinect_compressor.egg-info/SOURCES.txt'
[2.068s] running build
[2.068s] running build_py
[2.069s] running install
[2.069s] running install_lib
[2.072s] running install_data
[2.072s] running install_egg_info
[2.075s] removing '/home/weimar/kinet/otronod_ws/install/kinect_compressor/lib/python3.10/site-packages/kinect_compressor-0.0.0-py3.10.egg-info' (and everything under it)
[2.076s] Copying ../../build/kinect_compressor/kinect_compressor.egg-info to /home/weimar/kinet/otronod_ws/install/kinect_compressor/lib/python3.10/site-packages/kinect_compressor-0.0.0-py3.10.egg-info
[2.077s] running install_scripts
[2.115s] Installing depth_to_scan script to /home/weimar/kinet/otronod_ws/install/kinect_compressor/lib/kinect_compressor
[2.115s] Installing fake_odom script to /home/weimar/kinet/otronod_ws/install/kinect_compressor/lib/kinect_compressor
[2.115s] Installing kinect_image script to /home/weimar/kinet/otronod_ws/install/kinect_compressor/lib/kinect_compressor
[2.115s] Installing modo_giro script to /home/weimar/kinet/otronod_ws/install/kinect_compressor/lib/kinect_compressor
[2.115s] Installing pid_controller script to /home/weimar/kinet/otronod_ws/install/kinect_compressor/lib/kinect_compressor
[2.116s] writing list of installed files to '/home/weimar/kinet/otronod_ws/build/kinect_compressor/install.log'
[2.159s] Invoked command in '/home/weimar/kinet/otronod_ws/src/kinect_compressor' returned '0': PYTHONPATH=/home/weimar/kinet/otronod_ws/build/kinect_compressor/prefix_override:/usr/lib/python3/dist-packages/colcon_core/task/python/colcon_distutils_commands:/home/weimar/kinet/otronod_ws/install/kinect_compressor/lib/python3.10/site-packages:${PYTHONPATH} /usr/bin/python3 -W ignore:setup.py install is deprecated -W ignore:easy_install command is deprecated setup.py egg_info --egg-base ../../build/kinect_compressor build --build-base /home/weimar/kinet/otronod_ws/build/kinect_compressor/build install --record /home/weimar/kinet/otronod_ws/build/kinect_compressor/install.log --single-version-externally-managed install_data
