[0.629s] Invoking command in '/home/weimar/kinet/otronod_ws/src/kinect_compressor': PYTHONPATH=/home/weimar/kinet/otronod_ws/build/kinect_compressor/prefix_override:/usr/lib/python3/dist-packages/colcon_core/task/python/colcon_distutils_commands:/home/weimar/kinet/otronod_ws/install/kinect_compressor/lib/python3.10/site-packages:${PYTHONPATH} VIRTUAL_ENV_PROMPT=(venv) /usr/bin/python3 -W ignore:setup.py install is deprecated -W ignore:easy_install command is deprecated setup.py egg_info --egg-base ../../build/kinect_compressor build --build-base /home/weimar/kinet/otronod_ws/build/kinect_compressor/build install --record /home/weimar/kinet/otronod_ws/build/kinect_compressor/install.log --single-version-externally-managed install_data
[0.820s] running egg_info
[0.821s] writing ../../build/kinect_compressor/kinect_compressor.egg-info/PKG-INFO
[0.859s] writing dependency_links to ../../build/kinect_compressor/kinect_compressor.egg-info/dependency_links.txt
[0.859s] writing entry points to ../../build/kinect_compressor/kinect_compressor.egg-info/entry_points.txt
[0.859s] writing requirements to ../../build/kinect_compressor/kinect_compressor.egg-info/requires.txt
[0.859s] writing top-level names to ../../build/kinect_compressor/kinect_compressor.egg-info/top_level.txt
[0.862s] reading manifest file '../../build/kinect_compressor/kinect_compressor.egg-info/SOURCES.txt'
[0.863s] writing manifest file '../../build/kinect_compressor/kinect_compressor.egg-info/SOURCES.txt'
[0.863s] running build
[0.863s] running build_py
[0.864s] copying kinect_compressor/def.py -> /home/weimar/kinet/otronod_ws/build/kinect_compressor/build/lib/kinect_compressor
[0.864s] copying kinect_compressor/pidyolo.py -> /home/weimar/kinet/otronod_ws/build/kinect_compressor/build/lib/kinect_compressor
[0.864s] running install
[0.864s] running install_lib
[0.865s] copying /home/weimar/kinet/otronod_ws/build/kinect_compressor/build/lib/kinect_compressor/def.py -> /home/weimar/kinet/otronod_ws/install/kinect_compressor/lib/python3.10/site-packages/kinect_compressor
[0.866s] copying /home/weimar/kinet/otronod_ws/build/kinect_compressor/build/lib/kinect_compressor/pidyolo.py -> /home/weimar/kinet/otronod_ws/install/kinect_compressor/lib/python3.10/site-packages/kinect_compressor
[0.866s] byte-compiling /home/weimar/kinet/otronod_ws/install/kinect_compressor/lib/python3.10/site-packages/kinect_compressor/def.py to def.cpython-310.pyc
[0.867s] byte-compiling /home/weimar/kinet/otronod_ws/install/kinect_compressor/lib/python3.10/site-packages/kinect_compressor/pidyolo.py to pidyolo.cpython-310.pyc
[0.867s] running install_data
[0.868s] running install_egg_info
[0.869s] removing '/home/weimar/kinet/otronod_ws/install/kinect_compressor/lib/python3.10/site-packages/kinect_compressor-0.0.0-py3.10.egg-info' (and everything under it)
[0.869s] Copying ../../build/kinect_compressor/kinect_compressor.egg-info to /home/weimar/kinet/otronod_ws/install/kinect_compressor/lib/python3.10/site-packages/kinect_compressor-0.0.0-py3.10.egg-info
[0.870s] running install_scripts
[0.884s] Installing depth_to_scan script to /home/weimar/kinet/otronod_ws/install/kinect_compressor/lib/kinect_compressor
[0.885s] Installing fake_odom script to /home/weimar/kinet/otronod_ws/install/kinect_compressor/lib/kinect_compressor
[0.885s] Installing kinect_image script to /home/weimar/kinet/otronod_ws/install/kinect_compressor/lib/kinect_compressor
[0.885s] Installing modo_giro script to /home/weimar/kinet/otronod_ws/install/kinect_compressor/lib/kinect_compressor
[0.885s] writing list of installed files to '/home/weimar/kinet/otronod_ws/build/kinect_compressor/install.log'
[0.900s] Invoked command in '/home/weimar/kinet/otronod_ws/src/kinect_compressor' returned '0': PYTHONPATH=/home/weimar/kinet/otronod_ws/build/kinect_compressor/prefix_override:/usr/lib/python3/dist-packages/colcon_core/task/python/colcon_distutils_commands:/home/weimar/kinet/otronod_ws/install/kinect_compressor/lib/python3.10/site-packages:${PYTHONPATH} VIRTUAL_ENV_PROMPT=(venv) /usr/bin/python3 -W ignore:setup.py install is deprecated -W ignore:easy_install command is deprecated setup.py egg_info --egg-base ../../build/kinect_compressor build --build-base /home/weimar/kinet/otronod_ws/build/kinect_compressor/build install --record /home/weimar/kinet/otronod_ws/build/kinect_compressor/install.log --single-version-externally-managed install_data
