[1.058s] Invoking command in '/home/weimar/kinet/kinet_ws/src/cloud_decomp': PYTHONPATH=/home/weimar/kinet/kinet_ws/build/cloud_decomp/prefix_override:/usr/lib/python3/dist-packages/colcon_core/task/python/colcon_distutils_commands:/home/weimar/kinet/kinet_ws/install/cloud_decomp/lib/python3.10/site-packages:${PYTHONPATH} /usr/bin/python3 -W ignore:setup.py install is deprecated -W ignore:easy_install command is deprecated setup.py egg_info --egg-base ../../build/cloud_decomp build --build-base /home/weimar/kinet/kinet_ws/build/cloud_decomp/build install --record /home/weimar/kinet/kinet_ws/build/cloud_decomp/install.log --single-version-externally-managed install_data
[1.386s] running egg_info
[1.387s] writing ../../build/cloud_decomp/cloud_decomp.egg-info/PKG-INFO
[1.425s] writing dependency_links to ../../build/cloud_decomp/cloud_decomp.egg-info/dependency_links.txt
[1.425s] writing entry points to ../../build/cloud_decomp/cloud_decomp.egg-info/entry_points.txt
[1.425s] writing requirements to ../../build/cloud_decomp/cloud_decomp.egg-info/requires.txt
[1.425s] writing top-level names to ../../build/cloud_decomp/cloud_decomp.egg-info/top_level.txt
[1.428s] reading manifest file '../../build/cloud_decomp/cloud_decomp.egg-info/SOURCES.txt'
[1.429s] writing manifest file '../../build/cloud_decomp/cloud_decomp.egg-info/SOURCES.txt'
[1.429s] running build
[1.430s] running build_py
[1.431s] running install
[1.432s] running install_lib
[1.434s] running install_data
[1.434s] running install_egg_info
[1.436s] removing '/home/weimar/kinet/kinet_ws/install/cloud_decomp/lib/python3.10/site-packages/cloud_decomp-0.0.0-py3.10.egg-info' (and everything under it)
[1.436s] Copying ../../build/cloud_decomp/cloud_decomp.egg-info to /home/weimar/kinet/kinet_ws/install/cloud_decomp/lib/python3.10/site-packages/cloud_decomp-0.0.0-py3.10.egg-info
[1.437s] running install_scripts
[1.463s] Installing desco script to /home/weimar/kinet/kinet_ws/install/cloud_decomp/lib/cloud_decomp
[1.463s] writing list of installed files to '/home/weimar/kinet/kinet_ws/build/cloud_decomp/install.log'
[1.489s] Invoked command in '/home/weimar/kinet/kinet_ws/src/cloud_decomp' returned '0': PYTHONPATH=/home/weimar/kinet/kinet_ws/build/cloud_decomp/prefix_override:/usr/lib/python3/dist-packages/colcon_core/task/python/colcon_distutils_commands:/home/weimar/kinet/kinet_ws/install/cloud_decomp/lib/python3.10/site-packages:${PYTHONPATH} /usr/bin/python3 -W ignore:setup.py install is deprecated -W ignore:easy_install command is deprecated setup.py egg_info --egg-base ../../build/cloud_decomp build --build-base /home/weimar/kinet/kinet_ws/build/cloud_decomp/build install --record /home/weimar/kinet/kinet_ws/build/cloud_decomp/install.log --single-version-externally-managed install_data
