[0.078s] DEBUG:colcon:Command line arguments: ['/usr/bin/colcon', 'build']
[0.078s] DEBUG:colcon:Parsed command line arguments: Namespace(log_base=None, log_level=None, verb_name='build', build_base='build', install_base='install', merge_install=False, symlink_install=False, test_result_base=None, continue_on_error=False, executor='parallel', parallel_workers=16, event_handlers=None, ignore_user_meta=False, metas=['./colcon.meta'], base_paths=['.'], packages_ignore=None, packages_ignore_regex=None, paths=None, packages_up_to=None, packages_up_to_regex=None, packages_above=None, packages_above_and_dependencies=None, packages_above_depth=None, packages_select_by_dep=None, packages_skip_by_dep=None, packages_skip_up_to=None, packages_select_build_failed=False, packages_skip_build_finished=False, packages_select_test_failures=False, packages_skip_test_passed=False, packages_select=None, packages_skip=None, packages_select_regex=None, packages_skip_regex=None, packages_start=None, packages_end=None, allow_overriding=[], cmake_args=None, cmake_target=None, cmake_target_skip_unavailable=False, cmake_clean_cache=False, cmake_clean_first=False, cmake_force_configure=False, ament_cmake_args=None, catkin_cmake_args=None, catkin_skip_building_tests=False, mixin_files=None, mixin=None, verb_parser=<colcon_mixin.mixin.mixin_argument.MixinArgumentDecorator object at 0x79bf401a8af0>, verb_extension=<colcon_core.verb.build.BuildVerb object at 0x79bf402b1a80>, main=<bound method BuildVerb.main of <colcon_core.verb.build.BuildVerb object at 0x79bf402b1a80>>, mixin_verb=('build',))
[0.228s] Level 1:colcon.colcon_core.package_discovery:discover_packages(colcon_meta) check parameters
[0.228s] Level 1:colcon.colcon_core.package_discovery:discover_packages(recursive) check parameters
[0.228s] Level 1:colcon.colcon_core.package_discovery:discover_packages(ignore) check parameters
[0.228s] Level 1:colcon.colcon_core.package_discovery:discover_packages(path) check parameters
[0.228s] Level 1:colcon.colcon_core.package_discovery:discover_packages(colcon_meta) discover
[0.228s] Level 1:colcon.colcon_core.package_discovery:discover_packages(recursive) discover
[0.228s] INFO:colcon.colcon_core.package_discovery:Crawling recursively for packages in '/home/weimar/kinet/kinet_ws'
[0.228s] Level 1:colcon.colcon_core.package_identification:_identify(.) by extensions ['ignore', 'ignore_ament_install']
[0.228s] Level 1:colcon.colcon_core.package_identification:_identify(.) by extension 'ignore'
[0.228s] Level 1:colcon.colcon_core.package_identification:_identify(.) by extension 'ignore_ament_install'
[0.228s] Level 1:colcon.colcon_core.package_identification:_identify(.) by extensions ['colcon_pkg']
[0.228s] Level 1:colcon.colcon_core.package_identification:_identify(.) by extension 'colcon_pkg'
[0.228s] Level 1:colcon.colcon_core.package_identification:_identify(.) by extensions ['colcon_meta']
[0.228s] Level 1:colcon.colcon_core.package_identification:_identify(.) by extension 'colcon_meta'
[0.228s] Level 1:colcon.colcon_core.package_identification:_identify(.) by extensions ['ros']
[0.228s] Level 1:colcon.colcon_core.package_identification:_identify(.) by extension 'ros'
[0.241s] Level 1:colcon.colcon_core.package_identification:_identify(.) by extensions ['cmake', 'python']
[0.241s] Level 1:colcon.colcon_core.package_identification:_identify(.) by extension 'cmake'
[0.241s] Level 1:colcon.colcon_core.package_identification:_identify(.) by extension 'python'
[0.241s] Level 1:colcon.colcon_core.package_identification:_identify(.) by extensions ['python_setup_py']
[0.241s] Level 1:colcon.colcon_core.package_identification:_identify(.) by extension 'python_setup_py'
[0.241s] Level 1:colcon.colcon_core.package_identification:_identify(build) by extensions ['ignore', 'ignore_ament_install']
[0.241s] Level 1:colcon.colcon_core.package_identification:_identify(build) by extension 'ignore'
[0.241s] Level 1:colcon.colcon_core.package_identification:_identify(build) ignored
[0.241s] Level 1:colcon.colcon_core.package_identification:_identify(install) by extensions ['ignore', 'ignore_ament_install']
[0.241s] Level 1:colcon.colcon_core.package_identification:_identify(install) by extension 'ignore'
[0.241s] Level 1:colcon.colcon_core.package_identification:_identify(install) ignored
[0.241s] Level 1:colcon.colcon_core.package_identification:_identify(log) by extensions ['ignore', 'ignore_ament_install']
[0.241s] Level 1:colcon.colcon_core.package_identification:_identify(log) by extension 'ignore'
[0.241s] Level 1:colcon.colcon_core.package_identification:_identify(log) ignored
[0.241s] Level 1:colcon.colcon_core.package_identification:_identify(src) by extensions ['ignore', 'ignore_ament_install']
[0.241s] Level 1:colcon.colcon_core.package_identification:_identify(src) by extension 'ignore'
[0.241s] Level 1:colcon.colcon_core.package_identification:_identify(src) by extension 'ignore_ament_install'
[0.241s] Level 1:colcon.colcon_core.package_identification:_identify(src) by extensions ['colcon_pkg']
[0.241s] Level 1:colcon.colcon_core.package_identification:_identify(src) by extension 'colcon_pkg'
[0.241s] Level 1:colcon.colcon_core.package_identification:_identify(src) by extensions ['colcon_meta']
[0.241s] Level 1:colcon.colcon_core.package_identification:_identify(src) by extension 'colcon_meta'
[0.241s] Level 1:colcon.colcon_core.package_identification:_identify(src) by extensions ['ros']
[0.241s] Level 1:colcon.colcon_core.package_identification:_identify(src) by extension 'ros'
[0.242s] Level 1:colcon.colcon_core.package_identification:_identify(src) by extensions ['cmake', 'python']
[0.242s] Level 1:colcon.colcon_core.package_identification:_identify(src) by extension 'cmake'
[0.242s] Level 1:colcon.colcon_core.package_identification:_identify(src) by extension 'python'
[0.242s] Level 1:colcon.colcon_core.package_identification:_identify(src) by extensions ['python_setup_py']
[0.242s] Level 1:colcon.colcon_core.package_identification:_identify(src) by extension 'python_setup_py'
[0.242s] Level 1:colcon.colcon_core.package_identification:_identify(src/cloud_decomp) by extensions ['ignore', 'ignore_ament_install']
[0.242s] Level 1:colcon.colcon_core.package_identification:_identify(src/cloud_decomp) by extension 'ignore'
[0.242s] Level 1:colcon.colcon_core.package_identification:_identify(src/cloud_decomp) by extension 'ignore_ament_install'
[0.242s] Level 1:colcon.colcon_core.package_identification:_identify(src/cloud_decomp) by extensions ['colcon_pkg']
[0.242s] Level 1:colcon.colcon_core.package_identification:_identify(src/cloud_decomp) by extension 'colcon_pkg'
[0.242s] Level 1:colcon.colcon_core.package_identification:_identify(src/cloud_decomp) by extensions ['colcon_meta']
[0.242s] Level 1:colcon.colcon_core.package_identification:_identify(src/cloud_decomp) by extension 'colcon_meta'
[0.242s] Level 1:colcon.colcon_core.package_identification:_identify(src/cloud_decomp) by extensions ['ros']
[0.242s] Level 1:colcon.colcon_core.package_identification:_identify(src/cloud_decomp) by extension 'ros'
[0.244s] DEBUG:colcon.colcon_core.package_identification:Package 'src/cloud_decomp' with type 'ros.ament_python' and name 'cloud_decomp'
[0.244s] Level 1:colcon.colcon_core.package_identification:_identify(src/kinect_ros2) by extensions ['ignore', 'ignore_ament_install']
[0.244s] Level 1:colcon.colcon_core.package_identification:_identify(src/kinect_ros2) by extension 'ignore'
[0.244s] Level 1:colcon.colcon_core.package_identification:_identify(src/kinect_ros2) by extension 'ignore_ament_install'
[0.244s] Level 1:colcon.colcon_core.package_identification:_identify(src/kinect_ros2) by extensions ['colcon_pkg']
[0.244s] Level 1:colcon.colcon_core.package_identification:_identify(src/kinect_ros2) by extension 'colcon_pkg'
[0.244s] Level 1:colcon.colcon_core.package_identification:_identify(src/kinect_ros2) by extensions ['colcon_meta']
[0.244s] Level 1:colcon.colcon_core.package_identification:_identify(src/kinect_ros2) by extension 'colcon_meta'
[0.244s] Level 1:colcon.colcon_core.package_identification:_identify(src/kinect_ros2) by extensions ['ros']
[0.244s] Level 1:colcon.colcon_core.package_identification:_identify(src/kinect_ros2) by extension 'ros'
[0.245s] DEBUG:colcon.colcon_core.package_identification:Package 'src/kinect_ros2' with type 'ros.ament_cmake' and name 'kinect_ros2'
[0.245s] Level 1:colcon.colcon_core.package_discovery:discover_packages(recursive) using defaults
[0.245s] Level 1:colcon.colcon_core.package_discovery:discover_packages(ignore) discover
[0.245s] Level 1:colcon.colcon_core.package_discovery:discover_packages(ignore) using defaults
[0.245s] Level 1:colcon.colcon_core.package_discovery:discover_packages(path) discover
[0.245s] Level 1:colcon.colcon_core.package_discovery:discover_packages(path) using defaults
[0.260s] Level 1:colcon.colcon_core.package_discovery:discover_packages(prefix_path) check parameters
[0.260s] Level 1:colcon.colcon_core.package_discovery:discover_packages(prefix_path) discover
[0.261s] DEBUG:colcon.colcon_installed_package_information.package_discovery:Found 2 installed packages in /home/weimar/kinet/kinet_ws/install
[0.263s] DEBUG:colcon.colcon_installed_package_information.package_discovery:Found 442 installed packages in /opt/ros/humble
[0.264s] Level 1:colcon.colcon_core.package_discovery:discover_packages(prefix_path) using defaults
[0.355s] Level 5:colcon.colcon_core.verb:set package 'cloud_decomp' build argument 'cmake_args' from command line to 'None'
[0.355s] Level 5:colcon.colcon_core.verb:set package 'cloud_decomp' build argument 'cmake_target' from command line to 'None'
[0.355s] Level 5:colcon.colcon_core.verb:set package 'cloud_decomp' build argument 'cmake_target_skip_unavailable' from command line to 'False'
[0.355s] Level 5:colcon.colcon_core.verb:set package 'cloud_decomp' build argument 'cmake_clean_cache' from command line to 'False'
[0.355s] Level 5:colcon.colcon_core.verb:set package 'cloud_decomp' build argument 'cmake_clean_first' from command line to 'False'
[0.355s] Level 5:colcon.colcon_core.verb:set package 'cloud_decomp' build argument 'cmake_force_configure' from command line to 'False'
[0.355s] Level 5:colcon.colcon_core.verb:set package 'cloud_decomp' build argument 'ament_cmake_args' from command line to 'None'
[0.355s] Level 5:colcon.colcon_core.verb:set package 'cloud_decomp' build argument 'catkin_cmake_args' from command line to 'None'
[0.355s] Level 5:colcon.colcon_core.verb:set package 'cloud_decomp' build argument 'catkin_skip_building_tests' from command line to 'False'
[0.355s] DEBUG:colcon.colcon_core.verb:Building package 'cloud_decomp' with the following arguments: {'ament_cmake_args': None, 'build_base': '/home/weimar/kinet/kinet_ws/build/cloud_decomp', 'catkin_cmake_args': None, 'catkin_skip_building_tests': False, 'cmake_args': None, 'cmake_clean_cache': False, 'cmake_clean_first': False, 'cmake_force_configure': False, 'cmake_target': None, 'cmake_target_skip_unavailable': False, 'install_base': '/home/weimar/kinet/kinet_ws/install/cloud_decomp', 'merge_install': False, 'path': '/home/weimar/kinet/kinet_ws/src/cloud_decomp', 'symlink_install': False, 'test_result_base': None}
[0.355s] Level 5:colcon.colcon_core.verb:set package 'kinect_ros2' build argument 'cmake_args' from command line to 'None'
[0.355s] Level 5:colcon.colcon_core.verb:set package 'kinect_ros2' build argument 'cmake_target' from command line to 'None'
[0.355s] Level 5:colcon.colcon_core.verb:set package 'kinect_ros2' build argument 'cmake_target_skip_unavailable' from command line to 'False'
[0.355s] Level 5:colcon.colcon_core.verb:set package 'kinect_ros2' build argument 'cmake_clean_cache' from command line to 'False'
[0.355s] Level 5:colcon.colcon_core.verb:set package 'kinect_ros2' build argument 'cmake_clean_first' from command line to 'False'
[0.355s] Level 5:colcon.colcon_core.verb:set package 'kinect_ros2' build argument 'cmake_force_configure' from command line to 'False'
[0.355s] Level 5:colcon.colcon_core.verb:set package 'kinect_ros2' build argument 'ament_cmake_args' from command line to 'None'
[0.355s] Level 5:colcon.colcon_core.verb:set package 'kinect_ros2' build argument 'catkin_cmake_args' from command line to 'None'
[0.355s] Level 5:colcon.colcon_core.verb:set package 'kinect_ros2' build argument 'catkin_skip_building_tests' from command line to 'False'
[0.355s] DEBUG:colcon.colcon_core.verb:Building package 'kinect_ros2' with the following arguments: {'ament_cmake_args': None, 'build_base': '/home/weimar/kinet/kinet_ws/build/kinect_ros2', 'catkin_cmake_args': None, 'catkin_skip_building_tests': False, 'cmake_args': None, 'cmake_clean_cache': False, 'cmake_clean_first': False, 'cmake_force_configure': False, 'cmake_target': None, 'cmake_target_skip_unavailable': False, 'install_base': '/home/weimar/kinet/kinet_ws/install/kinect_ros2', 'merge_install': False, 'path': '/home/weimar/kinet/kinet_ws/src/kinect_ros2', 'symlink_install': False, 'test_result_base': None}
[0.356s] INFO:colcon.colcon_core.executor:Executing jobs using 'parallel' executor
[0.356s] DEBUG:colcon.colcon_parallel_executor.executor.parallel:run_until_complete
[0.357s] INFO:colcon.colcon_ros.task.ament_python.build:Building ROS package in '/home/weimar/kinet/kinet_ws/src/cloud_decomp' with build type 'ament_python'
[0.357s] Level 1:colcon.colcon_core.shell:create_environment_hook('cloud_decomp', 'ament_prefix_path')
[0.358s] INFO:colcon.colcon_core.plugin_system:Skipping extension 'colcon_core.shell.bat': Not used on non-Windows systems
[0.358s] INFO:colcon.colcon_core.shell:Creating environment hook '/home/weimar/kinet/kinet_ws/install/cloud_decomp/share/cloud_decomp/hook/ament_prefix_path.ps1'
[0.359s] INFO:colcon.colcon_core.shell:Creating environment descriptor '/home/weimar/kinet/kinet_ws/install/cloud_decomp/share/cloud_decomp/hook/ament_prefix_path.dsv'
[0.359s] INFO:colcon.colcon_core.shell:Creating environment hook '/home/weimar/kinet/kinet_ws/install/cloud_decomp/share/cloud_decomp/hook/ament_prefix_path.sh'
[0.359s] INFO:colcon.colcon_core.shell:Skip shell extension 'powershell' for command environment: Not usable outside of PowerShell
[0.359s] DEBUG:colcon.colcon_core.shell:Skip shell extension 'dsv' for command environment
[0.362s] INFO:colcon.colcon_ros.task.ament_cmake.build:Building ROS package in '/home/weimar/kinet/kinet_ws/src/kinect_ros2' with build type 'ament_cmake'
[0.362s] INFO:colcon.colcon_cmake.task.cmake.build:Building CMake package in '/home/weimar/kinet/kinet_ws/src/kinect_ros2'
[0.362s] INFO:colcon.colcon_core.shell:Skip shell extension 'powershell' for command environment: Not usable outside of PowerShell
[0.362s] DEBUG:colcon.colcon_core.shell:Skip shell extension 'dsv' for command environment
[0.577s] INFO:colcon.colcon_core.task.python.build:Building Python package in '/home/weimar/kinet/kinet_ws/src/cloud_decomp'
[0.578s] INFO:colcon.colcon_core.shell:Skip shell extension 'powershell' for command environment: Not usable outside of PowerShell
[0.578s] DEBUG:colcon.colcon_core.shell:Skip shell extension 'dsv' for command environment
[0.584s] DEBUG:colcon.colcon_core.event_handler.log_command:Invoking command in '/home/weimar/kinet/kinet_ws/build/kinect_ros2': CMAKE_PREFIX_PATH=${CMAKE_PREFIX_PATH}:/home/weimar/kinet/kinet_ws/install/cloud_decomp:/opt/ros/humble VIRTUAL_ENV_PROMPT=(venv) /usr/bin/cmake --build /home/weimar/kinet/kinet_ws/build/kinect_ros2 -- -j16 -l16
[0.658s] DEBUG:colcon.colcon_core.event_handler.log_command:Invoked command in '/home/weimar/kinet/kinet_ws/build/kinect_ros2' returned '0': CMAKE_PREFIX_PATH=${CMAKE_PREFIX_PATH}:/home/weimar/kinet/kinet_ws/install/cloud_decomp:/opt/ros/humble VIRTUAL_ENV_PROMPT=(venv) /usr/bin/cmake --build /home/weimar/kinet/kinet_ws/build/kinect_ros2 -- -j16 -l16
[0.665s] DEBUG:colcon.colcon_core.event_handler.log_command:Invoking command in '/home/weimar/kinet/kinet_ws/build/kinect_ros2': CMAKE_PREFIX_PATH=${CMAKE_PREFIX_PATH}:/home/weimar/kinet/kinet_ws/install/cloud_decomp:/opt/ros/humble VIRTUAL_ENV_PROMPT=(venv) /usr/bin/cmake --install /home/weimar/kinet/kinet_ws/build/kinect_ros2
[0.672s] Level 1:colcon.colcon_core.environment:create_environment_scripts_only(kinect_ros2)
[0.673s] DEBUG:colcon.colcon_core.event_handler.log_command:Invoked command in '/home/weimar/kinet/kinet_ws/build/kinect_ros2' returned '0': CMAKE_PREFIX_PATH=${CMAKE_PREFIX_PATH}:/home/weimar/kinet/kinet_ws/install/cloud_decomp:/opt/ros/humble VIRTUAL_ENV_PROMPT=(venv) /usr/bin/cmake --install /home/weimar/kinet/kinet_ws/build/kinect_ros2
[0.674s] Level 1:colcon.colcon_core.environment:checking '/home/weimar/kinet/kinet_ws/install/kinect_ros2' for CMake module files
[0.675s] Level 1:colcon.colcon_core.environment:checking '/home/weimar/kinet/kinet_ws/install/kinect_ros2' for CMake config files
[0.675s] Level 1:colcon.colcon_core.shell:create_environment_hook('kinect_ros2', 'cmake_prefix_path')
[0.675s] INFO:colcon.colcon_core.shell:Creating environment hook '/home/weimar/kinet/kinet_ws/install/kinect_ros2/share/kinect_ros2/hook/cmake_prefix_path.ps1'
[0.676s] INFO:colcon.colcon_core.shell:Creating environment descriptor '/home/weimar/kinet/kinet_ws/install/kinect_ros2/share/kinect_ros2/hook/cmake_prefix_path.dsv'
[0.676s] INFO:colcon.colcon_core.shell:Creating environment hook '/home/weimar/kinet/kinet_ws/install/kinect_ros2/share/kinect_ros2/hook/cmake_prefix_path.sh'
[0.676s] Level 1:colcon.colcon_core.environment:checking '/home/weimar/kinet/kinet_ws/install/kinect_ros2/lib'
[0.676s] Level 1:colcon.colcon_core.shell:create_environment_hook('kinect_ros2', 'ld_library_path_lib')
[0.677s] INFO:colcon.colcon_core.shell:Creating environment hook '/home/weimar/kinet/kinet_ws/install/kinect_ros2/share/kinect_ros2/hook/ld_library_path_lib.ps1'
[0.677s] INFO:colcon.colcon_core.shell:Creating environment descriptor '/home/weimar/kinet/kinet_ws/install/kinect_ros2/share/kinect_ros2/hook/ld_library_path_lib.dsv'
[0.677s] INFO:colcon.colcon_core.shell:Creating environment hook '/home/weimar/kinet/kinet_ws/install/kinect_ros2/share/kinect_ros2/hook/ld_library_path_lib.sh'
[0.677s] Level 1:colcon.colcon_core.environment:checking '/home/weimar/kinet/kinet_ws/install/kinect_ros2/bin'
[0.677s] Level 1:colcon.colcon_core.environment:checking '/home/weimar/kinet/kinet_ws/install/kinect_ros2/lib/pkgconfig/kinect_ros2.pc'
[0.677s] Level 1:colcon.colcon_core.environment:checking '/home/weimar/kinet/kinet_ws/install/kinect_ros2/lib/python3.10/site-packages'
[0.678s] Level 1:colcon.colcon_core.environment:checking '/home/weimar/kinet/kinet_ws/install/kinect_ros2/bin'
[0.678s] INFO:colcon.colcon_core.shell:Creating package script '/home/weimar/kinet/kinet_ws/install/kinect_ros2/share/kinect_ros2/package.ps1'
[0.678s] INFO:colcon.colcon_core.shell:Creating package descriptor '/home/weimar/kinet/kinet_ws/install/kinect_ros2/share/kinect_ros2/package.dsv'
[0.679s] INFO:colcon.colcon_core.shell:Creating package script '/home/weimar/kinet/kinet_ws/install/kinect_ros2/share/kinect_ros2/package.sh'
[0.679s] INFO:colcon.colcon_core.shell:Creating package script '/home/weimar/kinet/kinet_ws/install/kinect_ros2/share/kinect_ros2/package.bash'
[0.680s] INFO:colcon.colcon_core.shell:Creating package script '/home/weimar/kinet/kinet_ws/install/kinect_ros2/share/kinect_ros2/package.zsh'
[0.680s] Level 1:colcon.colcon_core.environment:create_file_with_runtime_dependencies(/home/weimar/kinet/kinet_ws/install/kinect_ros2/share/colcon-core/packages/kinect_ros2)
[0.680s] Level 1:colcon.colcon_core.environment:create_environment_scripts_only(kinect_ros2)
[0.681s] Level 1:colcon.colcon_core.environment:checking '/home/weimar/kinet/kinet_ws/install/kinect_ros2' for CMake module files
[0.681s] Level 1:colcon.colcon_core.environment:checking '/home/weimar/kinet/kinet_ws/install/kinect_ros2' for CMake config files
[0.681s] Level 1:colcon.colcon_core.shell:create_environment_hook('kinect_ros2', 'cmake_prefix_path')
[0.681s] INFO:colcon.colcon_core.shell:Creating environment hook '/home/weimar/kinet/kinet_ws/install/kinect_ros2/share/kinect_ros2/hook/cmake_prefix_path.ps1'
[0.682s] INFO:colcon.colcon_core.shell:Creating environment descriptor '/home/weimar/kinet/kinet_ws/install/kinect_ros2/share/kinect_ros2/hook/cmake_prefix_path.dsv'
[0.682s] INFO:colcon.colcon_core.shell:Creating environment hook '/home/weimar/kinet/kinet_ws/install/kinect_ros2/share/kinect_ros2/hook/cmake_prefix_path.sh'
[0.682s] Level 1:colcon.colcon_core.environment:checking '/home/weimar/kinet/kinet_ws/install/kinect_ros2/lib'
[0.682s] Level 1:colcon.colcon_core.shell:create_environment_hook('kinect_ros2', 'ld_library_path_lib')
[0.682s] INFO:colcon.colcon_core.shell:Creating environment hook '/home/weimar/kinet/kinet_ws/install/kinect_ros2/share/kinect_ros2/hook/ld_library_path_lib.ps1'
[0.683s] INFO:colcon.colcon_core.shell:Creating environment descriptor '/home/weimar/kinet/kinet_ws/install/kinect_ros2/share/kinect_ros2/hook/ld_library_path_lib.dsv'
[0.683s] INFO:colcon.colcon_core.shell:Creating environment hook '/home/weimar/kinet/kinet_ws/install/kinect_ros2/share/kinect_ros2/hook/ld_library_path_lib.sh'
[0.683s] Level 1:colcon.colcon_core.environment:checking '/home/weimar/kinet/kinet_ws/install/kinect_ros2/bin'
[0.683s] Level 1:colcon.colcon_core.environment:checking '/home/weimar/kinet/kinet_ws/install/kinect_ros2/lib/pkgconfig/kinect_ros2.pc'
[0.683s] Level 1:colcon.colcon_core.environment:checking '/home/weimar/kinet/kinet_ws/install/kinect_ros2/lib/python3.10/site-packages'
[0.683s] Level 1:colcon.colcon_core.environment:checking '/home/weimar/kinet/kinet_ws/install/kinect_ros2/bin'
[0.683s] INFO:colcon.colcon_core.shell:Creating package script '/home/weimar/kinet/kinet_ws/install/kinect_ros2/share/kinect_ros2/package.ps1'
[0.684s] INFO:colcon.colcon_core.shell:Creating package descriptor '/home/weimar/kinet/kinet_ws/install/kinect_ros2/share/kinect_ros2/package.dsv'
[0.684s] INFO:colcon.colcon_core.shell:Creating package script '/home/weimar/kinet/kinet_ws/install/kinect_ros2/share/kinect_ros2/package.sh'
[0.684s] INFO:colcon.colcon_core.shell:Creating package script '/home/weimar/kinet/kinet_ws/install/kinect_ros2/share/kinect_ros2/package.bash'
[0.685s] INFO:colcon.colcon_core.shell:Creating package script '/home/weimar/kinet/kinet_ws/install/kinect_ros2/share/kinect_ros2/package.zsh'
[0.685s] Level 1:colcon.colcon_core.environment:create_file_with_runtime_dependencies(/home/weimar/kinet/kinet_ws/install/kinect_ros2/share/colcon-core/packages/kinect_ros2)
[0.875s] DEBUG:colcon.colcon_core.event_handler.log_command:Invoking command in '/home/weimar/kinet/kinet_ws/src/cloud_decomp': PYTHONPATH=/home/weimar/kinet/kinet_ws/build/cloud_decomp/prefix_override:/usr/lib/python3/dist-packages/colcon_core/task/python/colcon_distutils_commands:/home/weimar/kinet/kinet_ws/install/cloud_decomp/lib/python3.10/site-packages:${PYTHONPATH} VIRTUAL_ENV_PROMPT=(venv) /usr/bin/python3 -W ignore:setup.py install is deprecated -W ignore:easy_install command is deprecated setup.py egg_info --egg-base ../../build/cloud_decomp build --build-base /home/weimar/kinet/kinet_ws/build/cloud_decomp/build install --record /home/weimar/kinet/kinet_ws/build/cloud_decomp/install.log --single-version-externally-managed install_data
[1.089s] Level 1:colcon.colcon_core.environment:checking '/home/weimar/kinet/kinet_ws/install/cloud_decomp' for CMake module files
[1.089s] DEBUG:colcon.colcon_core.event_handler.log_command:Invoked command in '/home/weimar/kinet/kinet_ws/src/cloud_decomp' returned '0': PYTHONPATH=/home/weimar/kinet/kinet_ws/build/cloud_decomp/prefix_override:/usr/lib/python3/dist-packages/colcon_core/task/python/colcon_distutils_commands:/home/weimar/kinet/kinet_ws/install/cloud_decomp/lib/python3.10/site-packages:${PYTHONPATH} VIRTUAL_ENV_PROMPT=(venv) /usr/bin/python3 -W ignore:setup.py install is deprecated -W ignore:easy_install command is deprecated setup.py egg_info --egg-base ../../build/cloud_decomp build --build-base /home/weimar/kinet/kinet_ws/build/cloud_decomp/build install --record /home/weimar/kinet/kinet_ws/build/cloud_decomp/install.log --single-version-externally-managed install_data
[1.090s] Level 1:colcon.colcon_core.environment:checking '/home/weimar/kinet/kinet_ws/install/cloud_decomp' for CMake config files
[1.090s] Level 1:colcon.colcon_core.environment:checking '/home/weimar/kinet/kinet_ws/install/cloud_decomp/lib'
[1.090s] Level 1:colcon.colcon_core.environment:checking '/home/weimar/kinet/kinet_ws/install/cloud_decomp/bin'
[1.090s] Level 1:colcon.colcon_core.environment:checking '/home/weimar/kinet/kinet_ws/install/cloud_decomp/lib/pkgconfig/cloud_decomp.pc'
[1.090s] Level 1:colcon.colcon_core.environment:checking '/home/weimar/kinet/kinet_ws/install/cloud_decomp/lib/python3.10/site-packages'
[1.090s] Level 1:colcon.colcon_core.shell:create_environment_hook('cloud_decomp', 'pythonpath')
[1.090s] INFO:colcon.colcon_core.shell:Creating environment hook '/home/weimar/kinet/kinet_ws/install/cloud_decomp/share/cloud_decomp/hook/pythonpath.ps1'
[1.091s] INFO:colcon.colcon_core.shell:Creating environment descriptor '/home/weimar/kinet/kinet_ws/install/cloud_decomp/share/cloud_decomp/hook/pythonpath.dsv'
[1.091s] INFO:colcon.colcon_core.shell:Creating environment hook '/home/weimar/kinet/kinet_ws/install/cloud_decomp/share/cloud_decomp/hook/pythonpath.sh'
[1.091s] Level 1:colcon.colcon_core.environment:checking '/home/weimar/kinet/kinet_ws/install/cloud_decomp/bin'
[1.091s] Level 1:colcon.colcon_core.environment:create_environment_scripts_only(cloud_decomp)
[1.091s] INFO:colcon.colcon_core.shell:Creating package script '/home/weimar/kinet/kinet_ws/install/cloud_decomp/share/cloud_decomp/package.ps1'
[1.092s] INFO:colcon.colcon_core.shell:Creating package descriptor '/home/weimar/kinet/kinet_ws/install/cloud_decomp/share/cloud_decomp/package.dsv'
[1.092s] INFO:colcon.colcon_core.shell:Creating package script '/home/weimar/kinet/kinet_ws/install/cloud_decomp/share/cloud_decomp/package.sh'
[1.092s] INFO:colcon.colcon_core.shell:Creating package script '/home/weimar/kinet/kinet_ws/install/cloud_decomp/share/cloud_decomp/package.bash'
[1.092s] INFO:colcon.colcon_core.shell:Creating package script '/home/weimar/kinet/kinet_ws/install/cloud_decomp/share/cloud_decomp/package.zsh'
[1.093s] Level 1:colcon.colcon_core.environment:create_file_with_runtime_dependencies(/home/weimar/kinet/kinet_ws/install/cloud_decomp/share/colcon-core/packages/cloud_decomp)
[1.093s] DEBUG:colcon.colcon_parallel_executor.executor.parallel:closing loop
[1.093s] DEBUG:colcon.colcon_parallel_executor.executor.parallel:loop closed
[1.093s] DEBUG:colcon.colcon_parallel_executor.executor.parallel:run_until_complete finished with '0'
[1.093s] DEBUG:colcon.colcon_core.event_reactor:joining thread
[1.096s] INFO:colcon.colcon_core.plugin_system:Skipping extension 'colcon_notification.desktop_notification.terminal_notifier': Not used on non-Darwin systems
[1.096s] INFO:colcon.colcon_core.plugin_system:Skipping extension 'colcon_notification.desktop_notification.win32': Not used on non-Windows systems
[1.096s] INFO:colcon.colcon_notification.desktop_notification:Sending desktop notification using 'notify2'
[1.106s] DEBUG:colcon.colcon_core.event_reactor:joined thread
[1.106s] INFO:colcon.colcon_core.shell:Creating prefix script '/home/weimar/kinet/kinet_ws/install/local_setup.ps1'
[1.107s] INFO:colcon.colcon_core.shell:Creating prefix util module '/home/weimar/kinet/kinet_ws/install/_local_setup_util_ps1.py'
[1.107s] INFO:colcon.colcon_core.shell:Creating prefix chain script '/home/weimar/kinet/kinet_ws/install/setup.ps1'
[1.108s] INFO:colcon.colcon_core.shell:Creating prefix script '/home/weimar/kinet/kinet_ws/install/local_setup.sh'
[1.109s] INFO:colcon.colcon_core.shell:Creating prefix util module '/home/weimar/kinet/kinet_ws/install/_local_setup_util_sh.py'
[1.109s] INFO:colcon.colcon_core.shell:Creating prefix chain script '/home/weimar/kinet/kinet_ws/install/setup.sh'
[1.110s] INFO:colcon.colcon_core.shell:Creating prefix script '/home/weimar/kinet/kinet_ws/install/local_setup.bash'
[1.110s] INFO:colcon.colcon_core.shell:Creating prefix chain script '/home/weimar/kinet/kinet_ws/install/setup.bash'
[1.111s] INFO:colcon.colcon_core.shell:Creating prefix script '/home/weimar/kinet/kinet_ws/install/local_setup.zsh'
[1.111s] INFO:colcon.colcon_core.shell:Creating prefix chain script '/home/weimar/kinet/kinet_ws/install/setup.zsh'
