running egg_info
creating ../../build/cloud_decomp/cloud_decomp.egg-info
writing ../../build/cloud_decomp/cloud_decomp.egg-info/PKG-INFO
writing dependency_links to ../../build/cloud_decomp/cloud_decomp.egg-info/dependency_links.txt
writing entry points to ../../build/cloud_decomp/cloud_decomp.egg-info/entry_points.txt
writing requirements to ../../build/cloud_decomp/cloud_decomp.egg-info/requires.txt
writing top-level names to ../../build/cloud_decomp/cloud_decomp.egg-info/top_level.txt
writing manifest file '../../build/cloud_decomp/cloud_decomp.egg-info/SOURCES.txt'
reading manifest file '../../build/cloud_decomp/cloud_decomp.egg-info/SOURCES.txt'
writing manifest file '../../build/cloud_decomp/cloud_decomp.egg-info/SOURCES.txt'
running build
running build_py
creating /home/weimar/kinet/kinet_ws/build/cloud_decomp/build
creating /home/weimar/kinet/kinet_ws/build/cloud_decomp/build/lib
creating /home/weimar/kinet/kinet_ws/build/cloud_decomp/build/lib/cloud_decomp
copying cloud_decomp/__init__.py -> /home/weimar/kinet/kinet_ws/build/cloud_decomp/build/lib/cloud_decomp
copying cloud_decomp/desco.py -> /home/weimar/kinet/kinet_ws/build/cloud_decomp/build/lib/cloud_decomp
running install
running install_lib
creating /home/weimar/kinet/kinet_ws/install/cloud_decomp/lib/python3.10/site-packages/cloud_decomp
copying /home/weimar/kinet/kinet_ws/build/cloud_decomp/build/lib/cloud_decomp/__init__.py -> /home/weimar/kinet/kinet_ws/install/cloud_decomp/lib/python3.10/site-packages/cloud_decomp
copying /home/weimar/kinet/kinet_ws/build/cloud_decomp/build/lib/cloud_decomp/desco.py -> /home/weimar/kinet/kinet_ws/install/cloud_decomp/lib/python3.10/site-packages/cloud_decomp
byte-compiling /home/weimar/kinet/kinet_ws/install/cloud_decomp/lib/python3.10/site-packages/cloud_decomp/__init__.py to __init__.cpython-310.pyc
byte-compiling /home/weimar/kinet/kinet_ws/install/cloud_decomp/lib/python3.10/site-packages/cloud_decomp/desco.py to desco.cpython-310.pyc
running install_data
creating /home/weimar/kinet/kinet_ws/install/cloud_decomp/share/ament_index
creating /home/weimar/kinet/kinet_ws/install/cloud_decomp/share/ament_index/resource_index
creating /home/weimar/kinet/kinet_ws/install/cloud_decomp/share/ament_index/resource_index/packages
copying resource/cloud_decomp -> /home/weimar/kinet/kinet_ws/install/cloud_decomp/share/ament_index/resource_index/packages
copying package.xml -> /home/weimar/kinet/kinet_ws/install/cloud_decomp/share/cloud_decomp
running install_egg_info
Copying ../../build/cloud_decomp/cloud_decomp.egg-info to /home/weimar/kinet/kinet_ws/install/cloud_decomp/lib/python3.10/site-packages/cloud_decomp-0.0.0-py3.10.egg-info
running install_scripts
Installing desco script to /home/weimar/kinet/kinet_ws/install/cloud_decomp/lib/cloud_decomp
writing list of installed files to '/home/weimar/kinet/kinet_ws/build/cloud_decomp/install.log'
