[0.640s] Invoking command in '/home/weimar/kinet/kinet_ws/src/cloud_decomp': PYTHONPATH=/home/weimar/kinet/kinet_ws/build/cloud_decomp/prefix_override:/usr/lib/python3/dist-packages/colcon_core/task/python/colcon_distutils_commands:/home/weimar/kinet/kinet_ws/install/cloud_decomp/lib/python3.10/site-packages:${PYTHONPATH} VIRTUAL_ENV_PROMPT=(venv) /usr/bin/python3 -W ignore:setup.py install is deprecated -W ignore:easy_install command is deprecated setup.py egg_info --egg-base ../../build/cloud_decomp build --build-base /home/weimar/kinet/kinet_ws/build/cloud_decomp/build install --record /home/weimar/kinet/kinet_ws/build/cloud_decomp/install.log --single-version-externally-managed install_data
[0.846s] running egg_info
[0.846s] creating ../../build/cloud_decomp/cloud_decomp.egg-info
[0.847s] writing ../../build/cloud_decomp/cloud_decomp.egg-info/PKG-INFO
[0.847s] writing dependency_links to ../../build/cloud_decomp/cloud_decomp.egg-info/dependency_links.txt
[0.847s] writing entry points to ../../build/cloud_decomp/cloud_decomp.egg-info/entry_points.txt
[0.847s] writing requirements to ../../build/cloud_decomp/cloud_decomp.egg-info/requires.txt
[0.847s] writing top-level names to ../../build/cloud_decomp/cloud_decomp.egg-info/top_level.txt
[0.847s] writing manifest file '../../build/cloud_decomp/cloud_decomp.egg-info/SOURCES.txt'
[0.848s] reading manifest file '../../build/cloud_decomp/cloud_decomp.egg-info/SOURCES.txt'
[0.849s] writing manifest file '../../build/cloud_decomp/cloud_decomp.egg-info/SOURCES.txt'
[0.849s] running build
[0.849s] running build_py
[0.849s] creating /home/weimar/kinet/kinet_ws/build/cloud_decomp/build
[0.849s] creating /home/weimar/kinet/kinet_ws/build/cloud_decomp/build/lib
[0.849s] creating /home/weimar/kinet/kinet_ws/build/cloud_decomp/build/lib/cloud_decomp
[0.849s] copying cloud_decomp/__init__.py -> /home/weimar/kinet/kinet_ws/build/cloud_decomp/build/lib/cloud_decomp
[0.849s] copying cloud_decomp/desco.py -> /home/weimar/kinet/kinet_ws/build/cloud_decomp/build/lib/cloud_decomp
[0.887s] running install
[0.888s] running install_lib
[0.888s] creating /home/weimar/kinet/kinet_ws/install/cloud_decomp/lib/python3.10/site-packages/cloud_decomp
[0.888s] copying /home/weimar/kinet/kinet_ws/build/cloud_decomp/build/lib/cloud_decomp/__init__.py -> /home/weimar/kinet/kinet_ws/install/cloud_decomp/lib/python3.10/site-packages/cloud_decomp
[0.888s] copying /home/weimar/kinet/kinet_ws/build/cloud_decomp/build/lib/cloud_decomp/desco.py -> /home/weimar/kinet/kinet_ws/install/cloud_decomp/lib/python3.10/site-packages/cloud_decomp
[0.889s] byte-compiling /home/weimar/kinet/kinet_ws/install/cloud_decomp/lib/python3.10/site-packages/cloud_decomp/__init__.py to __init__.cpython-310.pyc
[0.889s] byte-compiling /home/weimar/kinet/kinet_ws/install/cloud_decomp/lib/python3.10/site-packages/cloud_decomp/desco.py to desco.cpython-310.pyc
[0.889s] running install_data
[0.889s] creating /home/weimar/kinet/kinet_ws/install/cloud_decomp/share/ament_index
[0.889s] creating /home/weimar/kinet/kinet_ws/install/cloud_decomp/share/ament_index/resource_index
[0.889s] creating /home/weimar/kinet/kinet_ws/install/cloud_decomp/share/ament_index/resource_index/packages
[0.889s] copying resource/cloud_decomp -> /home/weimar/kinet/kinet_ws/install/cloud_decomp/share/ament_index/resource_index/packages
[0.889s] copying package.xml -> /home/weimar/kinet/kinet_ws/install/cloud_decomp/share/cloud_decomp
[0.889s] running install_egg_info
[0.891s] Copying ../../build/cloud_decomp/cloud_decomp.egg-info to /home/weimar/kinet/kinet_ws/install/cloud_decomp/lib/python3.10/site-packages/cloud_decomp-0.0.0-py3.10.egg-info
[0.891s] running install_scripts
[0.906s] Installing desco script to /home/weimar/kinet/kinet_ws/install/cloud_decomp/lib/cloud_decomp
[0.906s] writing list of installed files to '/home/weimar/kinet/kinet_ws/build/cloud_decomp/install.log'
[0.923s] Invoked command in '/home/weimar/kinet/kinet_ws/src/cloud_decomp' returned '0': PYTHONPATH=/home/weimar/kinet/kinet_ws/build/cloud_decomp/prefix_override:/usr/lib/python3/dist-packages/colcon_core/task/python/colcon_distutils_commands:/home/weimar/kinet/kinet_ws/install/cloud_decomp/lib/python3.10/site-packages:${PYTHONPATH} VIRTUAL_ENV_PROMPT=(venv) /usr/bin/python3 -W ignore:setup.py install is deprecated -W ignore:easy_install command is deprecated setup.py egg_info --egg-base ../../build/cloud_decomp build --build-base /home/weimar/kinet/kinet_ws/build/cloud_decomp/build install --record /home/weimar/kinet/kinet_ws/build/cloud_decomp/install.log --single-version-externally-managed install_data
