/home/weimar/kinet/otronod_ws/install/kinect_compressor/lib/python3.10/site-packages/kinect_compressor/fake_odom.py
/home/weimar/kinet/otronod_ws/install/kinect_compressor/lib/python3.10/site-packages/kinect_compressor/def.py
/home/weimar/kinet/otronod_ws/install/kinect_compressor/lib/python3.10/site-packages/kinect_compressor/__init__.py
/home/weimar/kinet/otronod_ws/install/kinect_compressor/lib/python3.10/site-packages/kinect_compressor/kinect_image_republisher.py
/home/weimar/kinet/otronod_ws/install/kinect_compressor/lib/python3.10/site-packages/kinect_compressor/pidyolo.py
/home/weimar/kinet/otronod_ws/install/kinect_compressor/lib/python3.10/site-packages/kinect_compressor/modo_giro.py
/home/weimar/kinet/otronod_ws/install/kinect_compressor/lib/python3.10/site-packages/kinect_compressor/__pycache__/fake_odom.cpython-310.pyc
/home/weimar/kinet/otronod_ws/install/kinect_compressor/lib/python3.10/site-packages/kinect_compressor/__pycache__/def.cpython-310.pyc
/home/weimar/kinet/otronod_ws/install/kinect_compressor/lib/python3.10/site-packages/kinect_compressor/__pycache__/__init__.cpython-310.pyc
/home/weimar/kinet/otronod_ws/install/kinect_compressor/lib/python3.10/site-packages/kinect_compressor/__pycache__/kinect_image_republisher.cpython-310.pyc
/home/weimar/kinet/otronod_ws/install/kinect_compressor/lib/python3.10/site-packages/kinect_compressor/__pycache__/pidyolo.cpython-310.pyc
/home/weimar/kinet/otronod_ws/install/kinect_compressor/lib/python3.10/site-packages/kinect_compressor/__pycache__/modo_giro.cpython-310.pyc
/home/weimar/kinet/otronod_ws/install/kinect_compressor/share/ament_index/resource_index/packages/kinect_compressor
/home/weimar/kinet/otronod_ws/install/kinect_compressor/share/kinect_compressor/package.xml
/home/weimar/kinet/otronod_ws/install/kinect_compressor/lib/python3.10/site-packages/kinect_compressor-0.0.0-py3.10.egg-info/PKG-INFO
/home/weimar/kinet/otronod_ws/install/kinect_compressor/lib/python3.10/site-packages/kinect_compressor-0.0.0-py3.10.egg-info/zip-safe
/home/weimar/kinet/otronod_ws/install/kinect_compressor/lib/python3.10/site-packages/kinect_compressor-0.0.0-py3.10.egg-info/requires.txt
/home/weimar/kinet/otronod_ws/install/kinect_compressor/lib/python3.10/site-packages/kinect_compressor-0.0.0-py3.10.egg-info/top_level.txt
/home/weimar/kinet/otronod_ws/install/kinect_compressor/lib/python3.10/site-packages/kinect_compressor-0.0.0-py3.10.egg-info/dependency_links.txt
/home/weimar/kinet/otronod_ws/install/kinect_compressor/lib/python3.10/site-packages/kinect_compressor-0.0.0-py3.10.egg-info/SOURCES.txt
/home/weimar/kinet/otronod_ws/install/kinect_compressor/lib/python3.10/site-packages/kinect_compressor-0.0.0-py3.10.egg-info/entry_points.txt
/home/weimar/kinet/otronod_ws/install/kinect_compressor/lib/kinect_compressor/depth_to_scan
/home/weimar/kinet/otronod_ws/install/kinect_compressor/lib/kinect_compressor/fake_odom
/home/weimar/kinet/otronod_ws/install/kinect_compressor/lib/kinect_compressor/kinect_image
/home/weimar/kinet/otronod_ws/install/kinect_compressor/lib/kinect_compressor/modo_giro
/home/weimar/kinet/otronod_ws/install/kinect_compressor/lib/kinect_compressor/pid_controller
