[ 50%] Built target kinect_ros2_component
[100%] Built target kinect_ros2_node
-- Install configuration: ""
-- Up-to-date: /home/weimar/kinet/kinet_ws/install/kinect_ros2/lib/libkinect_ros2_component.so
-- Up-to-date: /home/weimar/kinet/kinet_ws/install/kinect_ros2/lib/kinect_ros2/kinect_ros2_node
-- Up-to-date: /home/weimar/kinet/kinet_ws/install/kinect_ros2/share/kinect_ros2/cfg
-- Up-to-date: /home/weimar/kinet/kinet_ws/install/kinect_ros2/share/kinect_ros2/cfg/calibration_rgb.yaml
-- Up-to-date: /home/weimar/kinet/kinet_ws/install/kinect_ros2/share/kinect_ros2/cfg/calibration_depth.yaml
-- Up-to-date: /home/weimar/kinet/kinet_ws/install/kinect_ros2/share/kinect_ros2/launch
-- Up-to-date: /home/weimar/kinet/kinet_ws/install/kinect_ros2/share/kinect_ros2/launch/pointcloud.launch.py
-- Up-to-date: /home/weimar/kinet/kinet_ws/install/kinect_ros2/share/kinect_ros2/launch/showimage.launch.py
-- Up-to-date: /home/weimar/kinet/kinet_ws/install/kinect_ros2/share/kinect_ros2/rviz
-- Installing: /home/weimar/kinet/kinet_ws/install/kinect_ros2/share/kinect_ros2/rviz/pointcloud.rviz
-- Up-to-date: /home/weimar/kinet/kinet_ws/install/kinect_ros2/share/ament_index/resource_index/package_run_dependencies/kinect_ros2
-- Up-to-date: /home/weimar/kinet/kinet_ws/install/kinect_ros2/share/ament_index/resource_index/parent_prefix_path/kinect_ros2
-- Up-to-date: /home/weimar/kinet/kinet_ws/install/kinect_ros2/share/kinect_ros2/environment/ament_prefix_path.sh
-- Up-to-date: /home/weimar/kinet/kinet_ws/install/kinect_ros2/share/kinect_ros2/environment/ament_prefix_path.dsv
-- Up-to-date: /home/weimar/kinet/kinet_ws/install/kinect_ros2/share/kinect_ros2/environment/path.sh
-- Up-to-date: /home/weimar/kinet/kinet_ws/install/kinect_ros2/share/kinect_ros2/environment/path.dsv
-- Up-to-date: /home/weimar/kinet/kinet_ws/install/kinect_ros2/share/kinect_ros2/local_setup.bash
-- Up-to-date: /home/weimar/kinet/kinet_ws/install/kinect_ros2/share/kinect_ros2/local_setup.sh
-- Up-to-date: /home/weimar/kinet/kinet_ws/install/kinect_ros2/share/kinect_ros2/local_setup.zsh
-- Up-to-date: /home/weimar/kinet/kinet_ws/install/kinect_ros2/share/kinect_ros2/local_setup.dsv
-- Installing: /home/weimar/kinet/kinet_ws/install/kinect_ros2/share/kinect_ros2/package.dsv
-- Up-to-date: /home/weimar/kinet/kinet_ws/install/kinect_ros2/share/ament_index/resource_index/packages/kinect_ros2
-- Up-to-date: /home/weimar/kinet/kinet_ws/install/kinect_ros2/share/ament_index/resource_index/rclcpp_components/kinect_ros2
-- Up-to-date: /home/weimar/kinet/kinet_ws/install/kinect_ros2/share/kinect_ros2/cmake/kinect_ros2Config.cmake
-- Up-to-date: /home/weimar/kinet/kinet_ws/install/kinect_ros2/share/kinect_ros2/cmake/kinect_ros2Config-version.cmake
-- Up-to-date: /home/weimar/kinet/kinet_ws/install/kinect_ros2/share/kinect_ros2/package.xml
