[0.581s] Invoking command in '/home/weimar/pfr/yolov8ros_ws/src/ros2_yolov8_people_detection/people_detector': PYTHONPATH=/home/weimar/pfr/yolov8ros_ws/build/people_detector/prefix_override:/usr/lib/python3/dist-packages/colcon_core/task/python/colcon_distutils_commands:/home/weimar/pfr/yolov8ros_ws/install/people_detector/lib/python3.10/site-packages:${PYTHONPATH} /usr/bin/python3 -W ignore:setup.py install is deprecated -W ignore:easy_install command is deprecated setup.py egg_info --egg-base ../../../build/people_detector build --build-base /home/weimar/pfr/yolov8ros_ws/build/people_detector/build install --record /home/weimar/pfr/yolov8ros_ws/build/people_detector/install.log --install-scripts $base/lib/people_detector --single-version-externally-managed install_data
[0.793s] /usr/lib/python3/dist-packages/setuptools/dist.py:723: UserWarning: Usage of dash-separated 'script-dir' will not be supported in future versions. Please use the underscore name 'script_dir' instead
[0.793s]   warnings.warn(
[0.800s] running egg_info
[0.801s] writing ../../../build/people_detector/people_detector.egg-info/PKG-INFO
[0.801s] writing dependency_links to ../../../build/people_detector/people_detector.egg-info/dependency_links.txt
[0.801s] writing entry points to ../../../build/people_detector/people_detector.egg-info/entry_points.txt
[0.801s] writing requirements to ../../../build/people_detector/people_detector.egg-info/requires.txt
[0.802s] writing top-level names to ../../../build/people_detector/people_detector.egg-info/top_level.txt
[0.803s] reading manifest file '../../../build/people_detector/people_detector.egg-info/SOURCES.txt'
[0.804s] writing manifest file '../../../build/people_detector/people_detector.egg-info/SOURCES.txt'
[0.804s] running build
[0.804s] running build_py
[0.804s] copying people_detector/video_pub.py -> /home/weimar/pfr/yolov8ros_ws/build/people_detector/build/lib/people_detector
[0.804s] running install
[0.805s] running install_lib
[0.805s] copying /home/weimar/pfr/yolov8ros_ws/build/people_detector/build/lib/people_detector/video_pub.py -> /home/weimar/pfr/yolov8ros_ws/install/people_detector/lib/python3.10/site-packages/people_detector
[0.806s] byte-compiling /home/weimar/pfr/yolov8ros_ws/install/people_detector/lib/python3.10/site-packages/people_detector/video_pub.py to video_pub.cpython-310.pyc
[0.806s] running install_data
[0.806s] running install_egg_info
[0.807s] removing '/home/weimar/pfr/yolov8ros_ws/install/people_detector/lib/python3.10/site-packages/people_detector-0.0.0-py3.10.egg-info' (and everything under it)
[0.808s] Copying ../../../build/people_detector/people_detector.egg-info to /home/weimar/pfr/yolov8ros_ws/install/people_detector/lib/python3.10/site-packages/people_detector-0.0.0-py3.10.egg-info
[0.809s] running install_scripts
[0.825s] Installing people_detect_subscriber script to /home/weimar/pfr/yolov8ros_ws/install/people_detector/lib/people_detector
[0.825s] Installing video_publisher script to /home/weimar/pfr/yolov8ros_ws/install/people_detector/lib/people_detector
[0.826s] writing list of installed files to '/home/weimar/pfr/yolov8ros_ws/build/people_detector/install.log'
[0.849s] Invoked command in '/home/weimar/pfr/yolov8ros_ws/src/ros2_yolov8_people_detection/people_detector' returned '0': PYTHONPATH=/home/weimar/pfr/yolov8ros_ws/build/people_detector/prefix_override:/usr/lib/python3/dist-packages/colcon_core/task/python/colcon_distutils_commands:/home/weimar/pfr/yolov8ros_ws/install/people_detector/lib/python3.10/site-packages:${PYTHONPATH} /usr/bin/python3 -W ignore:setup.py install is deprecated -W ignore:easy_install command is deprecated setup.py egg_info --egg-base ../../../build/people_detector build --build-base /home/weimar/pfr/yolov8ros_ws/build/people_detector/build install --record /home/weimar/pfr/yolov8ros_ws/build/people_detector/install.log --install-scripts $base/lib/people_detector --single-version-externally-managed install_data
