/usr/lib/python3/dist-packages/setuptools/dist.py:723: UserWarning: Usage of dash-separated 'script-dir' will not be supported in future versions. Please use the underscore name 'script_dir' instead
  warnings.warn(
running egg_info
creating ../../../build/people_detector/people_detector.egg-info
writing ../../../build/people_detector/people_detector.egg-info/PKG-INFO
writing dependency_links to ../../../build/people_detector/people_detector.egg-info/dependency_links.txt
writing entry points to ../../../build/people_detector/people_detector.egg-info/entry_points.txt
writing requirements to ../../../build/people_detector/people_detector.egg-info/requires.txt
writing top-level names to ../../../build/people_detector/people_detector.egg-info/top_level.txt
writing manifest file '../../../build/people_detector/people_detector.egg-info/SOURCES.txt'
reading manifest file '../../../build/people_detector/people_detector.egg-info/SOURCES.txt'
writing manifest file '../../../build/people_detector/people_detector.egg-info/SOURCES.txt'
running build
running build_py
creating /home/weimar/pfr/yolov8ros_ws/build/people_detector/build
creating /home/weimar/pfr/yolov8ros_ws/build/people_detector/build/lib
creating /home/weimar/pfr/yolov8ros_ws/build/people_detector/build/lib/people_detector
copying people_detector/__init__.py -> /home/weimar/pfr/yolov8ros_ws/build/people_detector/build/lib/people_detector
copying people_detector/people_detect.py -> /home/weimar/pfr/yolov8ros_ws/build/people_detector/build/lib/people_detector
copying people_detector/video_pub.py -> /home/weimar/pfr/yolov8ros_ws/build/people_detector/build/lib/people_detector
running install
running install_lib
creating /home/weimar/pfr/yolov8ros_ws/install/people_detector/lib/python3.10/site-packages/people_detector
copying /home/weimar/pfr/yolov8ros_ws/build/people_detector/build/lib/people_detector/__init__.py -> /home/weimar/pfr/yolov8ros_ws/install/people_detector/lib/python3.10/site-packages/people_detector
copying /home/weimar/pfr/yolov8ros_ws/build/people_detector/build/lib/people_detector/people_detect.py -> /home/weimar/pfr/yolov8ros_ws/install/people_detector/lib/python3.10/site-packages/people_detector
copying /home/weimar/pfr/yolov8ros_ws/build/people_detector/build/lib/people_detector/video_pub.py -> /home/weimar/pfr/yolov8ros_ws/install/people_detector/lib/python3.10/site-packages/people_detector
byte-compiling /home/weimar/pfr/yolov8ros_ws/install/people_detector/lib/python3.10/site-packages/people_detector/__init__.py to __init__.cpython-310.pyc
byte-compiling /home/weimar/pfr/yolov8ros_ws/install/people_detector/lib/python3.10/site-packages/people_detector/people_detect.py to people_detect.cpython-310.pyc
byte-compiling /home/weimar/pfr/yolov8ros_ws/install/people_detector/lib/python3.10/site-packages/people_detector/video_pub.py to video_pub.cpython-310.pyc
running install_data
creating /home/weimar/pfr/yolov8ros_ws/install/people_detector/share/ament_index
creating /home/weimar/pfr/yolov8ros_ws/install/people_detector/share/ament_index/resource_index
creating /home/weimar/pfr/yolov8ros_ws/install/people_detector/share/ament_index/resource_index/packages
copying resource/people_detector -> /home/weimar/pfr/yolov8ros_ws/install/people_detector/share/ament_index/resource_index/packages
copying package.xml -> /home/weimar/pfr/yolov8ros_ws/install/people_detector/share/people_detector
copying launch/people_detection.py -> /home/weimar/pfr/yolov8ros_ws/install/people_detector/share/people_detector
copying data/yolov8n.pt -> /home/weimar/pfr/yolov8ros_ws/install/people_detector/share/people_detector
copying data/video.mp4 -> /home/weimar/pfr/yolov8ros_ws/install/people_detector/share/people_detector
running install_egg_info
Copying ../../../build/people_detector/people_detector.egg-info to /home/weimar/pfr/yolov8ros_ws/install/people_detector/lib/python3.10/site-packages/people_detector-0.0.0-py3.10.egg-info
running install_scripts
Installing people_detect_subscriber script to /home/weimar/pfr/yolov8ros_ws/install/people_detector/lib/people_detector
Installing video_publisher script to /home/weimar/pfr/yolov8ros_ws/install/people_detector/lib/people_detector
writing list of installed files to '/home/weimar/pfr/yolov8ros_ws/build/people_detector/install.log'
