running develop
/usr/lib/python3/dist-packages/pkg_resources/__init__.py:116: PkgResourcesDeprecationWarning: 1.12.1-git20200711.33e2d80-dfsg1-0.6 is an invalid version and will not be supported in a future release
  warnings.warn(
running egg_info
writing kinect_compressor.egg-info/PKG-INFO
writing dependency_links to kinect_compressor.egg-info/dependency_links.txt
writing entry points to kinect_compressor.egg-info/entry_points.txt
writing requirements to kinect_compressor.egg-info/requires.txt
writing top-level names to kinect_compressor.egg-info/top_level.txt
reading manifest file 'kinect_compressor.egg-info/SOURCES.txt'
writing manifest file 'kinect_compressor.egg-info/SOURCES.txt'
running build_ext
Creating /home/weimar/kinet/otronod_ws/install/kinect_compressor/lib/python3.10/site-packages/kinect-compressor.egg-link (link to .)
Installing depth_to_scan script to /home/weimar/kinet/otronod_ws/install/kinect_compressor/lib/kinect_compressor
Installing fake_odom script to /home/weimar/kinet/otronod_ws/install/kinect_compressor/lib/kinect_compressor
Installing kinect_image script to /home/weimar/kinet/otronod_ws/install/kinect_compressor/lib/kinect_compressor
Installing modo_giro script to /home/weimar/kinet/otronod_ws/install/kinect_compressor/lib/kinect_compressor

Installed /home/weimar/kinet/otronod_ws/build/kinect_compressor
running symlink_data
creating /home/weimar/kinet/otronod_ws/install/kinect_compressor/share/ament_index
error: [Errno 2] No such file or directory: '/home/weimar/kinet/otronod_ws/install/kinect_compressor/share/ament_index/resource_index/packages/kinect_compressor'
creating /home/weimar/kinet/otronod_ws/install/kinect_compressor/share/ament_index/resource_index
creating /home/weimar/kinet/otronod_ws/install/kinect_compressor/share/ament_index/resource_index/packages
