[0.458s] Invoking command in '/home/weimar/kinet/otronod_ws/build/kinect_compressor': PYTHONPATH=/home/weimar/kinet/otronod_ws/build/kinect_compressor/prefix_override:/usr/lib/python3/dist-packages/colcon_core/task/python/colcon_distutils_commands:/home/weimar/kinet/otronod_ws/install/kinect_compressor/lib/python3.10/site-packages:${PYTHONPATH} VIRTUAL_ENV_PROMPT=(venv) /usr/bin/python3 -W ignore:setup.py install is deprecated -W ignore:easy_install command is deprecated setup.py develop --editable --build-directory /home/weimar/kinet/otronod_ws/build/kinect_compressor/build --no-deps symlink_data --force
[0.651s] running develop
[0.708s] /usr/lib/python3/dist-packages/pkg_resources/__init__.py:116: PkgResourcesDeprecationWarning: 1.12.1-git20200711.33e2d80-dfsg1-0.6 is an invalid version and will not be supported in a future release
[0.708s]   warnings.warn(
[0.804s] running egg_info
[0.804s] writing kinect_compressor.egg-info/PKG-INFO
[0.804s] writing dependency_links to kinect_compressor.egg-info/dependency_links.txt
[0.804s] writing entry points to kinect_compressor.egg-info/entry_points.txt
[0.804s] writing requirements to kinect_compressor.egg-info/requires.txt
[0.804s] writing top-level names to kinect_compressor.egg-info/top_level.txt
[0.805s] reading manifest file 'kinect_compressor.egg-info/SOURCES.txt'
[0.806s] writing manifest file 'kinect_compressor.egg-info/SOURCES.txt'
[0.807s] running build_ext
[0.807s] Creating /home/weimar/kinet/otronod_ws/install/kinect_compressor/lib/python3.10/site-packages/kinect-compressor.egg-link (link to .)
[0.808s] Installing depth_to_scan script to /home/weimar/kinet/otronod_ws/install/kinect_compressor/lib/kinect_compressor
[0.808s] Installing fake_odom script to /home/weimar/kinet/otronod_ws/install/kinect_compressor/lib/kinect_compressor
[0.808s] Installing kinect_image script to /home/weimar/kinet/otronod_ws/install/kinect_compressor/lib/kinect_compressor
[0.808s] Installing modo_giro script to /home/weimar/kinet/otronod_ws/install/kinect_compressor/lib/kinect_compressor
[0.808s] 
[0.808s] Installed /home/weimar/kinet/otronod_ws/build/kinect_compressor
[0.808s] running symlink_data
[0.808s] creating /home/weimar/kinet/otronod_ws/install/kinect_compressor/share/ament_index
[0.808s] error: [Errno 2] No such file or directory: '/home/weimar/kinet/otronod_ws/install/kinect_compressor/share/ament_index/resource_index/packages/kinect_compressor'
[0.808s] creating /home/weimar/kinet/otronod_ws/install/kinect_compressor/share/ament_index/resource_index
[0.808s] creating /home/weimar/kinet/otronod_ws/install/kinect_compressor/share/ament_index/resource_index/packages
[0.826s] Invoked command in '/home/weimar/kinet/otronod_ws/build/kinect_compressor' returned '1': PYTHONPATH=/home/weimar/kinet/otronod_ws/build/kinect_compressor/prefix_override:/usr/lib/python3/dist-packages/colcon_core/task/python/colcon_distutils_commands:/home/weimar/kinet/otronod_ws/install/kinect_compressor/lib/python3.10/site-packages:${PYTHONPATH} VIRTUAL_ENV_PROMPT=(venv) /usr/bin/python3 -W ignore:setup.py install is deprecated -W ignore:easy_install command is deprecated setup.py develop --editable --build-directory /home/weimar/kinet/otronod_ws/build/kinect_compressor/build --no-deps symlink_data --force
